[ 2015-12-30T14:47:21+08:00 ] ::1 /edures/
INFO: [ app_init ] --START--
INFO: Run Behavior\BuildLiteBehavior [ RunTime:0.000031s ]
INFO: [ app_init ] --END-- [ RunTime:0.001011s ]
INFO: [ app_begin ] --START--
INFO: Run Behavior\ReadHtmlCacheBehavior [ RunTime:0.001235s ]
INFO: [ app_begin ] --END-- [ RunTime:0.001344s ]
INFO: [ view_parse ] --START--
INFO: Run Behavior\ParseTemplateBehavior [ RunTime:0.000668s ]
INFO: [ view_parse ] --END-- [ RunTime:0.000782s ]
INFO: [ view_filter ] --START--
INFO: Run Behavior\WriteHtmlCacheBehavior [ RunTime:0.000621s ]
INFO: [ view_filter ] --END-- [ RunTime:0.000706s ]
INFO: [ app_end ] --START--
INFO: Run Behavior\ShowPageTraceBehavior [ RunTime:0.001115s ]
INFO: [ app_end ] --END-- [ RunTime:0.001208s ]

[ 2015-12-30T14:48:45+08:00 ] ::1 /edures/index.php/Home/User
INFO: [ app_init ] --START--
INFO: Run Behavior\BuildLiteBehavior [ RunTime:0.000012s ]
INFO: [ app_init ] --END-- [ RunTime:0.000300s ]
INFO: [ app_begin ] --START--
INFO: Run Behavior\ReadHtmlCacheBehavior [ RunTime:0.001610s ]
INFO: [ app_begin ] --END-- [ RunTime:0.001756s ]
ERR: 无法加载控制器:User

[ 2015-12-30T14:49:23+08:00 ] ::1 /edures/index.php/Home/User
INFO: [ app_init ] --START--
INFO: Run Behavior\BuildLiteBehavior [ RunTime:0.000013s ]
INFO: [ app_init ] --END-- [ RunTime:0.000327s ]
INFO: [ app_begin ] --START--
INFO: Run Behavior\ReadHtmlCacheBehavior [ RunTime:0.000452s ]
INFO: [ app_begin ] --END-- [ RunTime:0.000494s ]
INFO: [ app_end ] --START--
INFO: Run Behavior\ShowPageTraceBehavior [ RunTime:0.000430s ]
INFO: [ app_end ] --END-- [ RunTime:0.000469s ]

[ 2015-12-30T14:50:06+08:00 ] ::1 /edures/index.php/Home/User/user
INFO: [ app_init ] --START--
INFO: Run Behavior\BuildLiteBehavior [ RunTime:0.000015s ]
INFO: [ app_init ] --END-- [ RunTime:0.000406s ]
INFO: [ app_begin ] --START--
INFO: Run Behavior\ReadHtmlCacheBehavior [ RunTime:0.000453s ]
INFO: [ app_begin ] --END-- [ RunTime:0.000503s ]
ERR: 参数错误或者未定义:user

[ 2015-12-30T14:50:56+08:00 ] ::1 /edures/index.php/Home/User/user/user/loujie/pwd/hello
INFO: [ app_init ] --START--
INFO: Run Behavior\BuildLiteBehavior [ RunTime:0.000012s ]
INFO: [ app_init ] --END-- [ RunTime:0.000312s ]
INFO: [ app_begin ] --START--
INFO: Run Behavior\ReadHtmlCacheBehavior [ RunTime:0.000776s ]
INFO: [ app_begin ] --END-- [ RunTime:0.000873s ]
INFO: [ app_end ] --START--
INFO: Run Behavior\ShowPageTraceBehavior [ RunTime:0.000545s ]
INFO: [ app_end ] --END-- [ RunTime:0.000647s ]

[ 2015-12-30T15:24:57+08:00 ] ::1 /edures/index.php/Home/User/dbConnection
INFO: [ app_init ] --START--
INFO: Run Behavior\BuildLiteBehavior [ RunTime:0.000018s ]
INFO: [ app_init ] --END-- [ RunTime:0.005981s ]
INFO: [ app_begin ] --START--
INFO: Run Behavior\ReadHtmlCacheBehavior [ RunTime:0.006031s ]
INFO: [ app_begin ] --END-- [ RunTime:0.006091s ]
ERR: 无法加载数据库驱动: Think\Db\Driver\

[ 2015-12-30T15:29:16+08:00 ] ::1 /edures/index.php/Home/User/dbConnection
INFO: [ app_init ] --START--
INFO: Run Behavior\BuildLiteBehavior [ RunTime:0.000013s ]
INFO: [ app_init ] --END-- [ RunTime:0.000354s ]
INFO: [ app_begin ] --START--
INFO: Run Behavior\ReadHtmlCacheBehavior [ RunTime:0.000684s ]
INFO: [ app_begin ] --END-- [ RunTime:0.000756s ]
ERR: 无法加载数据库驱动: Think\Db\Driver\

[ 2015-12-30T15:29:32+08:00 ] ::1 /edures/index.php/Home/User/dbConnection
INFO: [ app_init ] --START--
INFO: Run Behavior\BuildLiteBehavior [ RunTime:0.000012s ]
INFO: [ app_init ] --END-- [ RunTime:0.000304s ]
INFO: [ app_begin ] --START--
INFO: Run Behavior\ReadHtmlCacheBehavior [ RunTime:0.000379s ]
INFO: [ app_begin ] --END-- [ RunTime:0.000422s ]

[ 2015-12-30T15:30:05+08:00 ] ::1 /edures/index.php/Home/User/dbConnection
INFO: [ app_init ] --START--
INFO: Run Behavior\BuildLiteBehavior [ RunTime:0.000016s ]
INFO: [ app_init ] --END-- [ RunTime:0.000377s ]
INFO: [ app_begin ] --START--
INFO: Run Behavior\ReadHtmlCacheBehavior [ RunTime:0.000458s ]
INFO: [ app_begin ] --END-- [ RunTime:0.000511s ]

[ 2015-12-30T15:32:34+08:00 ] ::1 /edures/index.php/Home/User/dbConnection
INFO: [ app_init ] --START--
INFO: Run Behavior\BuildLiteBehavior [ RunTime:0.000013s ]
INFO: [ app_init ] --END-- [ RunTime:0.000329s ]
INFO: [ app_begin ] --START--
INFO: Run Behavior\ReadHtmlCacheBehavior [ RunTime:0.000461s ]
INFO: [ app_begin ] --END-- [ RunTime:0.000505s ]

[ 2015-12-30T15:32:36+08:00 ] ::1 /edures/index.php/Home/User/dbConnection
INFO: [ app_init ] --START--
INFO: Run Behavior\BuildLiteBehavior [ RunTime:0.000015s ]
INFO: [ app_init ] --END-- [ RunTime:0.000356s ]
INFO: [ app_begin ] --START--
INFO: Run Behavior\ReadHtmlCacheBehavior [ RunTime:0.000450s ]
INFO: [ app_begin ] --END-- [ RunTime:0.000499s ]

[ 2015-12-30T15:32:40+08:00 ] ::1 /edures/index.php/Home/User/dbConnection
INFO: [ app_init ] --START--
INFO: Run Behavior\BuildLiteBehavior [ RunTime:0.000015s ]
INFO: [ app_init ] --END-- [ RunTime:0.000367s ]
INFO: [ app_begin ] --START--
INFO: Run Behavior\ReadHtmlCacheBehavior [ RunTime:0.000468s ]
INFO: [ app_begin ] --END-- [ RunTime:0.000521s ]

[ 2015-12-30T15:33:39+08:00 ] ::1 /edures/index.php/Home/User/dbConnection
INFO: [ app_init ] --START--
INFO: Run Behavior\BuildLiteBehavior [ RunTime:0.000014s ]
INFO: [ app_init ] --END-- [ RunTime:0.000414s ]
INFO: [ app_begin ] --START--
INFO: Run Behavior\ReadHtmlCacheBehavior [ RunTime:0.000580s ]
INFO: [ app_begin ] --END-- [ RunTime:0.000632s ]
SQL: SHOW COLUMNS FROM `demo_user` [ RunTime:0.0102s ]
INFO: [ app_end ] --START--
INFO: Run Behavior\ShowPageTraceBehavior [ RunTime:0.009214s ]
INFO: [ app_end ] --END-- [ RunTime:0.009342s ]

[ 2015-12-30T15:33:47+08:00 ] ::1 /edures/index.php/Home/User/dbConnection
INFO: [ app_init ] --START--
INFO: Run Behavior\BuildLiteBehavior [ RunTime:0.000015s ]
INFO: [ app_init ] --END-- [ RunTime:0.000368s ]
INFO: [ app_begin ] --START--
INFO: Run Behavior\ReadHtmlCacheBehavior [ RunTime:0.000404s ]
INFO: [ app_begin ] --END-- [ RunTime:0.000448s ]
SQL: SHOW COLUMNS FROM `demo_user` [ RunTime:0.0094s ]
INFO: [ app_end ] --START--
INFO: Run Behavior\ShowPageTraceBehavior [ RunTime:0.000725s ]
INFO: [ app_end ] --END-- [ RunTime:0.000776s ]

[ 2015-12-30T15:37:39+08:00 ] ::1 /edures/index.php/Home/User/dbConnection
INFO: [ app_init ] --START--
INFO: Run Behavior\BuildLiteBehavior [ RunTime:0.000015s ]
INFO: [ app_init ] --END-- [ RunTime:0.000396s ]
INFO: [ app_begin ] --START--
INFO: Run Behavior\ReadHtmlCacheBehavior [ RunTime:0.000567s ]
INFO: [ app_begin ] --END-- [ RunTime:0.000618s ]
SQL: SHOW COLUMNS FROM `demo_user` [ RunTime:0.0081s ]
SQL: SELECT * FROM `demo_user`  [ RunTime:0.0003s ]
INFO: [ app_end ] --START--
INFO: Run Behavior\ShowPageTraceBehavior [ RunTime:0.000695s ]
INFO: [ app_end ] --END-- [ RunTime:0.000740s ]

[ 2015-12-30T15:50:36+08:00 ] ::1 /edures/index.php/Home/User/dbConnection
INFO: [ app_init ] --START--
INFO: Run Behavior\BuildLiteBehavior [ RunTime:0.000016s ]
INFO: [ app_init ] --END-- [ RunTime:0.000358s ]
INFO: [ app_begin ] --START--
INFO: Run Behavior\ReadHtmlCacheBehavior [ RunTime:0.000633s ]
INFO: [ app_begin ] --END-- [ RunTime:0.000702s ]
ERR: 无法加载数据库驱动: Think\Db\Driver\Pdo

[ 2015-12-30T16:02:04+08:00 ] ::1 /edures/index.php/Home/User/dbConnection
INFO: [ app_init ] --START--
INFO: Run Behavior\BuildLiteBehavior [ RunTime:0.000015s ]
INFO: [ app_init ] --END-- [ RunTime:0.000409s ]
INFO: [ app_begin ] --START--
INFO: Run Behavior\ReadHtmlCacheBehavior [ RunTime:0.000577s ]
INFO: [ app_begin ] --END-- [ RunTime:0.000629s ]
SQL: SHOW COLUMNS FROM `demo_user` [ RunTime:0.0088s ]
SQL: SELECT * FROM `demo_user`  [ RunTime:0.0004s ]
INFO: [ app_end ] --START--
INFO: Run Behavior\ShowPageTraceBehavior [ RunTime:0.000708s ]
INFO: [ app_end ] --END-- [ RunTime:0.000765s ]

[ 2015-12-30T16:04:50+08:00 ] ::1 /edures/index.php/Home/User/dbConnection
INFO: [ app_init ] --START--
INFO: Run Behavior\BuildLiteBehavior [ RunTime:0.000018s ]
INFO: [ app_init ] --END-- [ RunTime:0.000483s ]
INFO: [ app_begin ] --START--
INFO: Run Behavior\ReadHtmlCacheBehavior [ RunTime:0.000589s ]
INFO: [ app_begin ] --END-- [ RunTime:0.000643s ]
ERR: 1146:Table 'edu_res_management.o_user' doesn't exist
 [ SQL语句 ] : SHOW COLUMNS FROM `o_user`
ERR: 1146:Table 'edu_res_management.o_user' doesn't exist
 [ SQL语句 ] : SHOW COLUMNS FROM `o_user`

[ 2015-12-30T16:08:26+08:00 ] ::1 /edures/index.php/Home/User/dbConnection
INFO: [ app_init ] --START--
INFO: Run Behavior\BuildLiteBehavior [ RunTime:0.000015s ]
INFO: [ app_init ] --END-- [ RunTime:0.000483s ]
INFO: [ app_begin ] --START--
INFO: Run Behavior\ReadHtmlCacheBehavior [ RunTime:0.000581s ]
INFO: [ app_begin ] --END-- [ RunTime:0.000632s ]
ERR: 1146:Table 'edu_res_management.o_user' doesn't exist
 [ SQL语句 ] : SHOW COLUMNS FROM `o_user`
ERR: 1146:Table 'edu_res_management.o_user' doesn't exist
 [ SQL语句 ] : SHOW COLUMNS FROM `o_user`

[ 2015-12-30T16:08:53+08:00 ] ::1 /edures/index.php/Home/User/dbConnection
INFO: [ app_init ] --START--
INFO: Run Behavior\BuildLiteBehavior [ RunTime:0.000014s ]
INFO: [ app_init ] --END-- [ RunTime:0.000350s ]
INFO: [ app_begin ] --START--
INFO: Run Behavior\ReadHtmlCacheBehavior [ RunTime:0.000444s ]
INFO: [ app_begin ] --END-- [ RunTime:0.000493s ]
ERR: 1146:Table 'edu_res_management.o_user' doesn't exist
 [ SQL语句 ] : SHOW COLUMNS FROM `o_user`
ERR: 1146:Table 'edu_res_management.o_user' doesn't exist
 [ SQL语句 ] : SHOW COLUMNS FROM `o_user`

[ 2015-12-30T16:10:01+08:00 ] ::1 /edures/index.php/Home/User/dbConnection
ERR: 1146:Table 'edu_res_management.o_user' doesn't exist
 [ SQL语句 ] : SHOW COLUMNS FROM `o_user`

[ 2015-12-30T16:10:47+08:00 ] ::1 /edures/index.php/Home/User/dbConnection
ERR: 1146:Table 'edu_res_management.tp_user' doesn't exist
 [ SQL语句 ] : SHOW COLUMNS FROM `tp_user`

[ 2015-12-30T16:11:44+08:00 ] ::1 /edures/index.php/Home/User/dbConnection
INFO: [ app_init ] --START--
INFO: Run Behavior\BuildLiteBehavior [ RunTime:0.000013s ]
INFO: [ app_init ] --END-- [ RunTime:0.000315s ]
INFO: [ app_begin ] --START--
INFO: Run Behavior\ReadHtmlCacheBehavior [ RunTime:0.000504s ]
INFO: [ app_begin ] --END-- [ RunTime:0.000566s ]
SQL: SHOW COLUMNS FROM `demo_user` [ RunTime:0.0079s ]
SQL: SELECT * FROM `demo_user`  [ RunTime:0.0002s ]
INFO: [ app_end ] --START--
INFO: Run Behavior\ShowPageTraceBehavior [ RunTime:0.000650s ]
INFO: [ app_end ] --END-- [ RunTime:0.000695s ]

[ 2015-12-30T16:37:07+08:00 ] ::1 /edures/index.php/Home/User/dnConnection
ERR: 非法操作:dnConnection

[ 2015-12-30T16:37:48+08:00 ] ::1 /edures/index.php/Home/User/dnConnection
ERR: 非法操作:dnConnection

[ 2015-12-30T16:41:15+08:00 ] ::1 /edures/index.php/Home/User/dnConnection
ERR: 非法操作:dnConnection

[ 2015-12-30T16:41:18+08:00 ] ::1 /edures/index.php/Home/User/dnConnection
ERR: 非法操作:dnConnection

[ 2015-12-30T16:52:26+08:00 ] ::1 /edures/index.php/Home/User/dbConnection
ERR: 非法操作:dbConnection

[ 2015-12-30T16:53:00+08:00 ] ::1 /edures/index.php/Home/User/dbConnection
ERR: 非法操作:dbConnection

[ 2015-12-30T16:55:46+08:00 ] ::1 /edures/index.php/Home/User/dbConnection
ERR: 非法操作:dbConnection

[ 2015-12-30T17:02:28+08:00 ] ::1 /edures/index.php/Home/User/dbConnection
ERR: 1146:Table 'edu_res_management.user' doesn't exist
 [ SQL语句 ] : SHOW COLUMNS FROM `user`

[ 2015-12-30T17:03:11+08:00 ] ::1 /edures/index.php/Home/User/dbConnection
ERR: 1146:Table 'edu_res_management.demo__user' doesn't exist
 [ SQL语句 ] : SHOW COLUMNS FROM `demo__user`

[ 2015-12-30T20:55:56+08:00 ] ::1 /edures/index.php/Home/User/dbconnection
ERR: 1146:Table 'edu_res_management.demo' doesn't exist
 [ SQL语句 ] : SHOW COLUMNS FROM `demo`

[ 2015-12-30T20:56:09+08:00 ] ::1 /edures/index.php/Home/User/dbconnection
ERR: 1103:Incorrect table name ''
 [ SQL语句 ] : SELECT * FROM `` 

[ 2015-12-30T20:59:54+08:00 ] ::1 /edures/index.php/Home/User/dbconnection
ERR: 1146:Table 'edu_res_management.user' doesn't exist
 [ SQL语句 ] : SHOW COLUMNS FROM `user`

[ 2015-12-30T21:00:27+08:00 ] ::1 /edures/index.php/Home/User/dbconnection
ERR: 1146:Table 'edu_res_management.user' doesn't exist
 [ SQL语句 ] : SHOW COLUMNS FROM `user`

[ 2015-12-30T21:00:42+08:00 ] ::1 /edures/index.php/Home/User/dbconnection
ERR: 1146:Table 'edu_res_management.user' doesn't exist
 [ SQL语句 ] : SHOW COLUMNS FROM `user`

[ 2015-12-30T21:03:36+08:00 ] ::1 /edures/index.php/Home/User/dbconnection
ERR: 1146:Table 'edu_res_management.user' doesn't exist
 [ SQL语句 ] : SHOW COLUMNS FROM `user`

[ 2015-12-30T21:03:39+08:00 ] ::1 /edures/index.php/Home/User/dbconnection
ERR: 1146:Table 'edu_res_management.user' doesn't exist
 [ SQL语句 ] : SHOW COLUMNS FROM `user`

[ 2015-12-30T21:03:40+08:00 ] ::1 /edures/index.php/Home/User/dbconnection
ERR: 1146:Table 'edu_res_management.user' doesn't exist
 [ SQL语句 ] : SHOW COLUMNS FROM `user`

[ 2015-12-30T21:03:57+08:00 ] ::1 /edures/index.php/Home/User/dbconnection
ERR: 1146:Table 'edu_res_management.user' doesn't exist
 [ SQL语句 ] : SHOW COLUMNS FROM `user`

[ 2015-12-30T22:31:18+08:00 ] ::1 /edures/index.php/Home/User/index
ERR: 模板不存在:./APP/Home/View/User/index.html

[ 2015-12-30T22:33:05+08:00 ] ::1 /edures/
ERR: 模板不存在:./APP/Home/View/Index/index.html

[ 2015-12-30T22:44:07+08:00 ] ::1 /edures/index.php/Home/Index/upload
ERR: 非法操作:upload

