[ 2016-01-18T10:23:17+08:00 ] ::1 /eduresPro/index.php/Home/Index/js/tab.js
ERR: 非法操作:js

[ 2016-01-18T10:25:39+08:00 ] ::1 /eduresPro/index.php/Home/Index/img_upload
INFO: [ app_begin ] --START--
INFO: Run Behavior\ReadHtmlCacheBehavior [ RunTime:0.001162s ]
INFO: [ app_begin ] --END-- [ RunTime:0.001773s ]
SQL: SHOW COLUMNS FROM `t_userinfo` [ RunTime:0.0088s ]
SQL: SELECT `userID` FROM `t_userinfo` WHERE `userName` = '娄杰' LIMIT 1   [ RunTime:0.0003s ]
SQL: SELECT `imagePath` FROM `t_userinfo` WHERE `userName` = '娄杰' LIMIT 1   [ RunTime:0.0001s ]
INFO: [ app_end ] --START--
INFO: Run Behavior\ShowPageTraceBehavior [ RunTime:0.000497s ]
INFO: [ app_end ] --END-- [ RunTime:0.000557s ]

[ 2016-01-18T10:25:52+08:00 ] ::1 /eduresPro/index.php/Home/Index/img_upload
INFO: [ app_begin ] --START--
INFO: Run Behavior\ReadHtmlCacheBehavior [ RunTime:0.000526s ]
INFO: [ app_begin ] --END-- [ RunTime:0.000853s ]
SQL: SHOW COLUMNS FROM `t_userinfo` [ RunTime:0.0133s ]
SQL: SELECT `userID` FROM `t_userinfo` WHERE `userName` = '娄杰' LIMIT 1   [ RunTime:0.0003s ]
SQL: SELECT `imagePath` FROM `t_userinfo` WHERE `userName` = '娄杰' LIMIT 1   [ RunTime:0.0002s ]
NOTIC: [2] call_user_func() expects parameter 1 to be a valid callback, no array or string given E:\PHP\httpd-2.4.18-win64-VC14\Apache24\htdocs\eduresPro\ThinkPHP\Library\Think\Upload.class.php 第 170 行.
SQL: UPDATE `t_userinfo` SET `imagePath`='Uploads/images/userImg/img_21453083951.jpg' WHERE `userName` = '娄杰' [ RunTime:0.0823s ]
INFO: [ app_end ] --START--
INFO: Run Behavior\ShowPageTraceBehavior [ RunTime:0.001548s ]
INFO: [ app_end ] --END-- [ RunTime:0.001668s ]

[ 2016-01-18T10:29:19+08:00 ] ::1 /eduresPro/index.php/Home/Index/js/tab.js
ERR: 非法操作:js

[ 2016-01-18T10:29:20+08:00 ] ::1 /eduresPro/index.php/Home/Index/js/tab.js
ERR: 非法操作:js

[ 2016-01-18T10:31:42+08:00 ] ::1 /eduresPro/index.php/Home/Index/js/tab.js
ERR: 非法操作:js

[ 2016-01-18T10:31:42+08:00 ] ::1 /eduresPro/index.php/Home/Index/js/tab.js
ERR: 非法操作:js

[ 2016-01-18T10:32:25+08:00 ] ::1 /eduresPro/index.php/Home/Index/js/tab.js
ERR: 非法操作:js

[ 2016-01-18T10:33:45+08:00 ] ::1 /eduresPro/index.php/Home/Index/js/tab.js
ERR: 非法操作:js

[ 2016-01-18T10:33:54+08:00 ] ::1 /eduresPro/index.php/Home/Index/js/tab.js
ERR: 非法操作:js

[ 2016-01-18T10:36:37+08:00 ] ::1 /eduresPro/index.php/Home/Index/js/tab.js
ERR: 非法操作:js

[ 2016-01-18T10:36:49+08:00 ] ::1 /eduresPro/index.php/Home/Index/js/tab.js
ERR: 非法操作:js

[ 2016-01-18T10:40:34+08:00 ] ::1 /eduresPro/index.php/Home/Index/js/tab.js
ERR: 非法操作:js

[ 2016-01-18T10:41:29+08:00 ] ::1 /eduresPro/index.php/Home/Index/js/tab.js
ERR: 非法操作:js

[ 2016-01-18T10:43:14+08:00 ] ::1 /eduresPro/index.php/Home/Index/js/tab.js
ERR: 非法操作:js

[ 2016-01-18T10:54:16+08:00 ] ::1 /eduresPro/index.php/Home/Index/js/tab.js
ERR: 非法操作:js

[ 2016-01-18T10:56:06+08:00 ] ::1 /eduresPro/index.php/Home/Index/js/tab.js
ERR: 非法操作:js

[ 2016-01-18T10:56:49+08:00 ] ::1 /eduresPro/index.php/Home/Index/js/tab.js
ERR: 非法操作:js

[ 2016-01-18T14:23:40+08:00 ] ::1 /eduresPro/index.php/Home/Index/js/tab.js
ERR: 非法操作:js

[ 2016-01-18T14:25:00+08:00 ] ::1 /eduresPro/index.php/Home/Index/js/tab.js
ERR: 非法操作:js

