[ 2016-05-04T14:28:41+08:00 ] ::1 /eduresPro/index.php/Home/Index/images/video.mp4
ERR: 非法操作:images

[ 2016-05-04T14:28:41+08:00 ] ::1 /eduresPro/index.php/Home/Index/getCourseName
INFO: [ app_begin ] --START--
INFO: Run Behavior\ReadHtmlCacheBehavior [ RunTime:0.000663s ]
INFO: [ app_begin ] --END-- [ RunTime:0.001035s ]
SQL: SHOW COLUMNS FROM `t_course` [ RunTime:0.0120s ]
SQL: SELECT DISTINCT  `courseID`,`courseName` FROM `t_course`  [ RunTime:0.0003s ]
INFO: [ app_end ] --START--
INFO: Run Behavior\ShowPageTraceBehavior [ RunTime:0.000867s ]
INFO: [ app_end ] --END-- [ RunTime:0.000918s ]

[ 2016-05-04T14:28:41+08:00 ] ::1 /eduresPro/index.php/Home/Index/images/video.mp4
ERR: 非法操作:images

[ 2016-05-04T14:39:29+08:00 ] ::1 /eduresPro/index.php/Home/Index/images/video.mp4
ERR: 非法操作:images

[ 2016-05-04T14:39:30+08:00 ] ::1 /eduresPro/index.php/Home/Index/getCourseName
INFO: [ app_begin ] --START--
INFO: Run Behavior\ReadHtmlCacheBehavior [ RunTime:0.000644s ]
INFO: [ app_begin ] --END-- [ RunTime:0.001101s ]
SQL: SHOW COLUMNS FROM `t_course` [ RunTime:0.0099s ]
SQL: SELECT DISTINCT  `courseID`,`courseName` FROM `t_course`  [ RunTime:0.0004s ]
INFO: [ app_end ] --START--
INFO: Run Behavior\ShowPageTraceBehavior [ RunTime:0.000824s ]
INFO: [ app_end ] --END-- [ RunTime:0.000876s ]

[ 2016-05-04T14:39:30+08:00 ] ::1 /eduresPro/index.php/Home/Index/images/video.mp4
ERR: 非法操作:images

[ 2016-05-04T14:58:41+08:00 ] ::1 /eduresPro/index.php/Home/Index/demo
ERR: 1064:You have an error in your SQL syntax; check the manual that corresponds to your MySQL server version for the right syntax to use near '$id )' at line 1
 [ SQL语句 ] : SELECT * FROM `t_resource` WHERE ( courseID in $id ) 

[ 2016-05-04T14:59:07+08:00 ] ::1 /eduresPro/index.php/Home/Index/demo
ERR: 1064:You have an error in your SQL syntax; check the manual that corresponds to your MySQL server version for the right syntax to use near 'inArray )' at line 1
 [ SQL语句 ] : SELECT * FROM `t_resource` WHERE ( courseID inArray ) 

[ 2016-05-04T15:08:25+08:00 ] ::1 /eduresPro/index.php/Home/Index/demo
ERR: 1064:You have an error in your SQL syntax; check the manual that corresponds to your MySQL server version for the right syntax to use near 'where (userID=2) group by courseID))' at line 1
 [ SQL语句 ] : select * from t_resource where(courseID in (select courseID where (userID=2) group by courseID))

[ 2016-05-04T15:11:30+08:00 ] ::1 /eduresPro/index.php/Home/Index/demo
ERR: 1064:You have an error in your SQL syntax; check the manual that corresponds to your MySQL server version for the right syntax to use near 'where userID=2 group by courseID)' at line 1
 [ SQL语句 ] : select * from t_resource where courseID in (select courseID where userID=2 group by courseID)

[ 2016-05-04T15:45:24+08:00 ] ::1 /eduresPro/index.php/Home/Index/images/video.mp4
ERR: 非法操作:images

[ 2016-05-04T15:45:25+08:00 ] ::1 /eduresPro/index.php/Home/Index/getCourseName
INFO: [ app_begin ] --START--
INFO: Run Behavior\ReadHtmlCacheBehavior [ RunTime:0.000848s ]
INFO: [ app_begin ] --END-- [ RunTime:0.001517s ]
SQL: SHOW COLUMNS FROM `t_course` [ RunTime:0.0340s ]
SQL: SELECT DISTINCT  `courseID`,`courseName` FROM `t_course`  [ RunTime:0.0003s ]
INFO: [ app_end ] --START--
INFO: Run Behavior\ShowPageTraceBehavior [ RunTime:0.000815s ]
INFO: [ app_end ] --END-- [ RunTime:0.000878s ]

[ 2016-05-04T15:45:25+08:00 ] ::1 /eduresPro/index.php/Home/Index/images/video.mp4
ERR: 非法操作:images

[ 2016-05-04T16:14:13+08:00 ] ::1 /eduresPro/index.php/Home/Index/demo
ERR: Think\Model:gruop方法不存在！

[ 2016-05-04T16:50:23+08:00 ] ::1 /eduresPro/index.php/Home/Index/images/video.mp4
ERR: 非法操作:images

[ 2016-05-04T16:50:23+08:00 ] ::1 /eduresPro/index.php/Home/Index/getCourseName
INFO: [ app_begin ] --START--
INFO: Run Behavior\ReadHtmlCacheBehavior [ RunTime:0.000674s ]
INFO: [ app_begin ] --END-- [ RunTime:0.001098s ]
SQL: SHOW COLUMNS FROM `t_course` [ RunTime:0.0389s ]
SQL: SELECT DISTINCT  `courseID`,`courseName` FROM `t_course`  [ RunTime:0.0003s ]
INFO: [ app_end ] --START--
INFO: Run Behavior\ShowPageTraceBehavior [ RunTime:0.000942s ]
INFO: [ app_end ] --END-- [ RunTime:0.001038s ]

[ 2016-05-04T16:50:23+08:00 ] ::1 /eduresPro/index.php/Home/Index/images/video.mp4
ERR: 非法操作:images

[ 2016-05-04T17:07:10+08:00 ] ::1 /eduresPro/index.php/Home/Index/images/video.mp4
ERR: 非法操作:images

[ 2016-05-04T17:07:10+08:00 ] ::1 /eduresPro/index.php/Home/Index/getCourseName
INFO: [ app_begin ] --START--
INFO: Run Behavior\ReadHtmlCacheBehavior [ RunTime:0.000615s ]
INFO: [ app_begin ] --END-- [ RunTime:0.000953s ]
SQL: SHOW COLUMNS FROM `t_course` [ RunTime:0.0117s ]
SQL: SELECT DISTINCT  `courseID`,`courseName` FROM `t_course`  [ RunTime:0.0003s ]
INFO: [ app_end ] --START--
INFO: Run Behavior\ShowPageTraceBehavior [ RunTime:0.000880s ]
INFO: [ app_end ] --END-- [ RunTime:0.000929s ]

[ 2016-05-04T17:07:10+08:00 ] ::1 /eduresPro/index.php/Home/Index/images/video.mp4
ERR: 非法操作:images

[ 2016-05-04T17:07:37+08:00 ] ::1 /eduresPro/index.php/Home/Index/images/video.mp4
ERR: 非法操作:images

[ 2016-05-04T17:07:37+08:00 ] ::1 /eduresPro/index.php/Home/Index/getCourseName
INFO: [ app_begin ] --START--
INFO: Run Behavior\ReadHtmlCacheBehavior [ RunTime:0.000985s ]
INFO: [ app_begin ] --END-- [ RunTime:0.001664s ]
SQL: SHOW COLUMNS FROM `t_course` [ RunTime:0.0084s ]
SQL: SELECT DISTINCT  `courseID`,`courseName` FROM `t_course`  [ RunTime:0.0003s ]
INFO: [ app_end ] --START--
INFO: Run Behavior\ShowPageTraceBehavior [ RunTime:0.000813s ]
INFO: [ app_end ] --END-- [ RunTime:0.000867s ]

[ 2016-05-04T17:07:37+08:00 ] ::1 /eduresPro/index.php/Home/Index/images/video.mp4
ERR: 非法操作:images

[ 2016-05-04T17:08:25+08:00 ] ::1 /eduresPro/index.php/Home/Index/images/video.mp4
ERR: 非法操作:images

[ 2016-05-04T17:08:26+08:00 ] ::1 /eduresPro/index.php/Home/Index/getCourseName
INFO: [ app_begin ] --START--
INFO: Run Behavior\ReadHtmlCacheBehavior [ RunTime:0.000636s ]
INFO: [ app_begin ] --END-- [ RunTime:0.000972s ]
SQL: SHOW COLUMNS FROM `t_course` [ RunTime:0.0101s ]
SQL: SELECT DISTINCT  `courseID`,`courseName` FROM `t_course`  [ RunTime:0.0003s ]
INFO: [ app_end ] --START--
INFO: Run Behavior\ShowPageTraceBehavior [ RunTime:0.000854s ]
INFO: [ app_end ] --END-- [ RunTime:0.000907s ]

[ 2016-05-04T17:08:26+08:00 ] ::1 /eduresPro/index.php/Home/Index/images/video.mp4
ERR: 非法操作:images

[ 2016-05-04T17:10:12+08:00 ] ::1 /eduresPro/index.php/Home/Index/images/video.mp4
ERR: 非法操作:images

[ 2016-05-04T17:10:12+08:00 ] ::1 /eduresPro/index.php/Home/Index/getCourseName
INFO: [ app_begin ] --START--
INFO: Run Behavior\ReadHtmlCacheBehavior [ RunTime:0.000621s ]
INFO: [ app_begin ] --END-- [ RunTime:0.000970s ]
SQL: SHOW COLUMNS FROM `t_course` [ RunTime:0.0081s ]
SQL: SELECT DISTINCT  `courseID`,`courseName` FROM `t_course`  [ RunTime:0.0003s ]
INFO: [ app_end ] --START--
INFO: Run Behavior\ShowPageTraceBehavior [ RunTime:0.000821s ]
INFO: [ app_end ] --END-- [ RunTime:0.000875s ]

[ 2016-05-04T17:10:12+08:00 ] ::1 /eduresPro/index.php/Home/Index/images/video.mp4
ERR: 非法操作:images

[ 2016-05-04T17:13:11+08:00 ] ::1 /eduresPro/index.php/Home/Index/images/video.mp4
ERR: 非法操作:images

[ 2016-05-04T17:13:11+08:00 ] ::1 /eduresPro/index.php/Home/Index/getCourseName
INFO: [ app_begin ] --START--
INFO: Run Behavior\ReadHtmlCacheBehavior [ RunTime:0.000643s ]
INFO: [ app_begin ] --END-- [ RunTime:0.000973s ]
SQL: SHOW COLUMNS FROM `t_course` [ RunTime:0.0080s ]
SQL: SELECT DISTINCT  `courseID`,`courseName` FROM `t_course`  [ RunTime:0.0003s ]
INFO: [ app_end ] --START--
INFO: Run Behavior\ShowPageTraceBehavior [ RunTime:0.000853s ]
INFO: [ app_end ] --END-- [ RunTime:0.000904s ]

[ 2016-05-04T17:13:11+08:00 ] ::1 /eduresPro/index.php/Home/Index/images/video.mp4
ERR: 非法操作:images

[ 2016-05-04T17:14:10+08:00 ] ::1 /eduresPro/index.php/Home/Index/images/video.mp4
ERR: 非法操作:images

[ 2016-05-04T17:14:10+08:00 ] ::1 /eduresPro/index.php/Home/Index/getCourseName
INFO: [ app_begin ] --START--
INFO: Run Behavior\ReadHtmlCacheBehavior [ RunTime:0.000749s ]
INFO: [ app_begin ] --END-- [ RunTime:0.001111s ]
SQL: SHOW COLUMNS FROM `t_course` [ RunTime:0.0103s ]
SQL: SELECT DISTINCT  `courseID`,`courseName` FROM `t_course`  [ RunTime:0.0003s ]
INFO: [ app_end ] --START--
INFO: Run Behavior\ShowPageTraceBehavior [ RunTime:0.000741s ]
INFO: [ app_end ] --END-- [ RunTime:0.000802s ]

[ 2016-05-04T17:14:10+08:00 ] ::1 /eduresPro/index.php/Home/Index/images/video.mp4
ERR: 非法操作:images

[ 2016-05-04T17:14:12+08:00 ] ::1 /eduresPro/index.php/Home/Index/images/video.mp4
ERR: 非法操作:images

[ 2016-05-04T17:14:12+08:00 ] ::1 /eduresPro/index.php/Home/Index/getCourseName
INFO: [ app_begin ] --START--
INFO: Run Behavior\ReadHtmlCacheBehavior [ RunTime:0.000616s ]
INFO: [ app_begin ] --END-- [ RunTime:0.000999s ]
SQL: SHOW COLUMNS FROM `t_course` [ RunTime:0.0078s ]
SQL: SELECT DISTINCT  `courseID`,`courseName` FROM `t_course`  [ RunTime:0.0003s ]
INFO: [ app_end ] --START--
INFO: Run Behavior\ShowPageTraceBehavior [ RunTime:0.000753s ]
INFO: [ app_end ] --END-- [ RunTime:0.000811s ]

[ 2016-05-04T17:14:12+08:00 ] ::1 /eduresPro/index.php/Home/Index/images/video.mp4
ERR: 非法操作:images

[ 2016-05-04T17:14:15+08:00 ] ::1 /eduresPro/index.php/Home/Index/images/video.mp4
ERR: 非法操作:images

[ 2016-05-04T17:14:15+08:00 ] ::1 /eduresPro/index.php/Home/Index/getCourseName
INFO: [ app_begin ] --START--
INFO: Run Behavior\ReadHtmlCacheBehavior [ RunTime:0.000572s ]
INFO: [ app_begin ] --END-- [ RunTime:0.000917s ]
SQL: SHOW COLUMNS FROM `t_course` [ RunTime:0.0099s ]
SQL: SELECT DISTINCT  `courseID`,`courseName` FROM `t_course`  [ RunTime:0.0003s ]
INFO: [ app_end ] --START--
INFO: Run Behavior\ShowPageTraceBehavior [ RunTime:0.000749s ]
INFO: [ app_end ] --END-- [ RunTime:0.000802s ]

[ 2016-05-04T17:14:15+08:00 ] ::1 /eduresPro/index.php/Home/Index/images/video.mp4
ERR: 非法操作:images

[ 2016-05-04T17:14:17+08:00 ] ::1 /eduresPro/index.php/Home/Index/images/video.mp4
ERR: 非法操作:images

[ 2016-05-04T17:14:17+08:00 ] ::1 /eduresPro/index.php/Home/Index/getCourseName
INFO: [ app_begin ] --START--
INFO: Run Behavior\ReadHtmlCacheBehavior [ RunTime:0.000584s ]
INFO: [ app_begin ] --END-- [ RunTime:0.000933s ]
SQL: SHOW COLUMNS FROM `t_course` [ RunTime:0.0111s ]
SQL: SELECT DISTINCT  `courseID`,`courseName` FROM `t_course`  [ RunTime:0.0003s ]
INFO: [ app_end ] --START--
INFO: Run Behavior\ShowPageTraceBehavior [ RunTime:0.000725s ]
INFO: [ app_end ] --END-- [ RunTime:0.000775s ]

[ 2016-05-04T17:14:17+08:00 ] ::1 /eduresPro/index.php/Home/Index/images/video.mp4
ERR: 非法操作:images

[ 2016-05-04T17:15:41+08:00 ] ::1 /eduresPro/index.php/Home/Index/images/video.mp4
ERR: 非法操作:images

[ 2016-05-04T17:15:41+08:00 ] ::1 /eduresPro/index.php/Home/Index/getCourseName
INFO: [ app_begin ] --START--
INFO: Run Behavior\ReadHtmlCacheBehavior [ RunTime:0.000574s ]
INFO: [ app_begin ] --END-- [ RunTime:0.000916s ]
SQL: SHOW COLUMNS FROM `t_course` [ RunTime:0.0084s ]
SQL: SELECT DISTINCT  `courseID`,`courseName` FROM `t_course`  [ RunTime:0.0003s ]
INFO: [ app_end ] --START--
INFO: Run Behavior\ShowPageTraceBehavior [ RunTime:0.001180s ]
INFO: [ app_end ] --END-- [ RunTime:0.001278s ]

[ 2016-05-04T17:15:42+08:00 ] ::1 /eduresPro/index.php/Home/Index/images/video.mp4
ERR: 非法操作:images

[ 2016-05-04T17:15:43+08:00 ] ::1 /eduresPro/index.php/Home/Index/images/video.mp4
ERR: 非法操作:images

[ 2016-05-04T17:15:44+08:00 ] ::1 /eduresPro/index.php/Home/Index/getCourseName
INFO: [ app_begin ] --START--
INFO: Run Behavior\ReadHtmlCacheBehavior [ RunTime:0.000556s ]
INFO: [ app_begin ] --END-- [ RunTime:0.000878s ]
SQL: SHOW COLUMNS FROM `t_course` [ RunTime:0.0099s ]
SQL: SELECT DISTINCT  `courseID`,`courseName` FROM `t_course`  [ RunTime:0.0002s ]
INFO: [ app_end ] --START--
INFO: Run Behavior\ShowPageTraceBehavior [ RunTime:0.000785s ]
INFO: [ app_end ] --END-- [ RunTime:0.000838s ]

[ 2016-05-04T17:15:44+08:00 ] ::1 /eduresPro/index.php/Home/Index/images/video.mp4
ERR: 非法操作:images

[ 2016-05-04T17:15:46+08:00 ] ::1 /eduresPro/index.php/Home/Index/images/video.mp4
ERR: 非法操作:images

[ 2016-05-04T17:15:46+08:00 ] ::1 /eduresPro/index.php/Home/Index/getCourseName
INFO: [ app_begin ] --START--
INFO: Run Behavior\ReadHtmlCacheBehavior [ RunTime:0.000619s ]
INFO: [ app_begin ] --END-- [ RunTime:0.000971s ]
SQL: SHOW COLUMNS FROM `t_course` [ RunTime:0.0091s ]
SQL: SELECT DISTINCT  `courseID`,`courseName` FROM `t_course`  [ RunTime:0.0003s ]
INFO: [ app_end ] --START--
INFO: Run Behavior\ShowPageTraceBehavior [ RunTime:0.000801s ]
INFO: [ app_end ] --END-- [ RunTime:0.000856s ]

[ 2016-05-04T17:15:46+08:00 ] ::1 /eduresPro/index.php/Home/Index/images/video.mp4
ERR: 非法操作:images

[ 2016-05-04T17:15:48+08:00 ] ::1 /eduresPro/index.php/Home/Index/images/video.mp4
ERR: 非法操作:images

[ 2016-05-04T17:15:48+08:00 ] ::1 /eduresPro/index.php/Home/Index/getCourseName
INFO: [ app_begin ] --START--
INFO: Run Behavior\ReadHtmlCacheBehavior [ RunTime:0.000655s ]
INFO: [ app_begin ] --END-- [ RunTime:0.000996s ]
SQL: SHOW COLUMNS FROM `t_course` [ RunTime:0.0274s ]
SQL: SELECT DISTINCT  `courseID`,`courseName` FROM `t_course`  [ RunTime:0.0003s ]
INFO: [ app_end ] --START--
INFO: Run Behavior\ShowPageTraceBehavior [ RunTime:0.000993s ]
INFO: [ app_end ] --END-- [ RunTime:0.001056s ]

[ 2016-05-04T17:15:48+08:00 ] ::1 /eduresPro/index.php/Home/Index/images/video.mp4
ERR: 非法操作:images

[ 2016-05-04T17:15:50+08:00 ] ::1 /eduresPro/index.php/Home/Index/images/video.mp4
ERR: 非法操作:images

[ 2016-05-04T17:15:50+08:00 ] ::1 /eduresPro/index.php/Home/Index/getCourseName
INFO: [ app_begin ] --START--
INFO: Run Behavior\ReadHtmlCacheBehavior [ RunTime:0.000657s ]
INFO: [ app_begin ] --END-- [ RunTime:0.001042s ]
SQL: SHOW COLUMNS FROM `t_course` [ RunTime:0.0085s ]
SQL: SELECT DISTINCT  `courseID`,`courseName` FROM `t_course`  [ RunTime:0.0003s ]
INFO: [ app_end ] --START--
INFO: Run Behavior\ShowPageTraceBehavior [ RunTime:0.000820s ]
INFO: [ app_end ] --END-- [ RunTime:0.000878s ]

[ 2016-05-04T17:15:50+08:00 ] ::1 /eduresPro/index.php/Home/Index/images/video.mp4
ERR: 非法操作:images

[ 2016-05-04T17:21:16+08:00 ] ::1 /eduresPro/index.php/Home/Index/images/video.mp4
ERR: 非法操作:images

[ 2016-05-04T17:21:16+08:00 ] ::1 /eduresPro/index.php/Home/Index/getCourseName
INFO: [ app_begin ] --START--
INFO: Run Behavior\ReadHtmlCacheBehavior [ RunTime:0.000672s ]
INFO: [ app_begin ] --END-- [ RunTime:0.001016s ]
SQL: SHOW COLUMNS FROM `t_course` [ RunTime:0.0110s ]
SQL: SELECT DISTINCT  `courseID`,`courseName` FROM `t_course`  [ RunTime:0.0003s ]
INFO: [ app_end ] --START--
INFO: Run Behavior\ShowPageTraceBehavior [ RunTime:0.000934s ]
INFO: [ app_end ] --END-- [ RunTime:0.000985s ]

[ 2016-05-04T17:21:16+08:00 ] ::1 /eduresPro/index.php/Home/Index/images/video.mp4
ERR: 非法操作:images

[ 2016-05-04T17:21:19+08:00 ] ::1 /eduresPro/index.php/Home/Index/images/video.mp4
ERR: 非法操作:images

[ 2016-05-04T17:21:19+08:00 ] ::1 /eduresPro/index.php/Home/Index/getCourseName
INFO: [ app_begin ] --START--
INFO: Run Behavior\ReadHtmlCacheBehavior [ RunTime:0.000616s ]
INFO: [ app_begin ] --END-- [ RunTime:0.000956s ]
SQL: SHOW COLUMNS FROM `t_course` [ RunTime:0.0100s ]
SQL: SELECT DISTINCT  `courseID`,`courseName` FROM `t_course`  [ RunTime:0.0003s ]
INFO: [ app_end ] --START--
INFO: Run Behavior\ShowPageTraceBehavior [ RunTime:0.000858s ]
INFO: [ app_end ] --END-- [ RunTime:0.000908s ]

[ 2016-05-04T17:21:19+08:00 ] ::1 /eduresPro/index.php/Home/Index/images/video.mp4
ERR: 非法操作:images

[ 2016-05-04T17:21:21+08:00 ] ::1 /eduresPro/index.php/Home/Index/images/video.mp4
ERR: 非法操作:images

[ 2016-05-04T17:21:21+08:00 ] ::1 /eduresPro/index.php/Home/Index/getCourseName
INFO: [ app_begin ] --START--
INFO: Run Behavior\ReadHtmlCacheBehavior [ RunTime:0.000631s ]
INFO: [ app_begin ] --END-- [ RunTime:0.000962s ]
SQL: SHOW COLUMNS FROM `t_course` [ RunTime:0.0589s ]
SQL: SELECT DISTINCT  `courseID`,`courseName` FROM `t_course`  [ RunTime:0.0003s ]
INFO: [ app_end ] --START--
INFO: Run Behavior\ShowPageTraceBehavior [ RunTime:0.000909s ]
INFO: [ app_end ] --END-- [ RunTime:0.000965s ]

[ 2016-05-04T17:21:21+08:00 ] ::1 /eduresPro/index.php/Home/Index/images/video.mp4
ERR: 非法操作:images

[ 2016-05-04T17:21:30+08:00 ] ::1 /eduresPro/index.php/Home/Index/images/video.mp4
ERR: 非法操作:images

[ 2016-05-04T17:21:31+08:00 ] ::1 /eduresPro/index.php/Home/Index/getCourseName
INFO: [ app_begin ] --START--
INFO: Run Behavior\ReadHtmlCacheBehavior [ RunTime:0.000631s ]
INFO: [ app_begin ] --END-- [ RunTime:0.000998s ]
SQL: SHOW COLUMNS FROM `t_course` [ RunTime:0.0101s ]
SQL: SELECT DISTINCT  `courseID`,`courseName` FROM `t_course`  [ RunTime:0.0003s ]
INFO: [ app_end ] --START--
INFO: Run Behavior\ShowPageTraceBehavior [ RunTime:0.000877s ]
INFO: [ app_end ] --END-- [ RunTime:0.000936s ]

[ 2016-05-04T17:21:31+08:00 ] ::1 /eduresPro/index.php/Home/Index/images/video.mp4
ERR: 非法操作:images

[ 2016-05-04T17:23:00+08:00 ] ::1 /eduresPro/index.php/Home/Index/images/video.mp4
ERR: 非法操作:images

[ 2016-05-04T17:23:01+08:00 ] ::1 /eduresPro/index.php/Home/Index/getCourseName
INFO: [ app_begin ] --START--
INFO: Run Behavior\ReadHtmlCacheBehavior [ RunTime:0.000629s ]
INFO: [ app_begin ] --END-- [ RunTime:0.000964s ]
SQL: SHOW COLUMNS FROM `t_course` [ RunTime:0.0277s ]
SQL: SELECT DISTINCT  `courseID`,`courseName` FROM `t_course`  [ RunTime:0.0005s ]
INFO: [ app_end ] --START--
INFO: Run Behavior\ShowPageTraceBehavior [ RunTime:0.001025s ]
INFO: [ app_end ] --END-- [ RunTime:0.001092s ]

[ 2016-05-04T17:23:01+08:00 ] ::1 /eduresPro/index.php/Home/Index/images/video.mp4
ERR: 非法操作:images

[ 2016-05-04T17:23:04+08:00 ] ::1 /eduresPro/index.php/Home/Index/images/video.mp4
ERR: 非法操作:images

[ 2016-05-04T17:23:04+08:00 ] ::1 /eduresPro/index.php/Home/Index/getCourseName
INFO: [ app_begin ] --START--
INFO: Run Behavior\ReadHtmlCacheBehavior [ RunTime:0.000671s ]
INFO: [ app_begin ] --END-- [ RunTime:0.001044s ]
SQL: SHOW COLUMNS FROM `t_course` [ RunTime:0.0079s ]
SQL: SELECT DISTINCT  `courseID`,`courseName` FROM `t_course`  [ RunTime:0.0002s ]
INFO: [ app_end ] --START--
INFO: Run Behavior\ShowPageTraceBehavior [ RunTime:0.000824s ]
INFO: [ app_end ] --END-- [ RunTime:0.000874s ]

[ 2016-05-04T17:23:04+08:00 ] ::1 /eduresPro/index.php/Home/Index/images/video.mp4
ERR: 非法操作:images

[ 2016-05-04T17:23:06+08:00 ] ::1 /eduresPro/index.php/Home/Index/images/video.mp4
ERR: 非法操作:images

[ 2016-05-04T17:23:07+08:00 ] ::1 /eduresPro/index.php/Home/Index/getCourseName
INFO: [ app_begin ] --START--
INFO: Run Behavior\ReadHtmlCacheBehavior [ RunTime:0.000639s ]
INFO: [ app_begin ] --END-- [ RunTime:0.001077s ]
SQL: SHOW COLUMNS FROM `t_course` [ RunTime:0.0283s ]
SQL: SELECT DISTINCT  `courseID`,`courseName` FROM `t_course`  [ RunTime:0.0003s ]
INFO: [ app_end ] --START--
INFO: Run Behavior\ShowPageTraceBehavior [ RunTime:0.000898s ]
INFO: [ app_end ] --END-- [ RunTime:0.000946s ]

[ 2016-05-04T17:23:07+08:00 ] ::1 /eduresPro/index.php/Home/Index/images/video.mp4
ERR: 非法操作:images

[ 2016-05-04T17:23:15+08:00 ] ::1 /eduresPro/index.php/Home/Index/images/video.mp4
ERR: 非法操作:images

[ 2016-05-04T17:23:15+08:00 ] ::1 /eduresPro/index.php/Home/Index/getCourseName
INFO: [ app_begin ] --START--
INFO: Run Behavior\ReadHtmlCacheBehavior [ RunTime:0.000738s ]
INFO: [ app_begin ] --END-- [ RunTime:0.001270s ]
SQL: SHOW COLUMNS FROM `t_course` [ RunTime:0.0105s ]
SQL: SELECT DISTINCT  `courseID`,`courseName` FROM `t_course`  [ RunTime:0.0003s ]
INFO: [ app_end ] --START--
INFO: Run Behavior\ShowPageTraceBehavior [ RunTime:0.000999s ]
INFO: [ app_end ] --END-- [ RunTime:0.001058s ]

[ 2016-05-04T17:23:15+08:00 ] ::1 /eduresPro/index.php/Home/Index/images/video.mp4
ERR: 非法操作:images

[ 2016-05-04T17:23:47+08:00 ] ::1 /eduresPro/index.php/Home/Index/images/video.mp4
ERR: 非法操作:images

[ 2016-05-04T17:23:47+08:00 ] ::1 /eduresPro/index.php/Home/Index/getCourseName
INFO: [ app_begin ] --START--
INFO: Run Behavior\ReadHtmlCacheBehavior [ RunTime:0.000646s ]
INFO: [ app_begin ] --END-- [ RunTime:0.000979s ]
SQL: SHOW COLUMNS FROM `t_course` [ RunTime:0.0081s ]
SQL: SELECT DISTINCT  `courseID`,`courseName` FROM `t_course`  [ RunTime:0.0003s ]
INFO: [ app_end ] --START--
INFO: Run Behavior\ShowPageTraceBehavior [ RunTime:0.001094s ]
INFO: [ app_end ] --END-- [ RunTime:0.001173s ]

[ 2016-05-04T17:23:47+08:00 ] ::1 /eduresPro/index.php/Home/Index/images/video.mp4
ERR: 非法操作:images

[ 2016-05-04T17:23:50+08:00 ] ::1 /eduresPro/index.php/Home/Index/images/video.mp4
ERR: 非法操作:images

[ 2016-05-04T17:23:50+08:00 ] ::1 /eduresPro/index.php/Home/Index/getCourseName
INFO: [ app_begin ] --START--
INFO: Run Behavior\ReadHtmlCacheBehavior [ RunTime:0.000675s ]
INFO: [ app_begin ] --END-- [ RunTime:0.001010s ]
SQL: SHOW COLUMNS FROM `t_course` [ RunTime:0.0086s ]
SQL: SELECT DISTINCT  `courseID`,`courseName` FROM `t_course`  [ RunTime:0.0003s ]
INFO: [ app_end ] --START--
INFO: Run Behavior\ShowPageTraceBehavior [ RunTime:0.000948s ]
INFO: [ app_end ] --END-- [ RunTime:0.001001s ]

[ 2016-05-04T17:23:50+08:00 ] ::1 /eduresPro/index.php/Home/Index/images/video.mp4
ERR: 非法操作:images

[ 2016-05-04T17:24:02+08:00 ] ::1 /eduresPro/index.php/Home/Index/images/video.mp4
ERR: 非法操作:images

[ 2016-05-04T17:24:02+08:00 ] ::1 /eduresPro/index.php/Home/Index/getCourseName
INFO: [ app_begin ] --START--
INFO: Run Behavior\ReadHtmlCacheBehavior [ RunTime:0.000636s ]
INFO: [ app_begin ] --END-- [ RunTime:0.000987s ]
SQL: SHOW COLUMNS FROM `t_course` [ RunTime:0.0105s ]
SQL: SELECT DISTINCT  `courseID`,`courseName` FROM `t_course`  [ RunTime:0.0003s ]
INFO: [ app_end ] --START--
INFO: Run Behavior\ShowPageTraceBehavior [ RunTime:0.000880s ]
INFO: [ app_end ] --END-- [ RunTime:0.000933s ]

[ 2016-05-04T17:24:02+08:00 ] ::1 /eduresPro/index.php/Home/Index/images/video.mp4
ERR: 非法操作:images

[ 2016-05-04T17:24:04+08:00 ] ::1 /eduresPro/index.php/Home/Index/images/video.mp4
ERR: 非法操作:images

[ 2016-05-04T17:24:04+08:00 ] ::1 /eduresPro/index.php/Home/Index/getCourseName
INFO: [ app_begin ] --START--
INFO: Run Behavior\ReadHtmlCacheBehavior [ RunTime:0.000646s ]
INFO: [ app_begin ] --END-- [ RunTime:0.000991s ]
SQL: SHOW COLUMNS FROM `t_course` [ RunTime:0.0688s ]
SQL: SELECT DISTINCT  `courseID`,`courseName` FROM `t_course`  [ RunTime:0.0003s ]
INFO: [ app_end ] --START--
INFO: Run Behavior\ShowPageTraceBehavior [ RunTime:0.000904s ]
INFO: [ app_end ] --END-- [ RunTime:0.000956s ]

[ 2016-05-04T17:24:04+08:00 ] ::1 /eduresPro/index.php/Home/Index/images/video.mp4
ERR: 非法操作:images

[ 2016-05-04T17:24:06+08:00 ] ::1 /eduresPro/index.php/Home/Index/images/video.mp4
ERR: 非法操作:images

[ 2016-05-04T17:24:06+08:00 ] ::1 /eduresPro/index.php/Home/Index/getCourseName
INFO: [ app_begin ] --START--
INFO: Run Behavior\ReadHtmlCacheBehavior [ RunTime:0.000640s ]
INFO: [ app_begin ] --END-- [ RunTime:0.000978s ]
SQL: SHOW COLUMNS FROM `t_course` [ RunTime:0.0097s ]
SQL: SELECT DISTINCT  `courseID`,`courseName` FROM `t_course`  [ RunTime:0.0005s ]
INFO: [ app_end ] --START--
INFO: Run Behavior\ShowPageTraceBehavior [ RunTime:0.000891s ]
INFO: [ app_end ] --END-- [ RunTime:0.000946s ]

[ 2016-05-04T17:24:06+08:00 ] ::1 /eduresPro/index.php/Home/Index/images/video.mp4
ERR: 非法操作:images

[ 2016-05-04T17:24:08+08:00 ] ::1 /eduresPro/index.php/Home/Index/images/video.mp4
ERR: 非法操作:images

[ 2016-05-04T17:24:08+08:00 ] ::1 /eduresPro/index.php/Home/Index/getCourseName
INFO: [ app_begin ] --START--
INFO: Run Behavior\ReadHtmlCacheBehavior [ RunTime:0.000740s ]
INFO: [ app_begin ] --END-- [ RunTime:0.001105s ]
SQL: SHOW COLUMNS FROM `t_course` [ RunTime:0.0086s ]
SQL: SELECT DISTINCT  `courseID`,`courseName` FROM `t_course`  [ RunTime:0.0003s ]
INFO: [ app_end ] --START--
INFO: Run Behavior\ShowPageTraceBehavior [ RunTime:0.000860s ]
INFO: [ app_end ] --END-- [ RunTime:0.000918s ]

[ 2016-05-04T17:24:08+08:00 ] ::1 /eduresPro/index.php/Home/Index/images/video.mp4
ERR: 非法操作:images

