[ 2016-01-12T00:30:45+08:00 ] ::1 /eduresPro/index.php/Home/Index/login
ERR: 1146:Table 'edu_res_management.t_user_info' doesn't exist
 [ SQL语句 ] : SHOW COLUMNS FROM `t_user_info`

[ 2016-01-12T00:31:37+08:00 ] ::1 /eduresPro/index.php/Home/Index/login
ERR: 1146:Table 'edu_res_management.tuser_info' doesn't exist
 [ SQL语句 ] : SHOW COLUMNS FROM `tuser_info`

[ 2016-01-12T00:32:37+08:00 ] ::1 /eduresPro/index.php/Home/Index/login
ERR: 1054:Unknown column '$name' in 'where clause'
 [ SQL语句 ] : SELECT * FROM `t_userinfo` WHERE ( userName = $name AND passard=$pwd ) 

[ 2016-01-12T00:34:13+08:00 ] ::1 /eduresPro/index.php/Home/Index/login
ERR: 1054:Unknown column 'loujie' in 'where clause'
 [ SQL语句 ] : SELECT * FROM `t_userinfo` WHERE ( userName = loujie AND passard = jiege ) 

[ 2016-01-12T11:38:45+08:00 ] ::1 /eduresPro/index.php/Home/view/Index/register.html
ERR: 无法加载控制器:View

[ 2016-01-12T12:23:03+08:00 ] ::1 /eduresPro/index.php/Home/Index/beforeregister
ERR: 非法操作:beforeregister

[ 2016-01-12T12:23:57+08:00 ] ::1 /eduresPro/index.php/Home/Index/beforeregister
ERR: 非法操作:beforeregister

[ 2016-01-12T12:32:14+08:00 ] ::1 /eduresPro/index.php/Home/Index/demo
ERR: 模板不存在:./Application/Home/View/Index/demo.html

[ 2016-01-12T12:33:23+08:00 ] ::1 /eduresPro/index.php/Home/Index/beforeregister
ERR: 非法操作:beforeregister

[ 2016-01-12T22:45:35+08:00 ] ::1 /eduresPro/index.php/Home/Index/register
ERR: 1364:Field 'userName' doesn't have a default value
 [ SQL语句 ] : INSERT INTO `t_userinfo` () VALUES ()

[ 2016-01-12T22:51:22+08:00 ] ::1 /eduresPro/index.php/Home/Index/register
ERR: 1364:Field 'userName' doesn't have a default value
 [ SQL语句 ] : INSERT INTO `t_userinfo` (`sex`) VALUES ('M')

[ 2016-01-12T22:58:54+08:00 ] ::1 /eduresPro/index.php/Home/Index/register
ERR: 1364:Field 'userName' doesn't have a default value
 [ SQL语句 ] : INSERT INTO `t_userinfo` (`sex`) VALUES ('M')

[ 2016-01-12T23:22:33+08:00 ] ::1 /eduresPro/index.php/Home/Index/register
ERR: 1364:Field 'userType' doesn't have a default value
 [ SQL语句 ] : INSERT INTO `t_userinfo` (`userName`,`sex`) VALUES ('jierui','M')

[ 2016-01-12T23:30:00+08:00 ] ::1 /eduresPro/index.php/Home/Index/register
ERR: 1364:Field 'userType' doesn't have a default value
 [ SQL语句 ] : INSERT INTO `t_userinfo` (`userName`,`sex`) VALUES ('jierui','M')

[ 2016-01-12T23:30:51+08:00 ] ::1 /eduresPro/index.php/Home/Index/register
ERR: 1364:Field 'userType' doesn't have a default value
 [ SQL语句 ] : INSERT INTO `t_userinfo` (`userName`,`sex`) VALUES ('jierui','M')

[ 2016-01-12T23:34:37+08:00 ] ::1 /eduresPro/index.php/Home/Index/register
ERR: 1364:Field 'userType' doesn't have a default value
 [ SQL语句 ] : INSERT INTO `t_userinfo` (`userName`,`sex`) VALUES ('jierui','M')

[ 2016-01-12T23:47:29+08:00 ] ::1 /eduresPro/index.php/Home/Index/register
ERR: 1364:Field 'userType' doesn't have a default value
 [ SQL语句 ] : INSERT INTO `t_userinfo` (`userName`,`sex`) VALUES ('jierui','M')

[ 2016-01-12T23:54:14+08:00 ] ::1 /eduresPro/index.php/Home/Index/register
ERR: 1364:Field 'userType' doesn't have a default value
 [ SQL语句 ] : INSERT INTO `t_userinfo` (`userName`,`sex`) VALUES ('jierui','M')

