[ 2016-05-11T17:25:57+08:00 ] ::1 /eduresPro/index.php/Home/Index/evaluate_teacher.html
ERR: 非法操作:evaluate_teacher

[ 2016-05-11T17:26:02+08:00 ] ::1 /eduresPro/index.php/Home/Index/evaluate_teacher.html
ERR: 非法操作:evaluate_teacher

[ 2016-05-11T19:52:26+08:00 ] ::1 /eduresPro/index.php/Home/Index/add_need_resource
INFO: [ app_begin ] --START--
INFO: Run Behavior\ReadHtmlCacheBehavior [ RunTime:0.000391s ]
INFO: [ app_begin ] --END-- [ RunTime:0.000725s ]
SQL: SHOW COLUMNS FROM `t_needsubmit` [ RunTime:0.1039s ]
INFO: [ app_end ] --START--
INFO: Run Behavior\ShowPageTraceBehavior [ RunTime:0.001031s ]
INFO: [ app_end ] --END-- [ RunTime:0.001088s ]

[ 2016-05-11T20:01:39+08:00 ] ::1 /eduresPro/index.php/Home/Index/add_need_resource
INFO: [ app_begin ] --START--
INFO: Run Behavior\ReadHtmlCacheBehavior [ RunTime:0.000675s ]
INFO: [ app_begin ] --END-- [ RunTime:0.047349s ]
SQL: SHOW COLUMNS FROM `t_needsubmit` [ RunTime:0.0115s ]
INFO: [ app_end ] --START--
INFO: Run Behavior\ShowPageTraceBehavior [ RunTime:0.000733s ]
INFO: [ app_end ] --END-- [ RunTime:0.000785s ]

[ 2016-05-11T20:50:16+08:00 ] ::1 /eduresPro/index.php/Home/Index/add_need_resource
INFO: [ app_begin ] --START--
INFO: Run Behavior\ReadHtmlCacheBehavior [ RunTime:0.000597s ]
INFO: [ app_begin ] --END-- [ RunTime:0.001126s ]
SQL: SHOW COLUMNS FROM `t_needsubmit` [ RunTime:0.0107s ]
INFO: [ app_end ] --START--
INFO: Run Behavior\ShowPageTraceBehavior [ RunTime:0.000860s ]
INFO: [ app_end ] --END-- [ RunTime:0.000944s ]

[ 2016-05-11T20:52:54+08:00 ] ::1 /eduresPro/index.php/Home/Index/add_need_resource
INFO: [ app_begin ] --START--
INFO: Run Behavior\ReadHtmlCacheBehavior [ RunTime:0.000421s ]
INFO: [ app_begin ] --END-- [ RunTime:0.000754s ]
SQL: SHOW COLUMNS FROM `t_needsubmit` [ RunTime:0.0289s ]
INFO: [ app_end ] --START--
INFO: Run Behavior\ShowPageTraceBehavior [ RunTime:0.000889s ]
INFO: [ app_end ] --END-- [ RunTime:0.000945s ]

[ 2016-05-11T20:54:00+08:00 ] ::1 /eduresPro/index.php/Home/Index/add_need_resource
INFO: [ app_begin ] --START--
INFO: Run Behavior\ReadHtmlCacheBehavior [ RunTime:0.000580s ]
INFO: [ app_begin ] --END-- [ RunTime:0.001070s ]
SQL: SHOW COLUMNS FROM `t_needsubmit` [ RunTime:0.0099s ]
INFO: [ app_end ] --START--
INFO: Run Behavior\ShowPageTraceBehavior [ RunTime:0.000618s ]
INFO: [ app_end ] --END-- [ RunTime:0.000661s ]

[ 2016-05-11T21:13:07+08:00 ] ::1 /eduresPro/index.php/Home/Index/add_need_resource
INFO: [ app_begin ] --START--
INFO: Run Behavior\ReadHtmlCacheBehavior [ RunTime:0.000641s ]
INFO: [ app_begin ] --END-- [ RunTime:0.001092s ]
SQL: SHOW COLUMNS FROM `t_needsubmit` [ RunTime:0.0125s ]
INFO: [ app_end ] --START--
INFO: Run Behavior\ShowPageTraceBehavior [ RunTime:0.000657s ]
INFO: [ app_end ] --END-- [ RunTime:0.000703s ]

[ 2016-05-11T21:14:39+08:00 ] ::1 /eduresPro/index.php/Home/Index/evaluate_teacher.html
ERR: 非法操作:evaluate_teacher

[ 2016-05-11T21:14:52+08:00 ] ::1 /eduresPro/index.php/Home/Index/add_need_resource
INFO: [ app_begin ] --START--
INFO: Run Behavior\ReadHtmlCacheBehavior [ RunTime:0.000477s ]
INFO: [ app_begin ] --END-- [ RunTime:0.000895s ]
SQL: SHOW COLUMNS FROM `t_needsubmit` [ RunTime:0.1026s ]
INFO: [ app_end ] --START--
INFO: Run Behavior\ShowPageTraceBehavior [ RunTime:0.000739s ]
INFO: [ app_end ] --END-- [ RunTime:0.000800s ]

[ 2016-05-11T21:17:07+08:00 ] ::1 /eduresPro/index.php/Home/Index/add_need_resource
INFO: [ app_begin ] --START--
INFO: Run Behavior\ReadHtmlCacheBehavior [ RunTime:0.000587s ]
INFO: [ app_begin ] --END-- [ RunTime:0.000977s ]
SQL: SHOW COLUMNS FROM `t_needsubmit` [ RunTime:0.0111s ]
INFO: [ app_end ] --START--
INFO: Run Behavior\ShowPageTraceBehavior [ RunTime:0.000663s ]
INFO: [ app_end ] --END-- [ RunTime:0.000707s ]

[ 2016-05-11T21:17:37+08:00 ] ::1 /eduresPro/index.php/Home/Index/add_need_resource
INFO: [ app_begin ] --START--
INFO: Run Behavior\ReadHtmlCacheBehavior [ RunTime:0.000485s ]
INFO: [ app_begin ] --END-- [ RunTime:0.000992s ]
SQL: SHOW COLUMNS FROM `t_needsubmit` [ RunTime:0.0124s ]
INFO: [ app_end ] --START--
INFO: Run Behavior\ShowPageTraceBehavior [ RunTime:0.000727s ]
INFO: [ app_end ] --END-- [ RunTime:0.000775s ]

[ 2016-05-11T21:20:13+08:00 ] ::1 /eduresPro/index.php/Home/Index/add_need_resource
INFO: [ app_begin ] --START--
INFO: Run Behavior\ReadHtmlCacheBehavior [ RunTime:0.000498s ]
INFO: [ app_begin ] --END-- [ RunTime:0.000832s ]
SQL: SHOW COLUMNS FROM `t_needsubmit` [ RunTime:0.0113s ]
INFO: [ app_end ] --START--
INFO: Run Behavior\ShowPageTraceBehavior [ RunTime:0.000658s ]
INFO: [ app_end ] --END-- [ RunTime:0.000702s ]

[ 2016-05-11T21:21:54+08:00 ] ::1 /eduresPro/index.php/Home/Index/add_need_resource
INFO: [ app_begin ] --START--
INFO: Run Behavior\ReadHtmlCacheBehavior [ RunTime:0.000639s ]
INFO: [ app_begin ] --END-- [ RunTime:0.001001s ]
SQL: SHOW COLUMNS FROM `t_needsubmit` [ RunTime:0.0111s ]
INFO: [ app_end ] --START--
INFO: Run Behavior\ShowPageTraceBehavior [ RunTime:0.000655s ]
INFO: [ app_end ] --END-- [ RunTime:0.000699s ]

[ 2016-05-11T21:28:29+08:00 ] ::1 /eduresPro/index.php/Home/Index/add_need_resource
INFO: [ app_begin ] --START--
INFO: Run Behavior\ReadHtmlCacheBehavior [ RunTime:0.000679s ]
INFO: [ app_begin ] --END-- [ RunTime:0.001142s ]
SQL: SHOW COLUMNS FROM `t_needsubmit` [ RunTime:0.0136s ]
INFO: [ app_end ] --START--
INFO: Run Behavior\ShowPageTraceBehavior [ RunTime:0.000773s ]
INFO: [ app_end ] --END-- [ RunTime:0.000854s ]

[ 2016-05-11T21:31:56+08:00 ] ::1 /eduresPro/index.php/Home/Index/add_need_resource
INFO: [ app_begin ] --START--
INFO: Run Behavior\ReadHtmlCacheBehavior [ RunTime:0.000566s ]
INFO: [ app_begin ] --END-- [ RunTime:0.000956s ]
SQL: SHOW COLUMNS FROM `t_needsubmit` [ RunTime:0.0110s ]
INFO: [ app_end ] --START--
INFO: Run Behavior\ShowPageTraceBehavior [ RunTime:0.000752s ]
INFO: [ app_end ] --END-- [ RunTime:0.000814s ]

[ 2016-05-11T21:32:06+08:00 ] ::1 /eduresPro/index.php/Home/Index/add_need_resource
INFO: [ app_begin ] --START--
INFO: Run Behavior\ReadHtmlCacheBehavior [ RunTime:0.000450s ]
INFO: [ app_begin ] --END-- [ RunTime:0.000821s ]
SQL: SHOW COLUMNS FROM `t_needsubmit` [ RunTime:0.0106s ]
INFO: [ app_end ] --START--
INFO: Run Behavior\ShowPageTraceBehavior [ RunTime:0.000684s ]
INFO: [ app_end ] --END-- [ RunTime:0.000727s ]

[ 2016-05-11T21:43:03+08:00 ] ::1 /eduresPro/index.php/Home/Index/add_need_resource
INFO: [ app_begin ] --START--
INFO: Run Behavior\ReadHtmlCacheBehavior [ RunTime:0.000569s ]
INFO: [ app_begin ] --END-- [ RunTime:0.001031s ]
SQL: SHOW COLUMNS FROM `t_needsubmit` [ RunTime:0.0102s ]
INFO: [ app_end ] --START--
INFO: Run Behavior\ShowPageTraceBehavior [ RunTime:0.000773s ]
INFO: [ app_end ] --END-- [ RunTime:0.000816s ]

[ 2016-05-11T22:35:36+08:00 ] ::1 /eduresPro/index.php/Home/Index/add_need_resource
INFO: [ app_begin ] --START--
INFO: Run Behavior\ReadHtmlCacheBehavior [ RunTime:0.000590s ]
INFO: [ app_begin ] --END-- [ RunTime:0.000991s ]
SQL: SHOW COLUMNS FROM `t_userinfo` [ RunTime:0.0107s ]
SQL: SELECT * FROM `t_userinfo` WHERE `userID` = 2 AND `userName` = '娄杰'  [ RunTime:0.0004s ]
NOTIC: [8] Undefined index: courseName E:\PHP\httpd-2.4.18-win64-VC14\Apache24\htdocs\eduresPro\Application\Home\Controller\IndexController.class.php 第 891 行.
SQL: SHOW COLUMNS FROM `t_course` [ RunTime:0.0078s ]
SQL: SELECT * FROM `t_course` WHERE `courseName` = null  [ RunTime:0.0309s ]
INFO: [ app_end ] --START--
INFO: Run Behavior\ShowPageTraceBehavior [ RunTime:0.001170s ]
INFO: [ app_end ] --END-- [ RunTime:0.001247s ]

[ 2016-05-11T22:35:48+08:00 ] ::1 /eduresPro/index.php/Home/Index/add_need_resource
INFO: [ app_begin ] --START--
INFO: Run Behavior\ReadHtmlCacheBehavior [ RunTime:0.000575s ]
INFO: [ app_begin ] --END-- [ RunTime:0.001048s ]
SQL: SHOW COLUMNS FROM `t_userinfo` [ RunTime:0.0126s ]
SQL: SELECT * FROM `t_userinfo` WHERE `userID` = 1 AND `userName` = '娄杰'  [ RunTime:0.0004s ]
INFO: [ app_end ] --START--
INFO: Run Behavior\ShowPageTraceBehavior [ RunTime:0.000790s ]
INFO: [ app_end ] --END-- [ RunTime:0.000844s ]

[ 2016-05-11T22:36:31+08:00 ] ::1 /eduresPro/index.php/Home/Index/add_need_resource
INFO: [ app_begin ] --START--
INFO: Run Behavior\ReadHtmlCacheBehavior [ RunTime:0.000425s ]
INFO: [ app_begin ] --END-- [ RunTime:0.000806s ]
SQL: SHOW COLUMNS FROM `t_userinfo` [ RunTime:0.0101s ]
SQL: SELECT * FROM `t_userinfo` WHERE `userID` = 2 AND `userName` = '娄杰'  [ RunTime:0.0003s ]
NOTIC: [8] Undefined index: courseName E:\PHP\httpd-2.4.18-win64-VC14\Apache24\htdocs\eduresPro\Application\Home\Controller\IndexController.class.php 第 891 行.
SQL: SHOW COLUMNS FROM `t_course` [ RunTime:0.0067s ]
SQL: SELECT * FROM `t_course` WHERE `courseName` = null  [ RunTime:0.0003s ]
INFO: [ app_end ] --START--
INFO: Run Behavior\ShowPageTraceBehavior [ RunTime:0.000709s ]
INFO: [ app_end ] --END-- [ RunTime:0.000751s ]

[ 2016-05-11T22:41:25+08:00 ] ::1 /eduresPro/index.php/Home/Index/getCourseName
INFO: [ app_begin ] --START--
INFO: Run Behavior\ReadHtmlCacheBehavior [ RunTime:0.000775s ]
INFO: [ app_begin ] --END-- [ RunTime:0.001362s ]
SQL: SHOW COLUMNS FROM `t_course` [ RunTime:0.0458s ]
SQL: SELECT DISTINCT  `courseID`,`courseName` FROM `t_course`  [ RunTime:0.0003s ]
INFO: [ app_end ] --START--
INFO: Run Behavior\ShowPageTraceBehavior [ RunTime:0.000734s ]
INFO: [ app_end ] --END-- [ RunTime:0.000791s ]

[ 2016-05-11T22:42:21+08:00 ] ::1 /eduresPro/index.php/Home/Index/add_need_resource
INFO: [ app_begin ] --START--
INFO: Run Behavior\ReadHtmlCacheBehavior [ RunTime:0.000507s ]
INFO: [ app_begin ] --END-- [ RunTime:0.000870s ]
SQL: SHOW COLUMNS FROM `t_userinfo` [ RunTime:0.0274s ]
SQL: SELECT * FROM `t_userinfo` WHERE `userID` = 0 AND `userName` = ''  [ RunTime:0.0003s ]
INFO: [ app_end ] --START--
INFO: Run Behavior\ShowPageTraceBehavior [ RunTime:0.000783s ]
INFO: [ app_end ] --END-- [ RunTime:0.000832s ]

[ 2016-05-11T22:43:04+08:00 ] ::1 /eduresPro/index.php/Home/Index/add_need_resource
INFO: [ app_begin ] --START--
INFO: Run Behavior\ReadHtmlCacheBehavior [ RunTime:0.000398s ]
INFO: [ app_begin ] --END-- [ RunTime:0.000721s ]
SQL: SHOW COLUMNS FROM `t_userinfo` [ RunTime:0.0106s ]
SQL: SELECT * FROM `t_userinfo` WHERE `userID` = 0 AND `userName` = ''  [ RunTime:0.0003s ]
INFO: [ app_end ] --START--
INFO: Run Behavior\ShowPageTraceBehavior [ RunTime:0.000707s ]
INFO: [ app_end ] --END-- [ RunTime:0.000748s ]

[ 2016-05-11T22:43:09+08:00 ] ::1 /eduresPro/index.php/Home/Index/add_need_resource
INFO: [ app_begin ] --START--
INFO: Run Behavior\ReadHtmlCacheBehavior [ RunTime:0.000464s ]
INFO: [ app_begin ] --END-- [ RunTime:0.000860s ]
SQL: SHOW COLUMNS FROM `t_userinfo` [ RunTime:0.0111s ]
SQL: SELECT * FROM `t_userinfo` WHERE `userID` = 0 AND `userName` = ''  [ RunTime:0.0004s ]
INFO: [ app_end ] --START--
INFO: Run Behavior\ShowPageTraceBehavior [ RunTime:0.000984s ]
INFO: [ app_end ] --END-- [ RunTime:0.001061s ]

[ 2016-05-11T22:43:20+08:00 ] ::1 /eduresPro/index.php/Home/Index/add_need_resource
INFO: [ app_begin ] --START--
INFO: Run Behavior\ReadHtmlCacheBehavior [ RunTime:0.000470s ]
INFO: [ app_begin ] --END-- [ RunTime:0.000906s ]
SQL: SHOW COLUMNS FROM `t_userinfo` [ RunTime:0.0111s ]
SQL: SELECT * FROM `t_userinfo` WHERE `userID` = 0 AND `userName` = ''  [ RunTime:0.0003s ]
INFO: [ app_end ] --START--
INFO: Run Behavior\ShowPageTraceBehavior [ RunTime:0.000683s ]
INFO: [ app_end ] --END-- [ RunTime:0.000725s ]

[ 2016-05-11T22:43:28+08:00 ] ::1 /eduresPro/index.php/Home/Index/add_need_resource
INFO: [ app_begin ] --START--
INFO: Run Behavior\ReadHtmlCacheBehavior [ RunTime:0.000389s ]
INFO: [ app_begin ] --END-- [ RunTime:0.000727s ]
SQL: SHOW COLUMNS FROM `t_userinfo` [ RunTime:0.0211s ]
SQL: SELECT * FROM `t_userinfo` WHERE `userID` = 0 AND `userName` = ''  [ RunTime:0.0003s ]
INFO: [ app_end ] --START--
INFO: Run Behavior\ShowPageTraceBehavior [ RunTime:0.000678s ]
INFO: [ app_end ] --END-- [ RunTime:0.000719s ]

[ 2016-05-11T22:43:35+08:00 ] ::1 /eduresPro/index.php/Home/Index/add_need_resource
INFO: [ app_begin ] --START--
INFO: Run Behavior\ReadHtmlCacheBehavior [ RunTime:0.000479s ]
INFO: [ app_begin ] --END-- [ RunTime:0.000921s ]
SQL: SHOW COLUMNS FROM `t_userinfo` [ RunTime:0.0110s ]
SQL: SELECT * FROM `t_userinfo` WHERE `userID` = 0 AND `userName` = ''  [ RunTime:0.0003s ]
INFO: [ app_end ] --START--
INFO: Run Behavior\ShowPageTraceBehavior [ RunTime:0.000662s ]
INFO: [ app_end ] --END-- [ RunTime:0.000702s ]

[ 2016-05-11T22:50:26+08:00 ] ::1 /eduresPro/index.php/Home/Index/getCourseName
INFO: [ app_begin ] --START--
INFO: Run Behavior\ReadHtmlCacheBehavior [ RunTime:0.000591s ]
INFO: [ app_begin ] --END-- [ RunTime:0.001004s ]
SQL: SHOW COLUMNS FROM `t_course` [ RunTime:0.0058s ]
SQL: SELECT DISTINCT  `courseID`,`courseName` FROM `t_course`  [ RunTime:0.0003s ]
INFO: [ app_end ] --START--
INFO: Run Behavior\ShowPageTraceBehavior [ RunTime:0.001033s ]
INFO: [ app_end ] --END-- [ RunTime:0.001107s ]

[ 2016-05-11T22:50:54+08:00 ] ::1 /eduresPro/index.php/Home/Index/add_need_resource
INFO: [ app_begin ] --START--
INFO: Run Behavior\ReadHtmlCacheBehavior [ RunTime:0.000829s ]
INFO: [ app_begin ] --END-- [ RunTime:0.001190s ]
SQL: SHOW COLUMNS FROM `t_userinfo` [ RunTime:0.0098s ]
SQL: SELECT * FROM `t_userinfo` WHERE `userID` = 2 AND `userName` = '娄杰'  [ RunTime:0.0004s ]
NOTIC: [8] Undefined index: courseName E:\PHP\httpd-2.4.18-win64-VC14\Apache24\htdocs\eduresPro\Application\Home\Controller\IndexController.class.php 第 891 行.
SQL: SHOW COLUMNS FROM `t_course` [ RunTime:0.0071s ]
SQL: SELECT * FROM `t_course` WHERE `courseName` = null  [ RunTime:0.0003s ]
INFO: [ app_end ] --START--
INFO: Run Behavior\ShowPageTraceBehavior [ RunTime:0.000681s ]
INFO: [ app_end ] --END-- [ RunTime:0.000726s ]

[ 2016-05-11T22:54:00+08:00 ] ::1 /eduresPro/index.php/Home/Index/add_need_resource
INFO: [ app_begin ] --START--
INFO: Run Behavior\ReadHtmlCacheBehavior [ RunTime:0.000494s ]
INFO: [ app_begin ] --END-- [ RunTime:0.000813s ]
SQL: SHOW COLUMNS FROM `t_userinfo` [ RunTime:0.0124s ]
SQL: SELECT * FROM `t_userinfo` WHERE `userID` = 2 AND `userName` = '娄杰'  [ RunTime:0.0004s ]
NOTIC: [8] Undefined index: courseName E:\PHP\httpd-2.4.18-win64-VC14\Apache24\htdocs\eduresPro\Application\Home\Controller\IndexController.class.php 第 891 行.
SQL: SHOW COLUMNS FROM `t_course` [ RunTime:0.0078s ]
SQL: SELECT * FROM `t_course` WHERE `courseName` = null  [ RunTime:0.0003s ]
INFO: [ app_end ] --START--
INFO: Run Behavior\ShowPageTraceBehavior [ RunTime:0.000966s ]
INFO: [ app_end ] --END-- [ RunTime:0.001045s ]

[ 2016-05-11T23:36:38+08:00 ] ::1 /eduresPro/index.php/Home/Index/add_need_resource
INFO: [ app_begin ] --START--
INFO: Run Behavior\ReadHtmlCacheBehavior [ RunTime:0.000680s ]
INFO: [ app_begin ] --END-- [ RunTime:0.001050s ]
SQL: SHOW COLUMNS FROM `t_userinfo` [ RunTime:0.0113s ]
SQL: SELECT * FROM `t_userinfo` WHERE `userID` = 2 AND `userName` = '娄杰'  [ RunTime:0.0005s ]
NOTIC: [8] Undefined index: courseName E:\PHP\httpd-2.4.18-win64-VC14\Apache24\htdocs\eduresPro\Application\Home\Controller\IndexController.class.php 第 891 行.
SQL: SHOW COLUMNS FROM `t_course` [ RunTime:0.0074s ]
SQL: SELECT * FROM `t_course` WHERE `courseName` = null  [ RunTime:0.0004s ]
NOTIC: [8] Undefined index: courseName E:\PHP\httpd-2.4.18-win64-VC14\Apache24\htdocs\eduresPro\Application\Home\Controller\IndexController.class.php 第 910 行.
INFO: [ app_end ] --START--
INFO: Run Behavior\ShowPageTraceBehavior [ RunTime:0.000690s ]
INFO: [ app_end ] --END-- [ RunTime:0.000731s ]

[ 2016-05-11T23:37:37+08:00 ] ::1 /eduresPro/index.php/Home/Index/add_need_resource
INFO: [ app_begin ] --START--
INFO: Run Behavior\ReadHtmlCacheBehavior [ RunTime:0.000603s ]
INFO: [ app_begin ] --END-- [ RunTime:0.001047s ]
SQL: SHOW COLUMNS FROM `t_userinfo` [ RunTime:0.0102s ]
SQL: SELECT * FROM `t_userinfo` WHERE `userID` = 2 AND `userName` = '娄杰'  [ RunTime:0.0004s ]
NOTIC: [8] Undefined index: courseName E:\PHP\httpd-2.4.18-win64-VC14\Apache24\htdocs\eduresPro\Application\Home\Controller\IndexController.class.php 第 891 行.
SQL: SHOW COLUMNS FROM `t_course` [ RunTime:0.0070s ]
SQL: SELECT * FROM `t_course` WHERE `courseName` = null  [ RunTime:0.0003s ]
INFO: [ app_end ] --START--
INFO: Run Behavior\ShowPageTraceBehavior [ RunTime:0.000676s ]
INFO: [ app_end ] --END-- [ RunTime:0.000723s ]

[ 2016-05-11T23:37:44+08:00 ] ::1 /eduresPro/index.php/Home/Index/getCourseName
INFO: [ app_begin ] --START--
INFO: Run Behavior\ReadHtmlCacheBehavior [ RunTime:0.000711s ]
INFO: [ app_begin ] --END-- [ RunTime:0.001373s ]
SQL: SHOW COLUMNS FROM `t_course` [ RunTime:0.0105s ]
SQL: SELECT DISTINCT  `courseID`,`courseName` FROM `t_course`  [ RunTime:0.0003s ]
INFO: [ app_end ] --START--
INFO: Run Behavior\ShowPageTraceBehavior [ RunTime:0.000721s ]
INFO: [ app_end ] --END-- [ RunTime:0.000769s ]

[ 2016-05-11T23:37:57+08:00 ] ::1 /eduresPro/index.php/Home/Index/add_need_resource
INFO: [ app_begin ] --START--
INFO: Run Behavior\ReadHtmlCacheBehavior [ RunTime:0.000719s ]
INFO: [ app_begin ] --END-- [ RunTime:0.001229s ]
SQL: SHOW COLUMNS FROM `t_userinfo` [ RunTime:0.0100s ]
SQL: SELECT * FROM `t_userinfo` WHERE `userID` = 2 AND `userName` = '娄杰'  [ RunTime:0.0003s ]
SQL: SHOW COLUMNS FROM `t_course` [ RunTime:0.0069s ]
SQL: SELECT * FROM `t_course` WHERE `courseName` = '操作系统'  [ RunTime:0.0003s ]
NOTIC: [8] Undefined index: courseID E:\PHP\httpd-2.4.18-win64-VC14\Apache24\htdocs\eduresPro\Application\Home\Controller\IndexController.class.php 第 895 行.
SQL: SHOW COLUMNS FROM `t_needsubmit` [ RunTime:0.0102s ]
SQL: SELECT MAX(needID) AS tp_max FROM `t_needsubmit` LIMIT 1   [ RunTime:0.0004s ]
ERR: 1364:Field 'Overview' doesn't have a default value
 [ SQL语句 ] : INSERT INTO `t_needsubmit` (`userID`,`Material`,`Task`,`Exam`,`courseID`,`needID`) VALUES ('2','0','0','0',NULL,'1')
ERR: 1364:Field 'Overview' doesn't have a default value
 [ SQL语句 ] : INSERT INTO `t_needsubmit` (`userID`,`Material`,`Task`,`Exam`,`courseID`,`needID`) VALUES ('2','0','0','0',NULL,'1')

[ 2016-05-11T23:43:21+08:00 ] ::1 /eduresPro/index.php/Home/Index/getCourseName
INFO: [ app_begin ] --START--
INFO: Run Behavior\ReadHtmlCacheBehavior [ RunTime:0.000768s ]
INFO: [ app_begin ] --END-- [ RunTime:0.001291s ]
SQL: SHOW COLUMNS FROM `t_course` [ RunTime:0.0101s ]
SQL: SELECT DISTINCT  `courseID`,`courseName` FROM `t_course`  [ RunTime:0.0002s ]
INFO: [ app_end ] --START--
INFO: Run Behavior\ShowPageTraceBehavior [ RunTime:0.000697s ]
INFO: [ app_end ] --END-- [ RunTime:0.000742s ]

[ 2016-05-11T23:43:22+08:00 ] ::1 /eduresPro/index.php/Home/Index/evaluate_teacher.html
ERR: 非法操作:evaluate_teacher

[ 2016-05-11T23:43:24+08:00 ] ::1 /eduresPro/index.php/Home/Index/getCourseName
INFO: [ app_begin ] --START--
INFO: Run Behavior\ReadHtmlCacheBehavior [ RunTime:0.000757s ]
INFO: [ app_begin ] --END-- [ RunTime:0.001405s ]
SQL: SHOW COLUMNS FROM `t_course` [ RunTime:0.0123s ]
SQL: SELECT DISTINCT  `courseID`,`courseName` FROM `t_course`  [ RunTime:0.0003s ]
INFO: [ app_end ] --START--
INFO: Run Behavior\ShowPageTraceBehavior [ RunTime:0.000803s ]
INFO: [ app_end ] --END-- [ RunTime:0.000855s ]

[ 2016-05-11T23:43:40+08:00 ] ::1 /eduresPro/index.php/Home/Index/add_need_resource
INFO: [ app_begin ] --START--
INFO: Run Behavior\ReadHtmlCacheBehavior [ RunTime:0.000422s ]
INFO: [ app_begin ] --END-- [ RunTime:0.000796s ]
SQL: SHOW COLUMNS FROM `t_userinfo` [ RunTime:0.0134s ]
SQL: SELECT * FROM `t_userinfo` WHERE `userID` = 2 AND `userName` = '娄杰'  [ RunTime:0.0004s ]
SQL: SHOW COLUMNS FROM `t_course` [ RunTime:0.0081s ]
SQL: SELECT * FROM `t_course` WHERE `courseName` = '操作系统'  [ RunTime:0.0003s ]
NOTIC: [8] Undefined index: courseID E:\PHP\httpd-2.4.18-win64-VC14\Apache24\htdocs\eduresPro\Application\Home\Controller\IndexController.class.php 第 895 行.
SQL: SHOW COLUMNS FROM `t_needsubmit` [ RunTime:0.0109s ]
SQL: SELECT MAX(needID) AS tp_max FROM `t_needsubmit` LIMIT 1   [ RunTime:0.0002s ]
INFO: [ app_end ] --START--
INFO: Run Behavior\ShowPageTraceBehavior [ RunTime:0.000728s ]
INFO: [ app_end ] --END-- [ RunTime:0.000783s ]

[ 2016-05-11T23:48:10+08:00 ] ::1 /eduresPro/index.php/Home/Index/getCourseName
INFO: [ app_begin ] --START--
INFO: Run Behavior\ReadHtmlCacheBehavior [ RunTime:0.000745s ]
INFO: [ app_begin ] --END-- [ RunTime:0.001382s ]
SQL: SHOW COLUMNS FROM `t_course` [ RunTime:0.0055s ]
SQL: SELECT DISTINCT  `courseID`,`courseName` FROM `t_course`  [ RunTime:0.0002s ]
INFO: [ app_end ] --START--
INFO: Run Behavior\ShowPageTraceBehavior [ RunTime:0.000803s ]
INFO: [ app_end ] --END-- [ RunTime:0.000874s ]

[ 2016-05-11T23:48:22+08:00 ] ::1 /eduresPro/index.php/Home/Index/add_need_resource
INFO: [ app_begin ] --START--
INFO: Run Behavior\ReadHtmlCacheBehavior [ RunTime:0.000836s ]
INFO: [ app_begin ] --END-- [ RunTime:0.001198s ]
SQL: SHOW COLUMNS FROM `t_userinfo` [ RunTime:0.0099s ]
SQL: SELECT * FROM `t_userinfo` WHERE `userID` = 2 AND `userName` = '娄杰'  [ RunTime:0.0004s ]
SQL: SHOW COLUMNS FROM `t_course` [ RunTime:0.0084s ]
SQL: SELECT * FROM `t_course` WHERE `courseName` = '操作系统'  [ RunTime:0.0003s ]
NOTIC: [8] Undefined index: courseID E:\PHP\httpd-2.4.18-win64-VC14\Apache24\htdocs\eduresPro\Application\Home\Controller\IndexController.class.php 第 895 行.
SQL: SHOW COLUMNS FROM `t_needsubmit` [ RunTime:0.0120s ]
SQL: SELECT MAX(needID) AS tp_max FROM `t_needsubmit` LIMIT 1   [ RunTime:0.0002s ]
INFO: [ app_end ] --START--
INFO: Run Behavior\ShowPageTraceBehavior [ RunTime:0.000679s ]
INFO: [ app_end ] --END-- [ RunTime:0.000722s ]

[ 2016-05-11T23:50:22+08:00 ] ::1 /eduresPro/index.php/Home/Index/add_need_resource
INFO: [ app_begin ] --START--
INFO: Run Behavior\ReadHtmlCacheBehavior [ RunTime:0.000872s ]
INFO: [ app_begin ] --END-- [ RunTime:0.001245s ]
SQL: SHOW COLUMNS FROM `t_userinfo` [ RunTime:0.0121s ]
SQL: SELECT * FROM `t_userinfo` WHERE `userID` = 2 AND `userName` = '娄杰'  [ RunTime:0.0004s ]
SQL: SHOW COLUMNS FROM `t_course` [ RunTime:0.0074s ]
SQL: SELECT * FROM `t_course` WHERE `courseName` = '操作系统'  [ RunTime:0.0003s ]
SQL: SHOW COLUMNS FROM `t_needsubmit` [ RunTime:0.0070s ]
SQL: SELECT MAX(needID) AS tp_max FROM `t_needsubmit` LIMIT 1   [ RunTime:0.0002s ]
ERR: 1364:Field 'Overview' doesn't have a default value
 [ SQL语句 ] : INSERT INTO `t_needsubmit` (`userID`,`Material`,`Experiment`,`Task`,`Exam`,`courseID`,`Time`,`needID`) VALUES ('2','0','0','0','0','1','2016-05-11 23:50:21','1')
ERR: 1364:Field 'Overview' doesn't have a default value
 [ SQL语句 ] : INSERT INTO `t_needsubmit` (`userID`,`Material`,`Experiment`,`Task`,`Exam`,`courseID`,`Time`,`needID`) VALUES ('2','0','0','0','0','1','2016-05-11 23:50:21','1')

[ 2016-05-11T23:50:41+08:00 ] ::1 /eduresPro/index.php/Home/Index/add_need_resource
INFO: [ app_begin ] --START--
INFO: Run Behavior\ReadHtmlCacheBehavior [ RunTime:0.000657s ]
INFO: [ app_begin ] --END-- [ RunTime:0.001225s ]
SQL: SHOW COLUMNS FROM `t_userinfo` [ RunTime:0.0107s ]
SQL: SELECT * FROM `t_userinfo` WHERE `userID` = 2 AND `userName` = '娄杰'  [ RunTime:0.0003s ]
SQL: SHOW COLUMNS FROM `t_course` [ RunTime:0.0090s ]
SQL: SELECT * FROM `t_course` WHERE `courseName` = '操作系统'  [ RunTime:0.0003s ]
SQL: SHOW COLUMNS FROM `t_needsubmit` [ RunTime:0.0076s ]
SQL: SELECT MAX(needID) AS tp_max FROM `t_needsubmit` LIMIT 1   [ RunTime:0.0002s ]
INFO: [ app_end ] --START--
INFO: Run Behavior\ShowPageTraceBehavior [ RunTime:0.000685s ]
INFO: [ app_end ] --END-- [ RunTime:0.000735s ]

[ 2016-05-11T23:52:03+08:00 ] ::1 /eduresPro/index.php/Home/Index/add_need_resource
INFO: [ app_begin ] --START--
INFO: Run Behavior\ReadHtmlCacheBehavior [ RunTime:0.000600s ]
INFO: [ app_begin ] --END-- [ RunTime:0.001113s ]
SQL: SHOW COLUMNS FROM `t_userinfo` [ RunTime:0.0330s ]
SQL: SELECT * FROM `t_userinfo` WHERE `userID` = 2 AND `userName` = '娄杰'  [ RunTime:0.0003s ]
SQL: SHOW COLUMNS FROM `t_course` [ RunTime:0.0078s ]
SQL: SELECT * FROM `t_course` WHERE `courseName` = '操作系统'  [ RunTime:0.0003s ]
SQL: SHOW COLUMNS FROM `t_needsubmit` [ RunTime:0.0477s ]
SQL: SELECT MAX(needID) AS tp_max FROM `t_needsubmit` LIMIT 1   [ RunTime:0.0002s ]
ERR: 1364:Field 'Overview' doesn't have a default value
 [ SQL语句 ] : INSERT INTO `t_needsubmit` (`userID`,`Material`,`Experiment`,`Task`,`Exam`,`courseID`,`Time`,`needID`) VALUES ('2','0','0','0','0','1','2016-05-11 23:52:03','1')
ERR: 1364:Field 'Overview' doesn't have a default value
 [ SQL语句 ] : INSERT INTO `t_needsubmit` (`userID`,`Material`,`Experiment`,`Task`,`Exam`,`courseID`,`Time`,`needID`) VALUES ('2','0','0','0','0','1','2016-05-11 23:52:03','1')

[ 2016-05-11T23:52:21+08:00 ] ::1 /eduresPro/index.php/Home/Index/add_need_resource
INFO: [ app_begin ] --START--
INFO: Run Behavior\ReadHtmlCacheBehavior [ RunTime:0.000419s ]
INFO: [ app_begin ] --END-- [ RunTime:0.000781s ]
SQL: SHOW COLUMNS FROM `t_userinfo` [ RunTime:0.0110s ]
SQL: SELECT * FROM `t_userinfo` WHERE `userID` = 2 AND `userName` = '娄杰'  [ RunTime:0.0003s ]
SQL: SHOW COLUMNS FROM `t_course` [ RunTime:0.0326s ]
SQL: SELECT * FROM `t_course` WHERE `courseName` = '操作系统'  [ RunTime:0.0003s ]
SQL: SHOW COLUMNS FROM `t_needsubmit` [ RunTime:0.0083s ]
SQL: SELECT MAX(needID) AS tp_max FROM `t_needsubmit` LIMIT 1   [ RunTime:0.0003s ]
INFO: [ app_end ] --START--
INFO: Run Behavior\ShowPageTraceBehavior [ RunTime:0.000727s ]
INFO: [ app_end ] --END-- [ RunTime:0.000775s ]

