[ 2016-01-16T14:37:41+08:00 ] ::1 /eduresPro/index.php/Home/Index/js/tab.js
ERR: 非法操作:js

[ 2016-01-16T14:49:35+08:00 ] ::1 /eduresPro/index.php/Home/Index/js/tab.js
ERR: 非法操作:js

[ 2016-01-16T14:50:23+08:00 ] ::1 /eduresPro/index.php/Home/Index/js/tab.js
ERR: 非法操作:js

[ 2016-01-16T14:56:21+08:00 ] ::1 /eduresPro/index.php/Home/Index/js/tab.js
ERR: 非法操作:js

[ 2016-01-16T14:56:24+08:00 ] ::1 /eduresPro/index.php/Home/Index/exit_login.html
ERR: 非法操作:exit_login

[ 2016-01-16T14:58:15+08:00 ] ::1 /eduresPro/index.php/Home/Index/js/tab.js
ERR: 非法操作:js

[ 2016-01-16T14:58:53+08:00 ] ::1 /eduresPro/index.php/Home/Index/js/tab.js
ERR: 非法操作:js

[ 2016-01-16T15:09:00+08:00 ] ::1 /eduresPro/index.php/Home/Index/message_feedback
ERR: 1146:Table 'edu_res_management.t_userindo' doesn't exist
 [ SQL语句 ] : SHOW COLUMNS FROM `t_userindo`

[ 2016-01-16T15:09:32+08:00 ] ::1 /eduresPro/index.php/Home/Index/message_feedback
ERR: 1054:Unknown column 'jierui' in 'where clause'
 [ SQL语句 ] : SELECT `userName` FROM `t_userinfo` WHERE ( `userName`=jierui ) LIMIT 1  

[ 2016-01-16T15:22:21+08:00 ] ::1 /eduresPro/index.php/Home/Index/js/tab.js
ERR: 非法操作:js

[ 2016-01-16T15:24:20+08:00 ] ::1 /eduresPro/index.php/Home/Index/js/tab.js
ERR: 非法操作:js

[ 2016-01-16T15:43:47+08:00 ] ::1 /eduresPro/index.php/Home/Index/message_feedback.html
ERR: 模板不存在:./Application/Home/View/Index/info.html

[ 2016-01-16T15:43:51+08:00 ] ::1 /eduresPro/index.php/Home/Index/message_feedback
ERR: 模板不存在:./Application/Home/View/Index/info.html

[ 2016-01-16T15:44:02+08:00 ] ::1 /eduresPro/index.php/Home/Index/message_feedback
ERR: 模板不存在:./Application/Home/View/Index/info.html

[ 2016-01-16T15:44:39+08:00 ] ::1 /eduresPro/index.php/Home/Index/js/tab.js
ERR: 非法操作:js

[ 2016-01-16T15:48:55+08:00 ] ::1 /eduresPro/index.php/Home/Index/js/tab.js
ERR: 非法操作:js

[ 2016-01-16T15:50:12+08:00 ] ::1 /eduresPro/index.php/Home/Index/js/tab.js
ERR: 非法操作:js

[ 2016-01-16T15:55:23+08:00 ] ::1 /eduresPro/index.php/Home/Index/js/tab.js
ERR: 非法操作:js

[ 2016-01-16T15:56:40+08:00 ] ::1 /eduresPro/index.php/Home/Index/js/tab.js
ERR: 非法操作:js

[ 2016-01-16T16:13:17+08:00 ] ::1 /eduresPro/index.php/Home/Index/js/tab.js
ERR: 非法操作:js

[ 2016-01-16T16:16:32+08:00 ] ::1 /eduresPro/index.php/Home/Index/js/tab.js
ERR: 非法操作:js

[ 2016-01-16T16:25:15+08:00 ] ::1 /eduresPro/index.php/Home/Index/js/tab.js
ERR: 非法操作:js

[ 2016-01-16T17:06:07+08:00 ] ::1 /eduresPro/index.php/Home/Index/js/tab.js
ERR: 非法操作:js

[ 2016-01-16T17:06:13+08:00 ] ::1 /eduresPro/index.php/Home/Index/img_upload
INFO: [ app_begin ] --START--
INFO: Run Behavior\ReadHtmlCacheBehavior [ RunTime:0.000986s ]
INFO: [ app_begin ] --END-- [ RunTime:0.001482s ]

[ 2016-01-16T17:11:27+08:00 ] ::1 /eduresPro/index.php/Home/Index/js/tab.js
ERR: 非法操作:js

[ 2016-01-16T17:12:10+08:00 ] ::1 /eduresPro/index.php/Home/Index/img_upload
INFO: [ app_begin ] --START--
INFO: Run Behavior\ReadHtmlCacheBehavior [ RunTime:0.000638s ]
INFO: [ app_begin ] --END-- [ RunTime:0.000983s ]

[ 2016-01-16T17:12:26+08:00 ] ::1 /eduresPro/index.php/Home/Index/js/tab.js
ERR: 非法操作:js

[ 2016-01-16T17:12:35+08:00 ] ::1 /eduresPro/index.php/Home/Index/img_upload
INFO: [ app_begin ] --START--
INFO: Run Behavior\ReadHtmlCacheBehavior [ RunTime:0.000621s ]
INFO: [ app_begin ] --END-- [ RunTime:0.000956s ]

[ 2016-01-16T17:14:21+08:00 ] ::1 /eduresPro/index.php/Home/Index/js/tab.js
ERR: 非法操作:js

[ 2016-01-16T17:14:32+08:00 ] ::1 /eduresPro/index.php/Home/Index/img_upload
INFO: [ app_begin ] --START--
INFO: Run Behavior\ReadHtmlCacheBehavior [ RunTime:0.000626s ]
INFO: [ app_begin ] --END-- [ RunTime:0.000952s ]

[ 2016-01-16T17:15:08+08:00 ] ::1 /eduresPro/index.php/Home/Index/js/tab.js
ERR: 非法操作:js

[ 2016-01-16T17:15:11+08:00 ] ::1 /eduresPro/index.php/Home/Index/js/tab.js
ERR: 非法操作:js

[ 2016-01-16T17:15:13+08:00 ] ::1 /eduresPro/index.php/Home/Index/js/tab.js
ERR: 非法操作:js

[ 2016-01-16T17:15:18+08:00 ] ::1 /eduresPro/index.php/Home/Index/img_upload
INFO: [ app_begin ] --START--
INFO: Run Behavior\ReadHtmlCacheBehavior [ RunTime:0.000617s ]
INFO: [ app_begin ] --END-- [ RunTime:0.000950s ]

[ 2016-01-16T17:15:49+08:00 ] ::1 /eduresPro/index.php/Home/Index/js/tab.js
ERR: 非法操作:js

[ 2016-01-16T17:16:04+08:00 ] ::1 /eduresPro/index.php/Home/Index/img_upload
INFO: [ app_begin ] --START--
INFO: Run Behavior\ReadHtmlCacheBehavior [ RunTime:0.000852s ]
INFO: [ app_begin ] --END-- [ RunTime:0.001300s ]

[ 2016-01-16T17:16:21+08:00 ] ::1 /eduresPro/index.php/Home/Index/img_upload
INFO: [ app_begin ] --START--
INFO: Run Behavior\ReadHtmlCacheBehavior [ RunTime:0.000513s ]
INFO: [ app_begin ] --END-- [ RunTime:0.000884s ]

[ 2016-01-16T17:19:58+08:00 ] ::1 /eduresPro/index.php/Home/Index/uploading
INFO: [ app_begin ] --START--
INFO: Run Behavior\ReadHtmlCacheBehavior [ RunTime:0.000447s ]
INFO: [ app_begin ] --END-- [ RunTime:0.000771s ]
NOTIC: [2] call_user_func() expects parameter 1 to be a valid callback, no array or string given E:\PHP\httpd-2.4.18-win64-VC14\Apache24\htdocs\eduresPro\ThinkPHP\Library\Think\Upload.class.php 第 170 行.
INFO: [ app_end ] --START--
INFO: Run Behavior\ShowPageTraceBehavior [ RunTime:0.001673s ]
INFO: [ app_end ] --END-- [ RunTime:0.001760s ]

[ 2016-01-16T17:22:20+08:00 ] ::1 /eduresPro/index.php/Home/Index/uploading
INFO: [ app_begin ] --START--
INFO: Run Behavior\ReadHtmlCacheBehavior [ RunTime:0.000617s ]
INFO: [ app_begin ] --END-- [ RunTime:0.001073s ]
NOTIC: [2] call_user_func() expects parameter 1 to be a valid callback, no array or string given E:\PHP\httpd-2.4.18-win64-VC14\Apache24\htdocs\eduresPro\ThinkPHP\Library\Think\Upload.class.php 第 170 行.
INFO: [ app_end ] --START--
INFO: Run Behavior\ShowPageTraceBehavior [ RunTime:0.000571s ]
INFO: [ app_end ] --END-- [ RunTime:0.000632s ]

[ 2016-01-16T17:23:39+08:00 ] ::1 /eduresPro/index.php/Home/Index/img_upload
INFO: [ app_begin ] --START--
INFO: Run Behavior\ReadHtmlCacheBehavior [ RunTime:0.000447s ]
INFO: [ app_begin ] --END-- [ RunTime:0.000825s ]

[ 2016-01-16T17:25:25+08:00 ] ::1 /eduresPro/index.php/Home/Index/img_upload
INFO: [ app_begin ] --START--
INFO: Run Behavior\ReadHtmlCacheBehavior [ RunTime:0.000558s ]
INFO: [ app_begin ] --END-- [ RunTime:0.001349s ]
NOTIC: [2] call_user_func() expects parameter 1 to be a valid callback, no array or string given E:\PHP\httpd-2.4.18-win64-VC14\Apache24\htdocs\eduresPro\ThinkPHP\Library\Think\Upload.class.php 第 170 行.
INFO: [ app_end ] --START--
INFO: Run Behavior\ShowPageTraceBehavior [ RunTime:0.001562s ]
INFO: [ app_end ] --END-- [ RunTime:0.001648s ]

[ 2016-01-16T17:25:52+08:00 ] ::1 /eduresPro/index.php/Home/Index/img_upload
INFO: [ app_begin ] --START--
INFO: Run Behavior\ReadHtmlCacheBehavior [ RunTime:0.001073s ]
INFO: [ app_begin ] --END-- [ RunTime:0.001595s ]
INFO: [ app_end ] --START--
INFO: Run Behavior\ShowPageTraceBehavior [ RunTime:0.000540s ]
INFO: [ app_end ] --END-- [ RunTime:0.000592s ]

[ 2016-01-16T17:26:42+08:00 ] ::1 /eduresPro/index.php/Home/Index/message
ERR: 非法操作:message

[ 2016-01-16T17:26:52+08:00 ] ::1 /eduresPro/index.php/Home/Index/js/tab.js
ERR: 非法操作:js

[ 2016-01-16T17:26:59+08:00 ] ::1 /eduresPro/index.php/Home/Index/img_upload
INFO: [ app_begin ] --START--
INFO: Run Behavior\ReadHtmlCacheBehavior [ RunTime:0.001245s ]
INFO: [ app_begin ] --END-- [ RunTime:0.001895s ]
NOTIC: [2] call_user_func() expects parameter 1 to be a valid callback, no array or string given E:\PHP\httpd-2.4.18-win64-VC14\Apache24\htdocs\eduresPro\ThinkPHP\Library\Think\Upload.class.php 第 170 行.
INFO: [ app_end ] --START--
INFO: Run Behavior\ShowPageTraceBehavior [ RunTime:0.002107s ]
INFO: [ app_end ] --END-- [ RunTime:0.002195s ]

[ 2016-01-16T17:27:14+08:00 ] ::1 /eduresPro/index.php/Home/Index/img_upload
INFO: [ app_begin ] --START--
INFO: Run Behavior\ReadHtmlCacheBehavior [ RunTime:0.001296s ]
INFO: [ app_begin ] --END-- [ RunTime:0.001848s ]
NOTIC: [2] call_user_func() expects parameter 1 to be a valid callback, no array or string given E:\PHP\httpd-2.4.18-win64-VC14\Apache24\htdocs\eduresPro\ThinkPHP\Library\Think\Upload.class.php 第 170 行.
INFO: [ app_end ] --START--
INFO: Run Behavior\ShowPageTraceBehavior [ RunTime:0.001438s ]
INFO: [ app_end ] --END-- [ RunTime:0.001512s ]

[ 2016-01-16T17:27:18+08:00 ] ::1 /eduresPro/index.php/Home/Index/img_upload
INFO: [ app_begin ] --START--
INFO: Run Behavior\ReadHtmlCacheBehavior [ RunTime:0.001345s ]
INFO: [ app_begin ] --END-- [ RunTime:0.001885s ]
NOTIC: [2] call_user_func() expects parameter 1 to be a valid callback, no array or string given E:\PHP\httpd-2.4.18-win64-VC14\Apache24\htdocs\eduresPro\ThinkPHP\Library\Think\Upload.class.php 第 170 行.
INFO: [ app_end ] --START--
INFO: Run Behavior\ShowPageTraceBehavior [ RunTime:0.001430s ]
INFO: [ app_end ] --END-- [ RunTime:0.001504s ]

[ 2016-01-16T17:27:27+08:00 ] ::1 /eduresPro/index.php/Home/Index/img_upload
INFO: [ app_begin ] --START--
INFO: Run Behavior\ReadHtmlCacheBehavior [ RunTime:0.002310s ]
INFO: [ app_begin ] --END-- [ RunTime:0.002925s ]
NOTIC: [2] call_user_func() expects parameter 1 to be a valid callback, no array or string given E:\PHP\httpd-2.4.18-win64-VC14\Apache24\htdocs\eduresPro\ThinkPHP\Library\Think\Upload.class.php 第 170 行.
INFO: [ app_end ] --START--
INFO: Run Behavior\ShowPageTraceBehavior [ RunTime:0.001738s ]
INFO: [ app_end ] --END-- [ RunTime:0.001817s ]

[ 2016-01-16T17:28:18+08:00 ] ::1 /eduresPro/index.php/Home/Index/js/tab.js
ERR: 非法操作:js

[ 2016-01-16T17:28:22+08:00 ] ::1 /eduresPro/index.php/Home/Index/img_upload
INFO: [ app_begin ] --START--
INFO: Run Behavior\ReadHtmlCacheBehavior [ RunTime:0.001746s ]
INFO: [ app_begin ] --END-- [ RunTime:0.002309s ]
NOTIC: [2] call_user_func() expects parameter 1 to be a valid callback, no array or string given E:\PHP\httpd-2.4.18-win64-VC14\Apache24\htdocs\eduresPro\ThinkPHP\Library\Think\Upload.class.php 第 170 行.
INFO: [ app_end ] --START--
INFO: Run Behavior\ShowPageTraceBehavior [ RunTime:0.001681s ]
INFO: [ app_end ] --END-- [ RunTime:0.001752s ]

[ 2016-01-16T17:29:46+08:00 ] ::1 /eduresPro/index.php/Home/Index/js/tab.js
ERR: 非法操作:js

[ 2016-01-16T17:29:49+08:00 ] ::1 /eduresPro/index.php/Home/Index/img_upload
INFO: [ app_begin ] --START--
INFO: Run Behavior\ReadHtmlCacheBehavior [ RunTime:0.000625s ]
INFO: [ app_begin ] --END-- [ RunTime:0.000970s ]
NOTIC: [2] call_user_func() expects parameter 1 to be a valid callback, no array or string given E:\PHP\httpd-2.4.18-win64-VC14\Apache24\htdocs\eduresPro\ThinkPHP\Library\Think\Upload.class.php 第 170 行.
INFO: [ app_end ] --START--
INFO: Run Behavior\ShowPageTraceBehavior [ RunTime:0.000700s ]
INFO: [ app_end ] --END-- [ RunTime:0.000764s ]

[ 2016-01-16T17:30:15+08:00 ] ::1 /eduresPro/index.php/Home/Index/js/tab.js
ERR: 非法操作:js

[ 2016-01-16T17:30:19+08:00 ] ::1 /eduresPro/index.php/Home/Index/img_upload
INFO: [ app_begin ] --START--
INFO: Run Behavior\ReadHtmlCacheBehavior [ RunTime:0.000626s ]
INFO: [ app_begin ] --END-- [ RunTime:0.001201s ]

[ 2016-01-16T17:30:46+08:00 ] ::1 /eduresPro/index.php/Home/Index/js/tab.js
ERR: 非法操作:js

[ 2016-01-16T17:30:50+08:00 ] ::1 /eduresPro/index.php/Home/Index/img_upload
INFO: [ app_begin ] --START--
INFO: Run Behavior\ReadHtmlCacheBehavior [ RunTime:0.000605s ]
INFO: [ app_begin ] --END-- [ RunTime:0.000924s ]
NOTIC: [2] call_user_func() expects parameter 1 to be a valid callback, no array or string given E:\PHP\httpd-2.4.18-win64-VC14\Apache24\htdocs\eduresPro\ThinkPHP\Library\Think\Upload.class.php 第 170 行.
INFO: [ app_end ] --START--
INFO: Run Behavior\ShowPageTraceBehavior [ RunTime:0.000822s ]
INFO: [ app_end ] --END-- [ RunTime:0.000898s ]

[ 2016-01-16T17:31:39+08:00 ] ::1 /eduresPro/index.php/Home/Index/img_upload
INFO: [ app_begin ] --START--
INFO: Run Behavior\ReadHtmlCacheBehavior [ RunTime:0.000620s ]
INFO: [ app_begin ] --END-- [ RunTime:0.000935s ]
INFO: [ app_end ] --START--
INFO: Run Behavior\ShowPageTraceBehavior [ RunTime:0.000633s ]
INFO: [ app_end ] --END-- [ RunTime:0.000694s ]

[ 2016-01-16T17:31:47+08:00 ] ::1 /eduresPro/index.php/Home/Index/js/tab.js
ERR: 非法操作:js

[ 2016-01-16T17:32:02+08:00 ] ::1 /eduresPro/index.php/Home/Index/img_upload
INFO: [ app_begin ] --START--
INFO: Run Behavior\ReadHtmlCacheBehavior [ RunTime:0.000899s ]
INFO: [ app_begin ] --END-- [ RunTime:0.001418s ]
INFO: [ app_end ] --START--
INFO: Run Behavior\ShowPageTraceBehavior [ RunTime:0.002551s ]
INFO: [ app_end ] --END-- [ RunTime:0.002665s ]

[ 2016-01-16T17:32:09+08:00 ] ::1 /eduresPro/index.php/Home/Index/img_upload
INFO: [ app_begin ] --START--
INFO: Run Behavior\ReadHtmlCacheBehavior [ RunTime:0.000625s ]
INFO: [ app_begin ] --END-- [ RunTime:0.000956s ]
INFO: [ app_end ] --START--
INFO: Run Behavior\ShowPageTraceBehavior [ RunTime:0.000910s ]
INFO: [ app_end ] --END-- [ RunTime:0.000980s ]

[ 2016-01-16T17:32:16+08:00 ] ::1 /eduresPro/index.php/Home/Index/img_upload
INFO: [ app_begin ] --START--
INFO: Run Behavior\ReadHtmlCacheBehavior [ RunTime:0.000599s ]
INFO: [ app_begin ] --END-- [ RunTime:0.000926s ]
NOTIC: [2] call_user_func() expects parameter 1 to be a valid callback, no array or string given E:\PHP\httpd-2.4.18-win64-VC14\Apache24\htdocs\eduresPro\ThinkPHP\Library\Think\Upload.class.php 第 170 行.
INFO: [ app_end ] --START--
INFO: Run Behavior\ShowPageTraceBehavior [ RunTime:0.000689s ]
INFO: [ app_end ] --END-- [ RunTime:0.000752s ]

[ 2016-01-16T17:41:30+08:00 ] ::1 /eduresPro/index.php/Home/Index/js/tab.js
ERR: 非法操作:js

[ 2016-01-16T17:41:34+08:00 ] ::1 /eduresPro/index.php/Home/Index/img_upload
INFO: [ app_begin ] --START--
INFO: Run Behavior\ReadHtmlCacheBehavior [ RunTime:0.000690s ]
INFO: [ app_begin ] --END-- [ RunTime:0.001035s ]
NOTIC: [2] call_user_func() expects parameter 1 to be a valid callback, no array or string given E:\PHP\httpd-2.4.18-win64-VC14\Apache24\htdocs\eduresPro\ThinkPHP\Library\Think\Upload.class.php 第 170 行.
INFO: [ app_end ] --START--
INFO: Run Behavior\ShowPageTraceBehavior [ RunTime:0.000582s ]
INFO: [ app_end ] --END-- [ RunTime:0.000646s ]

[ 2016-01-16T17:41:45+08:00 ] ::1 /eduresPro/index.php/Home/Index/img_upload
INFO: [ app_begin ] --START--
INFO: Run Behavior\ReadHtmlCacheBehavior [ RunTime:0.000510s ]
INFO: [ app_begin ] --END-- [ RunTime:0.000826s ]
INFO: [ app_end ] --START--
INFO: Run Behavior\ShowPageTraceBehavior [ RunTime:0.000512s ]
INFO: [ app_end ] --END-- [ RunTime:0.000560s ]

[ 2016-01-16T17:41:56+08:00 ] ::1 /eduresPro/index.php/Home/Index/img_upload
INFO: [ app_begin ] --START--
INFO: Run Behavior\ReadHtmlCacheBehavior [ RunTime:0.000629s ]
INFO: [ app_begin ] --END-- [ RunTime:0.001008s ]
INFO: [ app_end ] --START--
INFO: Run Behavior\ShowPageTraceBehavior [ RunTime:0.000612s ]
INFO: [ app_end ] --END-- [ RunTime:0.000668s ]

[ 2016-01-16T17:42:10+08:00 ] ::1 /eduresPro/index.php/Home/Index/img_upload
INFO: [ app_begin ] --START--
INFO: Run Behavior\ReadHtmlCacheBehavior [ RunTime:0.000609s ]
INFO: [ app_begin ] --END-- [ RunTime:0.000979s ]
INFO: [ app_end ] --START--
INFO: Run Behavior\ShowPageTraceBehavior [ RunTime:0.000489s ]
INFO: [ app_end ] --END-- [ RunTime:0.000540s ]

[ 2016-01-16T18:16:34+08:00 ] ::1 /eduresPro/index.php/Home/Index/js/tab.js
ERR: 非法操作:js

[ 2016-01-16T18:16:55+08:00 ] ::1 /eduresPro/index.php/Home/Index/js/tab.js
ERR: 非法操作:js

[ 2016-01-16T18:20:17+08:00 ] ::1 /eduresPro/index.php/Home/Index/js/tab.js
ERR: 非法操作:js

[ 2016-01-16T18:20:25+08:00 ] ::1 /eduresPro/index.php/Home/Index/img_upload
INFO: [ app_begin ] --START--
INFO: Run Behavior\ReadHtmlCacheBehavior [ RunTime:0.000578s ]
INFO: [ app_begin ] --END-- [ RunTime:0.000906s ]
SQL: SHOW COLUMNS FROM `t_userinfo` [ RunTime:0.0090s ]
SQL: SELECT `userID` FROM `t_userinfo` WHERE `userName` = '娄杰' LIMIT 1   [ RunTime:0.0003s ]
NOTIC: [2] call_user_func() expects parameter 1 to be a valid callback, no array or string given E:\PHP\httpd-2.4.18-win64-VC14\Apache24\htdocs\eduresPro\ThinkPHP\Library\Think\Upload.class.php 第 170 行.
INFO: [ app_end ] --START--
INFO: Run Behavior\ShowPageTraceBehavior [ RunTime:0.000629s ]
INFO: [ app_end ] --END-- [ RunTime:0.000686s ]

[ 2016-01-16T18:35:58+08:00 ] ::1 /eduresPro/index.php/Home/Index/js/tab.js
ERR: 非法操作:js

[ 2016-01-16T18:36:07+08:00 ] ::1 /eduresPro/index.php/Home/Index/img_upload
INFO: [ app_begin ] --START--
INFO: Run Behavior\ReadHtmlCacheBehavior [ RunTime:0.000873s ]
INFO: [ app_begin ] --END-- [ RunTime:0.001427s ]
SQL: SHOW COLUMNS FROM `t_userinfo` [ RunTime:0.0084s ]
SQL: SELECT `userID` FROM `t_userinfo` WHERE `userName` = '娄杰' LIMIT 1   [ RunTime:0.0003s ]
NOTIC: [2] call_user_func() expects parameter 1 to be a valid callback, no array or string given E:\PHP\httpd-2.4.18-win64-VC14\Apache24\htdocs\eduresPro\ThinkPHP\Library\Think\Upload.class.php 第 170 行.
INFO: [ app_end ] --START--
INFO: Run Behavior\ShowPageTraceBehavior [ RunTime:0.000598s ]
INFO: [ app_end ] --END-- [ RunTime:0.000668s ]

[ 2016-01-16T18:37:59+08:00 ] ::1 /eduresPro/index.php/Home/Index/js/tab.js
ERR: 非法操作:js

[ 2016-01-16T18:41:24+08:00 ] ::1 /eduresPro/index.php/Home/Index/demo
ERR: 不存在的图像文件

[ 2016-01-16T18:58:53+08:00 ] ::1 /eduresPro/index.php/Home/Index/js/tab.js
ERR: 非法操作:js

[ 2016-01-16T18:59:44+08:00 ] ::1 /eduresPro/index.php/Home/Index/js/tab.js
ERR: 非法操作:js

[ 2016-01-16T19:00:23+08:00 ] ::1 /eduresPro/index.php/Home/Index/js/tab.js
ERR: 非法操作:js

[ 2016-01-16T19:01:31+08:00 ] ::1 /eduresPro/index.php/Home/Index/js/tab.js
ERR: 非法操作:js

[ 2016-01-16T19:02:35+08:00 ] ::1 /eduresPro/index.php/Home/Index/js/tab.js
ERR: 非法操作:js

[ 2016-01-16T19:05:55+08:00 ] ::1 /eduresPro/index.php/Home/Index/js/tab.js
ERR: 非法操作:js

[ 2016-01-16T19:07:34+08:00 ] ::1 /eduresPro/index.php/Home/Index/js/tab.js
ERR: 非法操作:js

[ 2016-01-16T19:09:00+08:00 ] ::1 /eduresPro/index.php/Home/Index/js/tab.js
ERR: 非法操作:js

[ 2016-01-16T19:09:15+08:00 ] ::1 /eduresPro/index.php/Home/Index/js/tab.js
ERR: 非法操作:js

[ 2016-01-16T19:11:25+08:00 ] ::1 /eduresPro/index.php/Home/Index/js/tab.js
ERR: 非法操作:js

[ 2016-01-16T19:18:02+08:00 ] ::1 /eduresPro/index.php/Home/Index/js/tab.js
ERR: 非法操作:js

[ 2016-01-16T19:18:47+08:00 ] ::1 /eduresPro/index.php/Home/Index/js/tab.js
ERR: 非法操作:js

[ 2016-01-16T19:19:16+08:00 ] ::1 /eduresPro/index.php/Home/Index/js/tab.js
ERR: 非法操作:js

[ 2016-01-16T21:13:27+08:00 ] ::1 /eduresPro/index.php/Home/Index/js/tab.js
ERR: 非法操作:js

[ 2016-01-16T21:13:56+08:00 ] ::1 /eduresPro/index.php/Home/Index/js/tab.js
ERR: 非法操作:js

[ 2016-01-16T21:47:14+08:00 ] ::1 /eduresPro/index.php/Home/Index/js/tab.js
ERR: 非法操作:js

[ 2016-01-16T22:26:33+08:00 ] ::1 /eduresPro/index.php/Home/Index/js/tab.js
ERR: 非法操作:js

[ 2016-01-16T22:27:20+08:00 ] ::1 /eduresPro/index.php/Home/Index/img_upload
INFO: [ app_begin ] --START--
INFO: Run Behavior\ReadHtmlCacheBehavior [ RunTime:0.000796s ]
INFO: [ app_begin ] --END-- [ RunTime:0.001202s ]
SQL: SHOW COLUMNS FROM `t_userinfo` [ RunTime:0.0106s ]
SQL: SELECT `userID` FROM `t_userinfo` WHERE `userName` = 'jierui' LIMIT 1   [ RunTime:0.0003s ]
SQL: SELECT `imagePath` FROM `t_userinfo` WHERE `userName` = 'jierui' LIMIT 1   [ RunTime:0.0002s ]
NOTIC: [2] call_user_func() expects parameter 1 to be a valid callback, no array or string given E:\PHP\httpd-2.4.18-win64-VC14\Apache24\htdocs\eduresPro\ThinkPHP\Library\Think\Upload.class.php 第 170 行.
NOTIC: [2] mkdir(): File exists E:\PHP\httpd-2.4.18-win64-VC14\Apache24\htdocs\eduresPro\Application\Home\Controller\IndexController.class.php 第 211 行.
INFO: [ app_end ] --START--
INFO: Run Behavior\ShowPageTraceBehavior [ RunTime:0.000621s ]
INFO: [ app_end ] --END-- [ RunTime:0.000686s ]

[ 2016-01-16T22:27:22+08:00 ] ::1 /eduresPro/index.php/Home/Index/Uploads/images/userImgimg_11452954440.jpgjpg
ERR: 非法操作:Uploads

[ 2016-01-16T22:34:06+08:00 ] ::1 /eduresPro/index.php/Home/Index/js/tab.js
ERR: 非法操作:js

[ 2016-01-16T22:34:34+08:00 ] ::1 /eduresPro/index.php/Home/Index/js/tab.js
ERR: 非法操作:js

[ 2016-01-16T22:34:59+08:00 ] ::1 /eduresPro/index.php/Home/Index/img_upload
INFO: [ app_begin ] --START--
INFO: Run Behavior\ReadHtmlCacheBehavior [ RunTime:0.001639s ]
INFO: [ app_begin ] --END-- [ RunTime:0.002126s ]
SQL: SHOW COLUMNS FROM `t_userinfo` [ RunTime:0.0111s ]
SQL: SELECT `userID` FROM `t_userinfo` WHERE `userName` = 'jierui' LIMIT 1   [ RunTime:0.0003s ]
SQL: SELECT `imagePath` FROM `t_userinfo` WHERE `userName` = 'jierui' LIMIT 1   [ RunTime:0.0002s ]
NOTIC: [2] call_user_func() expects parameter 1 to be a valid callback, no array or string given E:\PHP\httpd-2.4.18-win64-VC14\Apache24\htdocs\eduresPro\ThinkPHP\Library\Think\Upload.class.php 第 170 行.
NOTIC: [2] mkdir(): File exists E:\PHP\httpd-2.4.18-win64-VC14\Apache24\htdocs\eduresPro\Application\Home\Controller\IndexController.class.php 第 211 行.
INFO: [ app_end ] --START--
INFO: Run Behavior\ShowPageTraceBehavior [ RunTime:0.000897s ]
INFO: [ app_end ] --END-- [ RunTime:0.000971s ]

[ 2016-01-16T22:35:01+08:00 ] ::1 /eduresPro/index.php/Home/Index/Uploads/images/userImgimg_11452954899.jpgjpg
ERR: 非法操作:Uploads

[ 2016-01-16T22:41:15+08:00 ] ::1 /eduresPro/index.php/Home/Index/js/tab.js
ERR: 非法操作:js

[ 2016-01-16T22:41:39+08:00 ] ::1 /eduresPro/index.php/Home/Index/img_upload
INFO: [ app_begin ] --START--
INFO: Run Behavior\ReadHtmlCacheBehavior [ RunTime:0.000825s ]
INFO: [ app_begin ] --END-- [ RunTime:0.001388s ]
SQL: SHOW COLUMNS FROM `t_userinfo` [ RunTime:0.0117s ]
SQL: SELECT `userID` FROM `t_userinfo` WHERE `userName` = 'jierui' LIMIT 1   [ RunTime:0.0003s ]
SQL: SELECT `imagePath` FROM `t_userinfo` WHERE `userName` = 'jierui' LIMIT 1   [ RunTime:0.0001s ]
NOTIC: [2] call_user_func() expects parameter 1 to be a valid callback, no array or string given E:\PHP\httpd-2.4.18-win64-VC14\Apache24\htdocs\eduresPro\ThinkPHP\Library\Think\Upload.class.php 第 170 行.
NOTIC: [2] mkdir(): File exists E:\PHP\httpd-2.4.18-win64-VC14\Apache24\htdocs\eduresPro\Application\Home\Controller\IndexController.class.php 第 211 行.
INFO: [ app_end ] --START--
INFO: Run Behavior\ShowPageTraceBehavior [ RunTime:0.000957s ]
INFO: [ app_end ] --END-- [ RunTime:0.001043s ]

[ 2016-01-16T22:41:40+08:00 ] ::1 /eduresPro/index.php/Home/Index/__ROOT__Uploads/images/userImgimg_11452955299.jpgjpg
ERR: 非法操作:__ROOT__Uploads

[ 2016-01-16T22:43:28+08:00 ] ::1 /eduresPro/index.php/Home/Index/js/tab.js
ERR: 非法操作:js

[ 2016-01-16T22:43:34+08:00 ] ::1 /eduresPro/index.php/Home/Index/img_upload
INFO: [ app_begin ] --START--
INFO: Run Behavior\ReadHtmlCacheBehavior [ RunTime:0.001225s ]
INFO: [ app_begin ] --END-- [ RunTime:0.001811s ]
SQL: SHOW COLUMNS FROM `t_userinfo` [ RunTime:0.0122s ]
SQL: SELECT `userID` FROM `t_userinfo` WHERE `userName` = 'jierui' LIMIT 1   [ RunTime:0.0003s ]
SQL: SELECT `imagePath` FROM `t_userinfo` WHERE `userName` = 'jierui' LIMIT 1   [ RunTime:0.0002s ]
NOTIC: [2] call_user_func() expects parameter 1 to be a valid callback, no array or string given E:\PHP\httpd-2.4.18-win64-VC14\Apache24\htdocs\eduresPro\ThinkPHP\Library\Think\Upload.class.php 第 170 行.
NOTIC: [2] mkdir(): File exists E:\PHP\httpd-2.4.18-win64-VC14\Apache24\htdocs\eduresPro\Application\Home\Controller\IndexController.class.php 第 211 行.
SQL: UPDATE `t_userinfo` SET `imagePath`='Uploads/images//uerImgimg_11452955414.jpg' WHERE `userName` = 'jierui' [ RunTime:0.0769s ]
INFO: [ app_end ] --START--
INFO: Run Behavior\ShowPageTraceBehavior [ RunTime:0.002071s ]
INFO: [ app_end ] --END-- [ RunTime:0.002232s ]

[ 2016-01-16T22:44:50+08:00 ] ::1 /eduresPro/index.php/Home/Index/js/tab.js
ERR: 非法操作:js

[ 2016-01-16T22:45:02+08:00 ] ::1 /eduresPro/index.php/Home/Index/js/tab.js
ERR: 非法操作:js

[ 2016-01-16T22:45:07+08:00 ] ::1 /eduresPro/index.php/Home/Index/img_upload
INFO: [ app_begin ] --START--
INFO: Run Behavior\ReadHtmlCacheBehavior [ RunTime:0.001005s ]
INFO: [ app_begin ] --END-- [ RunTime:0.001638s ]
SQL: SHOW COLUMNS FROM `t_userinfo` [ RunTime:0.0112s ]
SQL: SELECT `userID` FROM `t_userinfo` WHERE `userName` = 'jierui' LIMIT 1   [ RunTime:0.0003s ]
SQL: SELECT `imagePath` FROM `t_userinfo` WHERE `userName` = 'jierui' LIMIT 1   [ RunTime:0.0002s ]
NOTIC: [2] call_user_func() expects parameter 1 to be a valid callback, no array or string given E:\PHP\httpd-2.4.18-win64-VC14\Apache24\htdocs\eduresPro\ThinkPHP\Library\Think\Upload.class.php 第 170 行.
NOTIC: [2] mkdir(): File exists E:\PHP\httpd-2.4.18-win64-VC14\Apache24\htdocs\eduresPro\Application\Home\Controller\IndexController.class.php 第 211 行.
NOTIC: [2] imagejpeg(Uploads/images/uerImg/img_11452955507.jpg): failed to open stream: No such file or directory E:\PHP\httpd-2.4.18-win64-VC14\Apache24\htdocs\eduresPro\ThinkPHP\Library\Think\Image\Driver\Gd.class.php 第 94 行.
SQL: UPDATE `t_userinfo` SET `imagePath`='Uploads/images/uerImg/img_11452955507.jpg' WHERE `userName` = 'jierui' [ RunTime:0.0572s ]
INFO: [ app_end ] --START--
INFO: Run Behavior\ShowPageTraceBehavior [ RunTime:0.000757s ]
INFO: [ app_end ] --END-- [ RunTime:0.000812s ]

[ 2016-01-16T22:45:32+08:00 ] ::1 /eduresPro/index.php/Home/Index/js/tab.js
ERR: 非法操作:js

[ 2016-01-16T22:45:35+08:00 ] ::1 /eduresPro/index.php/Home/Index/js/tab.js
ERR: 非法操作:js

[ 2016-01-16T22:45:50+08:00 ] ::1 /eduresPro/index.php/Home/Index/img_upload
INFO: [ app_begin ] --START--
INFO: Run Behavior\ReadHtmlCacheBehavior [ RunTime:0.003480s ]
INFO: [ app_begin ] --END-- [ RunTime:0.005922s ]
SQL: SHOW COLUMNS FROM `t_userinfo` [ RunTime:0.0100s ]
SQL: SELECT `userID` FROM `t_userinfo` WHERE `userName` = 'jierui' LIMIT 1   [ RunTime:0.0003s ]
SQL: SELECT `imagePath` FROM `t_userinfo` WHERE `userName` = 'jierui' LIMIT 1   [ RunTime:0.0002s ]
NOTIC: [2] call_user_func() expects parameter 1 to be a valid callback, no array or string given E:\PHP\httpd-2.4.18-win64-VC14\Apache24\htdocs\eduresPro\ThinkPHP\Library\Think\Upload.class.php 第 170 行.
NOTIC: [8] Undefined variable: fileName E:\PHP\httpd-2.4.18-win64-VC14\Apache24\htdocs\eduresPro\Application\Home\Controller\IndexController.class.php 第 200 行.
NOTIC: [8] Undefined variable: fileName E:\PHP\httpd-2.4.18-win64-VC14\Apache24\htdocs\eduresPro\Application\Home\Controller\IndexController.class.php 第 200 行.
NOTIC: [8] Undefined variable: url E:\PHP\httpd-2.4.18-win64-VC14\Apache24\htdocs\eduresPro\Application\Home\Controller\IndexController.class.php 第 200 行.
NOTIC: [2] mkdir(): File exists E:\PHP\httpd-2.4.18-win64-VC14\Apache24\htdocs\eduresPro\Application\Home\Controller\IndexController.class.php 第 211 行.
NOTIC: [2] imagejpeg(Uploads/images/uerImg/img_11452955550.jpg): failed to open stream: No such file or directory E:\PHP\httpd-2.4.18-win64-VC14\Apache24\htdocs\eduresPro\ThinkPHP\Library\Think\Image\Driver\Gd.class.php 第 94 行.
SQL: UPDATE `t_userinfo` SET `imagePath`='Uploads/images/uerImg/img_11452955550.jpg' WHERE `userName` = 'jierui' [ RunTime:0.0487s ]
INFO: [ app_end ] --START--
INFO: Run Behavior\ShowPageTraceBehavior [ RunTime:0.000878s ]
INFO: [ app_end ] --END-- [ RunTime:0.000933s ]

[ 2016-01-16T22:48:49+08:00 ] ::1 /eduresPro/index.php/Home/Index/img_upload
INFO: [ app_begin ] --START--
INFO: Run Behavior\ReadHtmlCacheBehavior [ RunTime:0.000697s ]
INFO: [ app_begin ] --END-- [ RunTime:0.001046s ]
SQL: SHOW COLUMNS FROM `t_userinfo` [ RunTime:0.0110s ]
SQL: SELECT `userID` FROM `t_userinfo` WHERE `userName` = 'jierui' LIMIT 1   [ RunTime:0.0003s ]
SQL: SELECT `imagePath` FROM `t_userinfo` WHERE `userName` = 'jierui' LIMIT 1   [ RunTime:0.0002s ]
NOTIC: [2] call_user_func() expects parameter 1 to be a valid callback, no array or string given E:\PHP\httpd-2.4.18-win64-VC14\Apache24\htdocs\eduresPro\ThinkPHP\Library\Think\Upload.class.php 第 170 行.
NOTIC: [8] Undefined variable: fileName E:\PHP\httpd-2.4.18-win64-VC14\Apache24\htdocs\eduresPro\Application\Home\Controller\IndexController.class.php 第 200 行.
NOTIC: [8] Undefined variable: fileName E:\PHP\httpd-2.4.18-win64-VC14\Apache24\htdocs\eduresPro\Application\Home\Controller\IndexController.class.php 第 200 行.
NOTIC: [8] Undefined variable: url E:\PHP\httpd-2.4.18-win64-VC14\Apache24\htdocs\eduresPro\Application\Home\Controller\IndexController.class.php 第 200 行.
SQL: UPDATE `t_userinfo` SET `imagePath`='Uploads/images/userImg/img_11452955728.jpg' WHERE `userName` = 'jierui' [ RunTime:0.0832s ]
INFO: [ app_end ] --START--
INFO: Run Behavior\ShowPageTraceBehavior [ RunTime:0.000895s ]
INFO: [ app_end ] --END-- [ RunTime:0.000952s ]

[ 2016-01-16T22:49:00+08:00 ] ::1 /eduresPro/index.php/Home/Index/js/tab.js
ERR: 非法操作:js

[ 2016-01-16T22:49:19+08:00 ] ::1 /eduresPro/index.php/Home/Index/img_upload
INFO: [ app_begin ] --START--
INFO: Run Behavior\ReadHtmlCacheBehavior [ RunTime:0.000633s ]
INFO: [ app_begin ] --END-- [ RunTime:0.001009s ]
SQL: SHOW COLUMNS FROM `t_userinfo` [ RunTime:0.0089s ]
SQL: SELECT `userID` FROM `t_userinfo` WHERE `userName` = 'jierui' LIMIT 1   [ RunTime:0.0003s ]
SQL: SELECT `imagePath` FROM `t_userinfo` WHERE `userName` = 'jierui' LIMIT 1   [ RunTime:0.0002s ]
NOTIC: [2] call_user_func() expects parameter 1 to be a valid callback, no array or string given E:\PHP\httpd-2.4.18-win64-VC14\Apache24\htdocs\eduresPro\ThinkPHP\Library\Think\Upload.class.php 第 170 行.
NOTIC: [8] Undefined variable: url E:\PHP\httpd-2.4.18-win64-VC14\Apache24\htdocs\eduresPro\Application\Home\Controller\IndexController.class.php 第 200 行.
SQL: UPDATE `t_userinfo` SET `imagePath`='Uploads/images/userImg/img_11452955759.jpg' WHERE `userName` = 'jierui' [ RunTime:0.0445s ]
INFO: [ app_end ] --START--
INFO: Run Behavior\ShowPageTraceBehavior [ RunTime:0.000765s ]
INFO: [ app_end ] --END-- [ RunTime:0.000823s ]

[ 2016-01-16T22:49:23+08:00 ] ::1 /eduresPro/index.php/Home/Index/js/tab.js
ERR: 非法操作:js

[ 2016-01-16T22:51:12+08:00 ] ::1 /eduresPro/index.php/Home/Index/img_upload
INFO: [ app_begin ] --START--
INFO: Run Behavior\ReadHtmlCacheBehavior [ RunTime:0.000958s ]
INFO: [ app_begin ] --END-- [ RunTime:0.001413s ]
SQL: SHOW COLUMNS FROM `t_userinfo` [ RunTime:0.0112s ]
SQL: SELECT `userID` FROM `t_userinfo` WHERE `userName` = 'jierui' LIMIT 1   [ RunTime:0.0003s ]
SQL: SELECT `imagePath` FROM `t_userinfo` WHERE `userName` = 'jierui' LIMIT 1   [ RunTime:0.0002s ]
NOTIC: [2] call_user_func() expects parameter 1 to be a valid callback, no array or string given E:\PHP\httpd-2.4.18-win64-VC14\Apache24\htdocs\eduresPro\ThinkPHP\Library\Think\Upload.class.php 第 170 行.
NOTIC: [8] Undefined variable: url E:\PHP\httpd-2.4.18-win64-VC14\Apache24\htdocs\eduresPro\Application\Home\Controller\IndexController.class.php 第 200 行.
SQL: UPDATE `t_userinfo` SET `imagePath`='Uploads/images/userImg/img_11452955872.jpg' WHERE `userName` = 'jierui' [ RunTime:0.0894s ]
INFO: [ app_end ] --START--
INFO: Run Behavior\ShowPageTraceBehavior [ RunTime:0.000848s ]
INFO: [ app_end ] --END-- [ RunTime:0.000914s ]

[ 2016-01-16T22:53:05+08:00 ] ::1 /eduresPro/index.php/Home/Index/img_upload
INFO: [ app_begin ] --START--
INFO: Run Behavior\ReadHtmlCacheBehavior [ RunTime:0.000546s ]
INFO: [ app_begin ] --END-- [ RunTime:0.000931s ]
SQL: SHOW COLUMNS FROM `t_userinfo` [ RunTime:0.0100s ]
SQL: SELECT `userID` FROM `t_userinfo` WHERE `userName` = 'jierui' LIMIT 1   [ RunTime:0.0003s ]
SQL: SELECT `imagePath` FROM `t_userinfo` WHERE `userName` = 'jierui' LIMIT 1   [ RunTime:0.0001s ]
NOTIC: [2] call_user_func() expects parameter 1 to be a valid callback, no array or string given E:\PHP\httpd-2.4.18-win64-VC14\Apache24\htdocs\eduresPro\ThinkPHP\Library\Think\Upload.class.php 第 170 行.
SQL: UPDATE `t_userinfo` SET `imagePath`='Uploads/images/userImg/img_11452955985.jpg' WHERE `userName` = 'jierui' [ RunTime:0.0639s ]
INFO: [ app_end ] --START--
INFO: Run Behavior\ShowPageTraceBehavior [ RunTime:0.001731s ]
INFO: [ app_end ] --END-- [ RunTime:0.001846s ]

[ 2016-01-16T22:53:22+08:00 ] ::1 /eduresPro/index.php/Home/Index/js/tab.js
ERR: 非法操作:js

[ 2016-01-16T22:53:24+08:00 ] ::1 /eduresPro/index.php/Home/Index/js/tab.js
ERR: 非法操作:js

[ 2016-01-16T22:53:43+08:00 ] ::1 /eduresPro/index.php/Home/Index/js/tab.js
ERR: 非法操作:js

[ 2016-01-16T22:58:51+08:00 ] ::1 /eduresPro/index.php/Home/Index/js/tab.js
ERR: 非法操作:js

[ 2016-01-16T22:59:19+08:00 ] ::1 /eduresPro/index.php/Home/Index/js/tab.js
ERR: 非法操作:js

[ 2016-01-16T23:00:11+08:00 ] ::1 /eduresPro/index.php/Home/Index/js/tab.js
ERR: 非法操作:js

[ 2016-01-16T23:02:38+08:00 ] ::1 /eduresPro/index.php/Home/Index/js/tab.js
ERR: 非法操作:js

[ 2016-01-16T23:07:37+08:00 ] ::1 /eduresPro/index.php/Home/Index/img_upload
INFO: [ app_begin ] --START--
INFO: Run Behavior\ReadHtmlCacheBehavior [ RunTime:0.000665s ]
INFO: [ app_begin ] --END-- [ RunTime:0.001266s ]
SQL: SHOW COLUMNS FROM `t_userinfo` [ RunTime:0.0114s ]
SQL: SELECT `userID` FROM `t_userinfo` WHERE `userName` = 'jierui' LIMIT 1   [ RunTime:0.0003s ]
SQL: SELECT `imagePath` FROM `t_userinfo` WHERE `userName` = 'jierui' LIMIT 1   [ RunTime:0.0002s ]
NOTIC: [2] call_user_func() expects parameter 1 to be a valid callback, no array or string given E:\PHP\httpd-2.4.18-win64-VC14\Apache24\htdocs\eduresPro\ThinkPHP\Library\Think\Upload.class.php 第 170 行.
SQL: UPDATE `t_userinfo` SET `imagePath`='Uploads/images/userImg/img_11452956857.jpg' WHERE `userName` = 'jierui' [ RunTime:0.0724s ]
INFO: [ app_end ] --START--
INFO: Run Behavior\ShowPageTraceBehavior [ RunTime:0.001535s ]
INFO: [ app_end ] --END-- [ RunTime:0.001656s ]

[ 2016-01-16T23:13:08+08:00 ] ::1 /eduresPro/index.php/Home/Index/js/tab.js
ERR: 非法操作:js

[ 2016-01-16T23:15:47+08:00 ] ::1 /eduresPro/index.php/Home/Index/js/tab.js
ERR: 非法操作:js

[ 2016-01-16T23:15:53+08:00 ] ::1 /eduresPro/index.php/Home/Index/img_upload
INFO: [ app_begin ] --START--
INFO: Run Behavior\ReadHtmlCacheBehavior [ RunTime:0.001916s ]
INFO: [ app_begin ] --END-- [ RunTime:0.002482s ]
SQL: SHOW COLUMNS FROM `t_userinfo` [ RunTime:0.0123s ]
SQL: SELECT `userID` FROM `t_userinfo` WHERE `userName` = 'jierui' LIMIT 1   [ RunTime:0.0003s ]
SQL: SELECT `imagePath` FROM `t_userinfo` WHERE `userName` = 'jierui' LIMIT 1   [ RunTime:0.0001s ]
NOTIC: [2] call_user_func() expects parameter 1 to be a valid callback, no array or string given E:\PHP\httpd-2.4.18-win64-VC14\Apache24\htdocs\eduresPro\ThinkPHP\Library\Think\Upload.class.php 第 170 行.
SQL: UPDATE `t_userinfo` SET `imagePath`='Uploads/images/userImg/img_11452957353.jpg' WHERE `userName` = 'jierui' [ RunTime:0.0312s ]
INFO: [ app_end ] --START--
INFO: Run Behavior\ShowPageTraceBehavior [ RunTime:0.000770s ]
INFO: [ app_end ] --END-- [ RunTime:0.000844s ]

[ 2016-01-16T23:23:02+08:00 ] ::1 /eduresPro/index.php/Home/Index/js/tab.js
ERR: 非法操作:js

[ 2016-01-16T23:23:07+08:00 ] ::1 /eduresPro/index.php/Home/Index/img_upload
INFO: [ app_begin ] --START--
INFO: Run Behavior\ReadHtmlCacheBehavior [ RunTime:0.000953s ]
INFO: [ app_begin ] --END-- [ RunTime:0.001530s ]
SQL: SHOW COLUMNS FROM `t_userinfo` [ RunTime:0.0108s ]
SQL: SELECT `userID` FROM `t_userinfo` WHERE `userName` = 'jierui' LIMIT 1   [ RunTime:0.0003s ]
SQL: SELECT `imagePath` FROM `t_userinfo` WHERE `userName` = 'jierui' LIMIT 1   [ RunTime:0.0002s ]
NOTIC: [2] call_user_func() expects parameter 1 to be a valid callback, no array or string given E:\PHP\httpd-2.4.18-win64-VC14\Apache24\htdocs\eduresPro\ThinkPHP\Library\Think\Upload.class.php 第 170 行.
SQL: UPDATE `t_userinfo` SET `imagePath`='Uploads/images/userImg/img_11452957787.jpg' WHERE `userName` = 'jierui' [ RunTime:0.0806s ]
INFO: [ app_end ] --START--
INFO: Run Behavior\ShowPageTraceBehavior [ RunTime:0.000867s ]
INFO: [ app_end ] --END-- [ RunTime:0.000925s ]

[ 2016-01-16T23:25:00+08:00 ] ::1 /eduresPro/index.php/Home/Index/js/tab.js
ERR: 非法操作:js

[ 2016-01-16T23:25:00+08:00 ] ::1 /eduresPro/index.php/Home/Index/img_upload
INFO: [ app_begin ] --START--
INFO: Run Behavior\ReadHtmlCacheBehavior [ RunTime:0.001084s ]
INFO: [ app_begin ] --END-- [ RunTime:0.001745s ]
SQL: SHOW COLUMNS FROM `t_userinfo` [ RunTime:0.0243s ]
SQL: SELECT `userID` FROM `t_userinfo` WHERE `userName` = 'jierui' LIMIT 1   [ RunTime:0.0004s ]
SQL: SELECT `imagePath` FROM `t_userinfo` WHERE `userName` = 'jierui' LIMIT 1   [ RunTime:0.0004s ]
NOTIC: [2] call_user_func() expects parameter 1 to be a valid callback, no array or string given E:\PHP\httpd-2.4.18-win64-VC14\Apache24\htdocs\eduresPro\ThinkPHP\Library\Think\Upload.class.php 第 170 行.
SQL: UPDATE `t_userinfo` SET `imagePath`='Uploads/images/userImg/img_11452957900.jpg' WHERE `userName` = 'jierui' [ RunTime:0.0431s ]
INFO: [ app_end ] --START--
INFO: Run Behavior\ShowPageTraceBehavior [ RunTime:0.000604s ]
INFO: [ app_end ] --END-- [ RunTime:0.000666s ]

[ 2016-01-16T23:25:40+08:00 ] ::1 /eduresPro/index.php/Home/Index/img_upload
INFO: [ app_begin ] --START--
INFO: Run Behavior\ReadHtmlCacheBehavior [ RunTime:0.000561s ]
INFO: [ app_begin ] --END-- [ RunTime:0.000962s ]
SQL: SHOW COLUMNS FROM `t_userinfo` [ RunTime:0.0106s ]
SQL: SELECT `userID` FROM `t_userinfo` WHERE `userName` = 'jierui' LIMIT 1   [ RunTime:0.0003s ]
SQL: SELECT `imagePath` FROM `t_userinfo` WHERE `userName` = 'jierui' LIMIT 1   [ RunTime:0.0002s ]
NOTIC: [2] call_user_func() expects parameter 1 to be a valid callback, no array or string given E:\PHP\httpd-2.4.18-win64-VC14\Apache24\htdocs\eduresPro\ThinkPHP\Library\Think\Upload.class.php 第 170 行.
SQL: UPDATE `t_userinfo` SET `imagePath`='Uploads/images/userImg/img_11452957940.png' WHERE `userName` = 'jierui' [ RunTime:0.0683s ]
INFO: [ app_end ] --START--
INFO: Run Behavior\ShowPageTraceBehavior [ RunTime:0.000742s ]
INFO: [ app_end ] --END-- [ RunTime:0.000798s ]

[ 2016-01-16T23:45:30+08:00 ] ::1 /eduresPro/index.php/Home/Index/js/tab.js
ERR: 非法操作:js

[ 2016-01-16T23:58:48+08:00 ] ::1 /eduresPro/index.php/Home/Index/img_upload
INFO: [ app_begin ] --START--
INFO: Run Behavior\ReadHtmlCacheBehavior [ RunTime:0.000844s ]
INFO: [ app_begin ] --END-- [ RunTime:0.001310s ]
SQL: SHOW COLUMNS FROM `t_userinfo` [ RunTime:0.0184s ]
SQL: SELECT `userID` FROM `t_userinfo` WHERE `userName` = 'jierui' LIMIT 1   [ RunTime:0.0003s ]
SQL: SELECT `imagePath` FROM `t_userinfo` WHERE `userName` = 'jierui' LIMIT 1   [ RunTime:0.0002s ]
INFO: [ app_end ] --START--
INFO: Run Behavior\ShowPageTraceBehavior [ RunTime:0.000501s ]
INFO: [ app_end ] --END-- [ RunTime:0.000561s ]

