[ 2016-01-17T00:09:21+08:00 ] ::1 /eduresPro/index.php/Home/Index/js/tab.js
ERR: 非法操作:js

[ 2016-01-17T00:09:25+08:00 ] ::1 /eduresPro/index.php/Home/Index/img_upload
INFO: [ app_begin ] --START--
INFO: Run Behavior\ReadHtmlCacheBehavior [ RunTime:0.000550s ]
INFO: [ app_begin ] --END-- [ RunTime:0.000892s ]
SQL: SHOW COLUMNS FROM `t_userinfo` [ RunTime:0.0099s ]
SQL: SELECT `userID` FROM `t_userinfo` WHERE `userName` = 'jierui' LIMIT 1   [ RunTime:0.0003s ]
SQL: SELECT `imagePath` FROM `t_userinfo` WHERE `userName` = 'jierui' LIMIT 1   [ RunTime:0.0002s ]
INFO: [ app_end ] --START--
INFO: Run Behavior\ShowPageTraceBehavior [ RunTime:0.000431s ]
INFO: [ app_end ] --END-- [ RunTime:0.000493s ]

[ 2016-01-17T00:09:54+08:00 ] ::1 /eduresPro/index.php/Home/Index/js/tab.js
ERR: 非法操作:js

[ 2016-01-17T00:09:59+08:00 ] ::1 /eduresPro/index.php/Home/Index/img_upload
INFO: [ app_begin ] --START--
INFO: Run Behavior\ReadHtmlCacheBehavior [ RunTime:0.000579s ]
INFO: [ app_begin ] --END-- [ RunTime:0.000982s ]
SQL: SHOW COLUMNS FROM `t_userinfo` [ RunTime:0.0131s ]
SQL: SELECT `userID` FROM `t_userinfo` WHERE `userName` = 'jierui' LIMIT 1   [ RunTime:0.0003s ]
SQL: SELECT `imagePath` FROM `t_userinfo` WHERE `userName` = 'jierui' LIMIT 1   [ RunTime:0.0002s ]
NOTIC: [2] call_user_func() expects parameter 1 to be a valid callback, no array or string given E:\PHP\httpd-2.4.18-win64-VC14\Apache24\htdocs\eduresPro\ThinkPHP\Library\Think\Upload.class.php 第 170 行.
SQL: UPDATE `t_userinfo` SET `imagePath`='Uploads/images/userImg/img_11452960599.png' WHERE `userName` = 'jierui' [ RunTime:0.1745s ]
INFO: [ app_end ] --START--
INFO: Run Behavior\ShowPageTraceBehavior [ RunTime:0.001600s ]
INFO: [ app_end ] --END-- [ RunTime:0.001719s ]

[ 2016-01-17T11:04:11+08:00 ] ::1 /eduresPro/index.php/Home/Index/js/tab.js
ERR: 非法操作:js

[ 2016-01-17T13:12:26+08:00 ] ::1 /eduresPro/index.php/Home/Index/js/tab.js
ERR: 非法操作:js

[ 2016-01-17T13:12:46+08:00 ] ::1 /eduresPro/index.php/Home/Index/img_upload
INFO: [ app_begin ] --START--
INFO: Run Behavior\ReadHtmlCacheBehavior [ RunTime:0.000602s ]
INFO: [ app_begin ] --END-- [ RunTime:0.000947s ]
SQL: SHOW COLUMNS FROM `t_userinfo` [ RunTime:0.0161s ]
SQL: SELECT `userID` FROM `t_userinfo` WHERE `userName` = 'jierui' LIMIT 1   [ RunTime:0.0003s ]
SQL: SELECT `imagePath` FROM `t_userinfo` WHERE `userName` = 'jierui' LIMIT 1   [ RunTime:0.0002s ]
NOTIC: [2] call_user_func() expects parameter 1 to be a valid callback, no array or string given E:\PHP\httpd-2.4.18-win64-VC14\Apache24\htdocs\eduresPro\ThinkPHP\Library\Think\Upload.class.php 第 170 行.
SQL: UPDATE `t_userinfo` SET `imagePath`='Uploads/images/userImg/img_11453007566.jpg' WHERE `userName` = 'jierui' [ RunTime:0.0757s ]
INFO: [ app_end ] --START--
INFO: Run Behavior\ShowPageTraceBehavior [ RunTime:0.000727s ]
INFO: [ app_end ] --END-- [ RunTime:0.000780s ]

[ 2016-01-17T13:14:18+08:00 ] ::1 /eduresPro/index.php/Home/Index/js/tab.js
ERR: 非法操作:js

[ 2016-01-17T13:14:22+08:00 ] ::1 /eduresPro/index.php/Home/Index/img_upload
INFO: [ app_begin ] --START--
INFO: Run Behavior\ReadHtmlCacheBehavior [ RunTime:0.000601s ]
INFO: [ app_begin ] --END-- [ RunTime:0.000973s ]
SQL: SHOW COLUMNS FROM `t_userinfo` [ RunTime:0.0118s ]
SQL: SELECT `userID` FROM `t_userinfo` WHERE `userName` = 'jierui' LIMIT 1   [ RunTime:0.0003s ]
SQL: SELECT `imagePath` FROM `t_userinfo` WHERE `userName` = 'jierui' LIMIT 1   [ RunTime:0.0002s ]
NOTIC: [2] call_user_func() expects parameter 1 to be a valid callback, no array or string given E:\PHP\httpd-2.4.18-win64-VC14\Apache24\htdocs\eduresPro\ThinkPHP\Library\Think\Upload.class.php 第 170 行.
SQL: UPDATE `t_userinfo` SET `imagePath`='Uploads/images/userImg/img_11453007662.jpg' WHERE `userName` = 'jierui' [ RunTime:0.1301s ]
INFO: [ app_end ] --START--
INFO: Run Behavior\ShowPageTraceBehavior [ RunTime:0.001596s ]
INFO: [ app_end ] --END-- [ RunTime:0.001730s ]

[ 2016-01-17T13:14:27+08:00 ] ::1 /eduresPro/index.php/Home/Index/img_upload
INFO: [ app_begin ] --START--
INFO: Run Behavior\ReadHtmlCacheBehavior [ RunTime:0.000797s ]
INFO: [ app_begin ] --END-- [ RunTime:0.001309s ]
SQL: SHOW COLUMNS FROM `t_userinfo` [ RunTime:0.0118s ]
SQL: SELECT `userID` FROM `t_userinfo` WHERE `userName` = 'jierui' LIMIT 1   [ RunTime:0.0004s ]
SQL: SELECT `imagePath` FROM `t_userinfo` WHERE `userName` = 'jierui' LIMIT 1   [ RunTime:0.0002s ]
NOTIC: [2] call_user_func() expects parameter 1 to be a valid callback, no array or string given E:\PHP\httpd-2.4.18-win64-VC14\Apache24\htdocs\eduresPro\ThinkPHP\Library\Think\Upload.class.php 第 170 行.
SQL: UPDATE `t_userinfo` SET `imagePath`='Uploads/images/userImg/img_11453007667.jpg' WHERE `userName` = 'jierui' [ RunTime:0.0556s ]
INFO: [ app_end ] --START--
INFO: Run Behavior\ShowPageTraceBehavior [ RunTime:0.001605s ]
INFO: [ app_end ] --END-- [ RunTime:0.001711s ]

[ 2016-01-17T13:25:51+08:00 ] ::1 /eduresPro/index.php/Home/Index/js/tab.js
ERR: 非法操作:js

[ 2016-01-17T13:28:00+08:00 ] ::1 /eduresPro/index.php/Home/Index/js/tab.js
ERR: 非法操作:js

[ 2016-01-17T13:30:07+08:00 ] ::1 /eduresPro/index.php/Home/Index/js/tab.js
ERR: 非法操作:js

[ 2016-01-17T13:32:54+08:00 ] ::1 /eduresPro/index.php/Home/Index/js/tab.js
ERR: 非法操作:js

[ 2016-01-17T13:33:48+08:00 ] ::1 /eduresPro/index.php/Home/Index/js/tab.js
ERR: 非法操作:js

[ 2016-01-17T13:34:57+08:00 ] ::1 /eduresPro/index.php/Home/Index/js/tab.js
ERR: 非法操作:js

[ 2016-01-17T13:36:33+08:00 ] ::1 /eduresPro/index.php/Home/Index/js/tab.js
ERR: 非法操作:js

[ 2016-01-17T13:37:36+08:00 ] ::1 /eduresPro/index.php/Home/Index/js/tab.js
ERR: 非法操作:js

[ 2016-01-17T13:39:27+08:00 ] ::1 /eduresPro/index.php/Home/Index/js/tab.js
ERR: 非法操作:js

[ 2016-01-17T13:41:05+08:00 ] ::1 /eduresPro/index.php/Home/Index/js/tab.js
ERR: 非法操作:js

[ 2016-01-17T13:42:44+08:00 ] ::1 /eduresPro/index.php/Home/Index/js/tab.js
ERR: 非法操作:js

[ 2016-01-17T13:43:19+08:00 ] ::1 /eduresPro/index.php/Home/Index/js/tab.js
ERR: 非法操作:js

[ 2016-01-17T13:48:37+08:00 ] ::1 /eduresPro/index.php/Home/Index/js/tab.js
ERR: 非法操作:js

[ 2016-01-17T14:30:14+08:00 ] ::1 /eduresPro/index.php/Home/Index/js/tab.js
ERR: 非法操作:js

[ 2016-01-17T14:31:15+08:00 ] ::1 /eduresPro/index.php/Home/Index/js/tab.js
ERR: 非法操作:js

[ 2016-01-17T14:32:19+08:00 ] ::1 /eduresPro/index.php/Home/Index/js/tab.js
ERR: 非法操作:js

[ 2016-01-17T14:33:52+08:00 ] ::1 /eduresPro/index.php/Home/Index/js/tab.js
ERR: 非法操作:js

[ 2016-01-17T14:38:44+08:00 ] ::1 /eduresPro/index.php/Home/Index/js/tab.js
ERR: 非法操作:js

[ 2016-01-17T14:47:55+08:00 ] ::1 /eduresPro/index.php/Home/Index/js/tab.js
ERR: 非法操作:js

[ 2016-01-17T14:48:32+08:00 ] ::1 /eduresPro/index.php/Home/Index/js/tab.js
ERR: 非法操作:js

[ 2016-01-17T14:48:53+08:00 ] ::1 /eduresPro/index.php/Home/Index/js/tab.js
ERR: 非法操作:js

[ 2016-01-17T14:48:56+08:00 ] ::1 /eduresPro/index.php/Home/Index/js/tab.js
ERR: 非法操作:js

[ 2016-01-17T14:50:05+08:00 ] ::1 /eduresPro/index.php/Home/Index/js/tab.js
ERR: 非法操作:js

[ 2016-01-17T14:50:47+08:00 ] ::1 /eduresPro/index.php/Home/Index/js/tab.js
ERR: 非法操作:js

[ 2016-01-17T14:54:19+08:00 ] ::1 /eduresPro/index.php/Home/Index/js/tab.js
ERR: 非法操作:js

[ 2016-01-17T14:55:02+08:00 ] ::1 /eduresPro/index.php/Home/Index/js/tab.js
ERR: 非法操作:js

[ 2016-01-17T14:58:39+08:00 ] ::1 /eduresPro/index.php/Home/Index/js/tab.js
ERR: 非法操作:js

[ 2016-01-17T15:06:37+08:00 ] ::1 /eduresPro/index.php/Home/Index/js/tab.js
ERR: 非法操作:js

[ 2016-01-17T15:08:02+08:00 ] ::1 /eduresPro/index.php/Home/Index/js/tab.js
ERR: 非法操作:js

[ 2016-01-17T22:09:26+08:00 ] ::1 /eduresPro/index.php/Home/Index/js/tab.js
ERR: 非法操作:js

[ 2016-01-17T22:13:58+08:00 ] ::1 /eduresPro/index.php/Home/Index/js/tab.js
ERR: 非法操作:js

[ 2016-01-17T22:15:00+08:00 ] ::1 /eduresPro/index.php/Home/Index/js/tab.js
ERR: 非法操作:js

[ 2016-01-17T22:15:01+08:00 ] ::1 /eduresPro/index.php/Home/Index/js/tab.js
ERR: 非法操作:js

[ 2016-01-17T22:18:58+08:00 ] ::1 /eduresPro/index.php/Home/Index/js/tab.js
ERR: 非法操作:js

[ 2016-01-17T22:19:04+08:00 ] ::1 /eduresPro/index.php/Home/Index/img_upload
INFO: [ app_begin ] --START--
INFO: Run Behavior\ReadHtmlCacheBehavior [ RunTime:0.000880s ]
INFO: [ app_begin ] --END-- [ RunTime:0.001699s ]
SQL: SHOW COLUMNS FROM `t_userinfo` [ RunTime:0.0462s ]
SQL: SELECT `userID` FROM `t_userinfo` WHERE `userName` = '娄杰' LIMIT 1   [ RunTime:0.0003s ]
SQL: SELECT `imagePath` FROM `t_userinfo` WHERE `userName` = '娄杰' LIMIT 1   [ RunTime:0.0002s ]
NOTIC: [2] call_user_func() expects parameter 1 to be a valid callback, no array or string given E:\PHP\httpd-2.4.18-win64-VC14\Apache24\htdocs\eduresPro\ThinkPHP\Library\Think\Upload.class.php 第 170 行.
SQL: UPDATE `t_userinfo` SET `imagePath`='Uploads/images/userImg/img_21453040344.jpg' WHERE `userName` = '娄杰' [ RunTime:0.0398s ]
INFO: [ app_end ] --START--
INFO: Run Behavior\ShowPageTraceBehavior [ RunTime:0.000775s ]
INFO: [ app_end ] --END-- [ RunTime:0.000830s ]

[ 2016-01-17T22:33:28+08:00 ] ::1 /eduresPro/index.php/Home/Index/js/tab.js
ERR: 非法操作:js

[ 2016-01-17T22:34:38+08:00 ] ::1 /eduresPro/index.php/Home/Index/js/tab.js
ERR: 非法操作:js

[ 2016-01-17T22:34:48+08:00 ] ::1 /eduresPro/index.php/Home/Index/js/tab.js
ERR: 非法操作:js

[ 2016-01-17T22:40:21+08:00 ] ::1 /eduresPro/index.php/Home/Index/js/tab.js
ERR: 非法操作:js

[ 2016-01-17T22:53:19+08:00 ] ::1 /eduresPro/index.php/Home/Index/js/tab.js
ERR: 非法操作:js

[ 2016-01-17T22:53:31+08:00 ] ::1 /eduresPro/index.php/Home/Index/js/tab.js
ERR: 非法操作:js

[ 2016-01-17T22:56:04+08:00 ] ::1 /eduresPro/index.php/Home/Index/js/tab.js
ERR: 非法操作:js

[ 2016-01-17T22:56:28+08:00 ] ::1 /eduresPro/index.php/Home/Index/js/tab.js
ERR: 非法操作:js

[ 2016-01-17T22:58:05+08:00 ] ::1 /eduresPro/index.php/Home/Index/js/tab.js
ERR: 非法操作:js

[ 2016-01-17T22:58:09+08:00 ] ::1 /eduresPro/index.php/Home/Index/js/tab.js
ERR: 非法操作:js

[ 2016-01-17T23:00:22+08:00 ] ::1 /eduresPro/index.php/Home/Index/js/tab.js
ERR: 非法操作:js

[ 2016-01-17T23:00:25+08:00 ] ::1 /eduresPro/index.php/Home/Index/js/tab.js
ERR: 非法操作:js

[ 2016-01-17T23:17:42+08:00 ] ::1 /eduresPro/index.php/Home/Index/js/tab.js
ERR: 非法操作:js

