[ 2016-04-28T11:07:57+08:00 ] ::1 /eduresPro/index.php/Home/Index/images/video.mp4
ERR: 非法操作:images

[ 2016-04-28T11:07:57+08:00 ] ::1 /eduresPro/index.php/Home/Index/images/video.mp4
ERR: 非法操作:images

[ 2016-04-28T11:07:57+08:00 ] ::1 /eduresPro/index.php/Home/Index/images/video.mp4
ERR: 非法操作:images

[ 2016-04-28T11:07:57+08:00 ] ::1 /eduresPro/index.php/Home/Index/images/video.mp4
ERR: 非法操作:images

[ 2016-04-28T11:07:57+08:00 ] ::1 /eduresPro/index.php/Home/Index/images/video.mp4
ERR: 非法操作:images

[ 2016-04-28T22:19:38+08:00 ] ::1 /eduresPro/index.php/Home/Index/addCourceResource
ERR: 非法操作:addCourceResource

[ 2016-04-28T22:20:04+08:00 ] ::1 /eduresPro/index.php/Home/Index/addCourceResource
ERR: 非法操作:addCourceResource

[ 2016-04-28T22:20:12+08:00 ] ::1 /eduresPro/index.php/Home/Index/addCourceResource
ERR: 非法操作:addCourceResource

[ 2016-04-28T22:20:34+08:00 ] ::1 /eduresPro/index.php/Home/Index/addCourceResourse
ERR: 非法操作:addCourceResourse

[ 2016-04-28T22:20:37+08:00 ] ::1 /eduresPro/index.php/Home/Index/addCourceResourse
ERR: 非法操作:addCourceResourse

[ 2016-04-28T23:52:03+08:00 ] ::1 /eduresPro/index.php/Home/Index/demo
ERR: 1146:Table 'edu_res_management.t_course' doesn't exist
 [ SQL语句 ] : SHOW COLUMNS FROM `t_course`

