[ 2016-05-09T00:14:07+08:00 ] ::1 /eduresPro/index.php/Home/Index/images/video.mp4
ERR: 非法操作:images

[ 2016-05-09T00:14:07+08:00 ] ::1 /eduresPro/index.php/Home/Index/images/video.mp4
ERR: 非法操作:images

[ 2016-05-09T00:14:07+08:00 ] ::1 /eduresPro/index.php/Home/Index/images/video.mp4
ERR: 非法操作:images

[ 2016-05-09T00:14:07+08:00 ] ::1 /eduresPro/index.php/Home/Index/images/video.mp4
ERR: 非法操作:images

[ 2016-05-09T00:14:12+08:00 ] ::1 /eduresPro/index.php/Home/Index/assessor_Resource?page=0
ERR: 非法操作:assessor_Resource

[ 2016-05-09T00:14:38+08:00 ] ::1 /eduresPro/index.php/Home/Index/images/video.mp4
ERR: 非法操作:images

[ 2016-05-09T00:14:38+08:00 ] ::1 /eduresPro/index.php/Home/Index/images/video.mp4
ERR: 非法操作:images

[ 2016-05-09T00:14:38+08:00 ] ::1 /eduresPro/index.php/Home/Index/images/video.mp4
ERR: 非法操作:images

[ 2016-05-09T00:14:38+08:00 ] ::1 /eduresPro/index.php/Home/Index/images/video.mp4
ERR: 非法操作:images

[ 2016-05-09T00:14:39+08:00 ] ::1 /eduresPro/index.php/Home/Index/assessor_Resource?page=0
ERR: 非法操作:assessor_Resource

[ 2016-05-09T00:14:45+08:00 ] ::1 /eduresPro/index.php/Home/Index/images/video.mp4
ERR: 非法操作:images

[ 2016-05-09T00:14:45+08:00 ] ::1 /eduresPro/index.php/Home/Index/images/video.mp4
ERR: 非法操作:images

[ 2016-05-09T00:14:45+08:00 ] ::1 /eduresPro/index.php/Home/Index/images/video.mp4
ERR: 非法操作:images

[ 2016-05-09T00:14:45+08:00 ] ::1 /eduresPro/index.php/Home/Index/images/video.mp4
ERR: 非法操作:images

[ 2016-05-09T00:14:47+08:00 ] ::1 /eduresPro/index.php/Home/Index/images/video.mp4
ERR: 非法操作:images

[ 2016-05-09T00:14:47+08:00 ] ::1 /eduresPro/index.php/Home/Index/images/video.mp4
ERR: 非法操作:images

[ 2016-05-09T00:14:47+08:00 ] ::1 /eduresPro/index.php/Home/Index/images/video.mp4
ERR: 非法操作:images

[ 2016-05-09T00:14:47+08:00 ] ::1 /eduresPro/index.php/Home/Index/images/video.mp4
ERR: 非法操作:images

[ 2016-05-09T00:14:49+08:00 ] ::1 /eduresPro/index.php/Home/Index/images/video.mp4
ERR: 非法操作:images

[ 2016-05-09T00:14:49+08:00 ] ::1 /eduresPro/index.php/Home/Index/images/video.mp4
ERR: 非法操作:images

[ 2016-05-09T00:14:49+08:00 ] ::1 /eduresPro/index.php/Home/Index/images/video.mp4
ERR: 非法操作:images

[ 2016-05-09T00:14:49+08:00 ] ::1 /eduresPro/index.php/Home/Index/images/video.mp4
ERR: 非法操作:images

[ 2016-05-09T00:14:52+08:00 ] ::1 /eduresPro/index.php/Home/Index/images/video.mp4
ERR: 非法操作:images

[ 2016-05-09T00:14:52+08:00 ] ::1 /eduresPro/index.php/Home/Index/images/video.mp4
ERR: 非法操作:images

[ 2016-05-09T00:14:52+08:00 ] ::1 /eduresPro/index.php/Home/Index/images/video.mp4
ERR: 非法操作:images

[ 2016-05-09T00:14:52+08:00 ] ::1 /eduresPro/index.php/Home/Index/images/video.mp4
ERR: 非法操作:images

[ 2016-05-09T00:14:56+08:00 ] ::1 /eduresPro/index.php/Home/Index/images/video.mp4
ERR: 非法操作:images

[ 2016-05-09T00:14:56+08:00 ] ::1 /eduresPro/index.php/Home/Index/images/video.mp4
ERR: 非法操作:images

[ 2016-05-09T00:14:56+08:00 ] ::1 /eduresPro/index.php/Home/Index/images/video.mp4
ERR: 非法操作:images

[ 2016-05-09T00:14:56+08:00 ] ::1 /eduresPro/index.php/Home/Index/images/video.mp4
ERR: 非法操作:images

[ 2016-05-09T00:14:59+08:00 ] ::1 /eduresPro/index.php/Home/Index/images/video.mp4
ERR: 非法操作:images

[ 2016-05-09T00:14:59+08:00 ] ::1 /eduresPro/index.php/Home/Index/images/video.mp4
ERR: 非法操作:images

[ 2016-05-09T00:14:59+08:00 ] ::1 /eduresPro/index.php/Home/Index/images/video.mp4
ERR: 非法操作:images

[ 2016-05-09T00:14:59+08:00 ] ::1 /eduresPro/index.php/Home/Index/images/video.mp4
ERR: 非法操作:images

[ 2016-05-09T00:15:06+08:00 ] ::1 /eduresPro/index.php/Home/Index/images/video.mp4
ERR: 非法操作:images

[ 2016-05-09T00:15:06+08:00 ] ::1 /eduresPro/index.php/Home/Index/images/video.mp4
ERR: 非法操作:images

[ 2016-05-09T00:15:06+08:00 ] ::1 /eduresPro/index.php/Home/Index/images/video.mp4
ERR: 非法操作:images

[ 2016-05-09T00:15:06+08:00 ] ::1 /eduresPro/index.php/Home/Index/images/video.mp4
ERR: 非法操作:images

[ 2016-05-09T00:15:13+08:00 ] ::1 /eduresPro/index.php/Home/Index/images/video.mp4
ERR: 非法操作:images

[ 2016-05-09T00:15:13+08:00 ] ::1 /eduresPro/index.php/Home/Index/images/video.mp4
ERR: 非法操作:images

[ 2016-05-09T00:15:13+08:00 ] ::1 /eduresPro/index.php/Home/Index/images/video.mp4
ERR: 非法操作:images

[ 2016-05-09T00:15:13+08:00 ] ::1 /eduresPro/index.php/Home/Index/images/video.mp4
ERR: 非法操作:images

[ 2016-05-09T00:15:15+08:00 ] ::1 /eduresPro/index.php/Home/Index/images/video.mp4
ERR: 非法操作:images

[ 2016-05-09T00:15:15+08:00 ] ::1 /eduresPro/index.php/Home/Index/images/video.mp4
ERR: 非法操作:images

[ 2016-05-09T00:15:16+08:00 ] ::1 /eduresPro/index.php/Home/Index/images/video.mp4
ERR: 非法操作:images

[ 2016-05-09T00:15:16+08:00 ] ::1 /eduresPro/index.php/Home/Index/images/video.mp4
ERR: 非法操作:images

[ 2016-05-09T00:15:17+08:00 ] ::1 /eduresPro/index.php/Home/Index/images/video.mp4
ERR: 非法操作:images

[ 2016-05-09T00:15:17+08:00 ] ::1 /eduresPro/index.php/Home/Index/images/video.mp4
ERR: 非法操作:images

[ 2016-05-09T00:15:17+08:00 ] ::1 /eduresPro/index.php/Home/Index/images/video.mp4
ERR: 非法操作:images

[ 2016-05-09T00:15:17+08:00 ] ::1 /eduresPro/index.php/Home/Index/images/video.mp4
ERR: 非法操作:images

[ 2016-05-09T00:16:01+08:00 ] ::1 /eduresPro/index.php/Home/Index/images/video.mp4
ERR: 非法操作:images

[ 2016-05-09T00:16:01+08:00 ] ::1 /eduresPro/index.php/Home/Index/images/video.mp4
ERR: 非法操作:images

[ 2016-05-09T00:16:01+08:00 ] ::1 /eduresPro/index.php/Home/Index/images/video.mp4
ERR: 非法操作:images

[ 2016-05-09T00:16:01+08:00 ] ::1 /eduresPro/index.php/Home/Index/images/video.mp4
ERR: 非法操作:images

[ 2016-05-09T00:16:03+08:00 ] ::1 /eduresPro/index.php/Home/Index/images/video.mp4
ERR: 非法操作:images

[ 2016-05-09T00:16:03+08:00 ] ::1 /eduresPro/index.php/Home/Index/images/video.mp4
ERR: 非法操作:images

[ 2016-05-09T00:16:03+08:00 ] ::1 /eduresPro/index.php/Home/Index/images/video.mp4
ERR: 非法操作:images

[ 2016-05-09T00:16:03+08:00 ] ::1 /eduresPro/index.php/Home/Index/images/video.mp4
ERR: 非法操作:images

[ 2016-05-09T00:16:07+08:00 ] ::1 /eduresPro/index.php/Home/Index/images/video.mp4
ERR: 非法操作:images

[ 2016-05-09T00:16:07+08:00 ] ::1 /eduresPro/index.php/Home/Index/images/video.mp4
ERR: 非法操作:images

[ 2016-05-09T00:16:07+08:00 ] ::1 /eduresPro/index.php/Home/Index/images/video.mp4
ERR: 非法操作:images

[ 2016-05-09T00:16:07+08:00 ] ::1 /eduresPro/index.php/Home/Index/images/video.mp4
ERR: 非法操作:images

[ 2016-05-09T00:16:21+08:00 ] ::1 /eduresPro/index.php/Home/Index/images/video.mp4
ERR: 非法操作:images

[ 2016-05-09T00:16:21+08:00 ] ::1 /eduresPro/index.php/Home/Index/images/video.mp4
ERR: 非法操作:images

[ 2016-05-09T00:16:22+08:00 ] ::1 /eduresPro/index.php/Home/Index/images/video.mp4
ERR: 非法操作:images

[ 2016-05-09T00:16:22+08:00 ] ::1 /eduresPro/index.php/Home/Index/images/video.mp4
ERR: 非法操作:images

[ 2016-05-09T00:16:23+08:00 ] ::1 /eduresPro/index.php/Home/Index/images/video.mp4
ERR: 非法操作:images

[ 2016-05-09T00:16:23+08:00 ] ::1 /eduresPro/index.php/Home/Index/images/video.mp4
ERR: 非法操作:images

[ 2016-05-09T00:16:23+08:00 ] ::1 /eduresPro/index.php/Home/Index/images/video.mp4
ERR: 非法操作:images

[ 2016-05-09T00:16:23+08:00 ] ::1 /eduresPro/index.php/Home/Index/images/video.mp4
ERR: 非法操作:images

[ 2016-05-09T00:17:44+08:00 ] ::1 /eduresPro/index.php/Home/Index/images/video.mp4
ERR: 非法操作:images

[ 2016-05-09T00:17:44+08:00 ] ::1 /eduresPro/index.php/Home/Index/images/video.mp4
ERR: 非法操作:images

[ 2016-05-09T00:17:44+08:00 ] ::1 /eduresPro/index.php/Home/Index/images/video.mp4
ERR: 非法操作:images

[ 2016-05-09T00:17:44+08:00 ] ::1 /eduresPro/index.php/Home/Index/images/video.mp4
ERR: 非法操作:images

[ 2016-05-09T00:54:56+08:00 ] ::1 /eduresPro/index.php/Home/Index/images/video.mp4
ERR: 非法操作:images

[ 2016-05-09T00:54:56+08:00 ] ::1 /eduresPro/index.php/Home/Index/images/video.mp4
ERR: 非法操作:images

[ 2016-05-09T00:54:56+08:00 ] ::1 /eduresPro/index.php/Home/Index/images/video.mp4
ERR: 非法操作:images

[ 2016-05-09T00:54:56+08:00 ] ::1 /eduresPro/index.php/Home/Index/images/video.mp4
ERR: 非法操作:images

[ 2016-05-09T00:54:56+08:00 ] ::1 /eduresPro/index.php/Home/Index/images/video.mp4
ERR: 非法操作:images

[ 2016-05-09T00:54:56+08:00 ] ::1 /eduresPro/index.php/Home/Index/images/video.mp4
ERR: 非法操作:images

[ 2016-05-09T00:54:56+08:00 ] ::1 /eduresPro/index.php/Home/Index/images/video.mp4
ERR: 非法操作:images

[ 2016-05-09T00:54:56+08:00 ] ::1 /eduresPro/index.php/Home/Index/images/video.mp4
ERR: 非法操作:images

[ 2016-05-09T00:54:56+08:00 ] ::1 /eduresPro/index.php/Home/Index/images/video.mp4
ERR: 非法操作:images

[ 2016-05-09T00:54:56+08:00 ] ::1 /eduresPro/index.php/Home/Index/images/video.mp4
ERR: 非法操作:images

[ 2016-05-09T00:54:56+08:00 ] ::1 /eduresPro/index.php/Home/Index/images/video.mp4
ERR: 非法操作:images

[ 2016-05-09T00:54:56+08:00 ] ::1 /eduresPro/index.php/Home/Index/images/video.mp4
ERR: 非法操作:images

[ 2016-05-09T00:55:43+08:00 ] ::1 /eduresPro/index.php/Home/Index/images/video.mp4
ERR: 非法操作:images

[ 2016-05-09T00:55:43+08:00 ] ::1 /eduresPro/index.php/Home/Index/images/video.mp4
ERR: 非法操作:images

[ 2016-05-09T00:55:43+08:00 ] ::1 /eduresPro/index.php/Home/Index/images/video.mp4
ERR: 非法操作:images

[ 2016-05-09T00:55:43+08:00 ] ::1 /eduresPro/index.php/Home/Index/images/video.mp4
ERR: 非法操作:images

[ 2016-05-09T00:55:43+08:00 ] ::1 /eduresPro/index.php/Home/Index/images/video.mp4
ERR: 非法操作:images

[ 2016-05-09T00:55:43+08:00 ] ::1 /eduresPro/index.php/Home/Index/images/video.mp4
ERR: 非法操作:images

[ 2016-05-09T00:55:43+08:00 ] ::1 /eduresPro/index.php/Home/Index/images/video.mp4
ERR: 非法操作:images

[ 2016-05-09T00:55:43+08:00 ] ::1 /eduresPro/index.php/Home/Index/images/video.mp4
ERR: 非法操作:images

[ 2016-05-09T00:55:43+08:00 ] ::1 /eduresPro/index.php/Home/Index/images/video.mp4
ERR: 非法操作:images

[ 2016-05-09T00:55:43+08:00 ] ::1 /eduresPro/index.php/Home/Index/images/video.mp4
ERR: 非法操作:images

[ 2016-05-09T00:55:43+08:00 ] ::1 /eduresPro/index.php/Home/Index/images/video.mp4
ERR: 非法操作:images

[ 2016-05-09T00:55:43+08:00 ] ::1 /eduresPro/index.php/Home/Index/images/video.mp4
ERR: 非法操作:images

[ 2016-05-09T00:56:06+08:00 ] ::1 /eduresPro/index.php/Home/Index/images/video.mp4
ERR: 非法操作:images

[ 2016-05-09T00:56:06+08:00 ] ::1 /eduresPro/index.php/Home/Index/images/video.mp4
ERR: 非法操作:images

[ 2016-05-09T00:56:06+08:00 ] ::1 /eduresPro/index.php/Home/Index/images/video.mp4
ERR: 非法操作:images

[ 2016-05-09T00:56:06+08:00 ] ::1 /eduresPro/index.php/Home/Index/images/video.mp4
ERR: 非法操作:images

[ 2016-05-09T00:56:06+08:00 ] ::1 /eduresPro/index.php/Home/Index/images/video.mp4
ERR: 非法操作:images

[ 2016-05-09T00:56:06+08:00 ] ::1 /eduresPro/index.php/Home/Index/images/video.mp4
ERR: 非法操作:images

[ 2016-05-09T00:56:06+08:00 ] ::1 /eduresPro/index.php/Home/Index/images/video.mp4
ERR: 非法操作:images

[ 2016-05-09T00:56:06+08:00 ] ::1 /eduresPro/index.php/Home/Index/images/video.mp4
ERR: 非法操作:images

[ 2016-05-09T00:56:06+08:00 ] ::1 /eduresPro/index.php/Home/Index/images/video.mp4
ERR: 非法操作:images

[ 2016-05-09T00:56:07+08:00 ] ::1 /eduresPro/index.php/Home/Index/images/video.mp4
ERR: 非法操作:images

[ 2016-05-09T00:56:07+08:00 ] ::1 /eduresPro/index.php/Home/Index/images/video.mp4
ERR: 非法操作:images

[ 2016-05-09T00:56:07+08:00 ] ::1 /eduresPro/index.php/Home/Index/images/video.mp4
ERR: 非法操作:images

[ 2016-05-09T00:57:00+08:00 ] ::1 /eduresPro/index.php/Home/Index/images/video.mp4
ERR: 非法操作:images

[ 2016-05-09T00:57:00+08:00 ] ::1 /eduresPro/index.php/Home/Index/images/video.mp4
ERR: 非法操作:images

[ 2016-05-09T00:57:00+08:00 ] ::1 /eduresPro/index.php/Home/Index/images/video.mp4
ERR: 非法操作:images

[ 2016-05-09T00:57:00+08:00 ] ::1 /eduresPro/index.php/Home/Index/images/video.mp4
ERR: 非法操作:images

[ 2016-05-09T00:57:00+08:00 ] ::1 /eduresPro/index.php/Home/Index/images/video.mp4
ERR: 非法操作:images

[ 2016-05-09T00:57:00+08:00 ] ::1 /eduresPro/index.php/Home/Index/images/video.mp4
ERR: 非法操作:images

[ 2016-05-09T00:57:00+08:00 ] ::1 /eduresPro/index.php/Home/Index/images/video.mp4
ERR: 非法操作:images

[ 2016-05-09T00:57:00+08:00 ] ::1 /eduresPro/index.php/Home/Index/images/video.mp4
ERR: 非法操作:images

[ 2016-05-09T00:57:00+08:00 ] ::1 /eduresPro/index.php/Home/Index/images/video.mp4
ERR: 非法操作:images

[ 2016-05-09T00:57:00+08:00 ] ::1 /eduresPro/index.php/Home/Index/images/video.mp4
ERR: 非法操作:images

[ 2016-05-09T00:57:00+08:00 ] ::1 /eduresPro/index.php/Home/Index/images/video.mp4
ERR: 非法操作:images

[ 2016-05-09T00:57:00+08:00 ] ::1 /eduresPro/index.php/Home/Index/images/video.mp4
ERR: 非法操作:images

[ 2016-05-09T00:57:41+08:00 ] ::1 /eduresPro/index.php/Home/Index/images/video.mp4
ERR: 非法操作:images

[ 2016-05-09T00:57:41+08:00 ] ::1 /eduresPro/index.php/Home/Index/images/video.mp4
ERR: 非法操作:images

[ 2016-05-09T00:57:41+08:00 ] ::1 /eduresPro/index.php/Home/Index/images/video.mp4
ERR: 非法操作:images

[ 2016-05-09T00:57:41+08:00 ] ::1 /eduresPro/index.php/Home/Index/images/video.mp4
ERR: 非法操作:images

[ 2016-05-09T00:57:41+08:00 ] ::1 /eduresPro/index.php/Home/Index/images/video.mp4
ERR: 非法操作:images

[ 2016-05-09T00:57:41+08:00 ] ::1 /eduresPro/index.php/Home/Index/images/video.mp4
ERR: 非法操作:images

[ 2016-05-09T00:57:42+08:00 ] ::1 /eduresPro/index.php/Home/Index/images/video.mp4
ERR: 非法操作:images

[ 2016-05-09T00:57:42+08:00 ] ::1 /eduresPro/index.php/Home/Index/images/video.mp4
ERR: 非法操作:images

[ 2016-05-09T00:57:42+08:00 ] ::1 /eduresPro/index.php/Home/Index/images/video.mp4
ERR: 非法操作:images

[ 2016-05-09T00:57:42+08:00 ] ::1 /eduresPro/index.php/Home/Index/images/video.mp4
ERR: 非法操作:images

[ 2016-05-09T00:57:42+08:00 ] ::1 /eduresPro/index.php/Home/Index/images/video.mp4
ERR: 非法操作:images

[ 2016-05-09T00:57:42+08:00 ] ::1 /eduresPro/index.php/Home/Index/images/video.mp4
ERR: 非法操作:images

[ 2016-05-09T00:58:12+08:00 ] ::1 /eduresPro/index.php/Home/Index/images/video.mp4
ERR: 非法操作:images

[ 2016-05-09T00:58:12+08:00 ] ::1 /eduresPro/index.php/Home/Index/images/video.mp4
ERR: 非法操作:images

[ 2016-05-09T00:58:12+08:00 ] ::1 /eduresPro/index.php/Home/Index/images/video.mp4
ERR: 非法操作:images

[ 2016-05-09T00:58:12+08:00 ] ::1 /eduresPro/index.php/Home/Index/images/video.mp4
ERR: 非法操作:images

[ 2016-05-09T00:58:12+08:00 ] ::1 /eduresPro/index.php/Home/Index/images/video.mp4
ERR: 非法操作:images

[ 2016-05-09T00:58:12+08:00 ] ::1 /eduresPro/index.php/Home/Index/images/video.mp4
ERR: 非法操作:images

[ 2016-05-09T00:58:12+08:00 ] ::1 /eduresPro/index.php/Home/Index/images/video.mp4
ERR: 非法操作:images

[ 2016-05-09T00:58:12+08:00 ] ::1 /eduresPro/index.php/Home/Index/images/video.mp4
ERR: 非法操作:images

[ 2016-05-09T00:58:12+08:00 ] ::1 /eduresPro/index.php/Home/Index/images/video.mp4
ERR: 非法操作:images

[ 2016-05-09T00:58:12+08:00 ] ::1 /eduresPro/index.php/Home/Index/images/video.mp4
ERR: 非法操作:images

[ 2016-05-09T00:58:12+08:00 ] ::1 /eduresPro/index.php/Home/Index/images/video.mp4
ERR: 非法操作:images

[ 2016-05-09T00:58:12+08:00 ] ::1 /eduresPro/index.php/Home/Index/images/video.mp4
ERR: 非法操作:images

[ 2016-05-09T01:00:14+08:00 ] ::1 /eduresPro/index.php/Home/Index/images/video.mp4
ERR: 非法操作:images

[ 2016-05-09T01:00:14+08:00 ] ::1 /eduresPro/index.php/Home/Index/images/video.mp4
ERR: 非法操作:images

[ 2016-05-09T01:00:14+08:00 ] ::1 /eduresPro/index.php/Home/Index/images/video.mp4
ERR: 非法操作:images

[ 2016-05-09T01:00:14+08:00 ] ::1 /eduresPro/index.php/Home/Index/images/video.mp4
ERR: 非法操作:images

[ 2016-05-09T01:01:28+08:00 ] ::1 /eduresPro/index.php/Home/Index/images/video.mp4
ERR: 非法操作:images

[ 2016-05-09T01:01:28+08:00 ] ::1 /eduresPro/index.php/Home/Index/images/video.mp4
ERR: 非法操作:images

[ 2016-05-09T01:01:28+08:00 ] ::1 /eduresPro/index.php/Home/Index/images/video.mp4
ERR: 非法操作:images

[ 2016-05-09T01:01:28+08:00 ] ::1 /eduresPro/index.php/Home/Index/images/video.mp4
ERR: 非法操作:images

[ 2016-05-09T01:02:46+08:00 ] ::1 /eduresPro/index.php/Home/Index/images/video.mp4
ERR: 非法操作:images

[ 2016-05-09T01:02:46+08:00 ] ::1 /eduresPro/index.php/Home/Index/images/video.mp4
ERR: 非法操作:images

[ 2016-05-09T01:02:46+08:00 ] ::1 /eduresPro/index.php/Home/Index/images/video.mp4
ERR: 非法操作:images

[ 2016-05-09T01:02:46+08:00 ] ::1 /eduresPro/index.php/Home/Index/images/video.mp4
ERR: 非法操作:images

[ 2016-05-09T01:06:42+08:00 ] ::1 /eduresPro/index.php/Home/Index/images/video.mp4
ERR: 非法操作:images

[ 2016-05-09T01:06:42+08:00 ] ::1 /eduresPro/index.php/Home/Index/images/video.mp4
ERR: 非法操作:images

[ 2016-05-09T01:06:42+08:00 ] ::1 /eduresPro/index.php/Home/Index/images/video.mp4
ERR: 非法操作:images

[ 2016-05-09T01:06:42+08:00 ] ::1 /eduresPro/index.php/Home/Index/images/video.mp4
ERR: 非法操作:images

[ 2016-05-09T01:07:57+08:00 ] ::1 /eduresPro/index.php/Home/Index/images/video.mp4
ERR: 非法操作:images

[ 2016-05-09T01:07:57+08:00 ] ::1 /eduresPro/index.php/Home/Index/images/video.mp4
ERR: 非法操作:images

[ 2016-05-09T01:07:58+08:00 ] ::1 /eduresPro/index.php/Home/Index/images/video.mp4
ERR: 非法操作:images

[ 2016-05-09T01:07:58+08:00 ] ::1 /eduresPro/index.php/Home/Index/images/video.mp4
ERR: 非法操作:images

[ 2016-05-09T01:09:25+08:00 ] ::1 /eduresPro/index.php/Home/Index/images/video.mp4
ERR: 非法操作:images

[ 2016-05-09T01:09:25+08:00 ] ::1 /eduresPro/index.php/Home/Index/images/video.mp4
ERR: 非法操作:images

[ 2016-05-09T01:09:25+08:00 ] ::1 /eduresPro/index.php/Home/Index/images/video.mp4
ERR: 非法操作:images

[ 2016-05-09T01:09:25+08:00 ] ::1 /eduresPro/index.php/Home/Index/images/video.mp4
ERR: 非法操作:images

[ 2016-05-09T01:09:29+08:00 ] ::1 /eduresPro/index.php/Home/Index/images/video.mp4
ERR: 非法操作:images

[ 2016-05-09T01:09:29+08:00 ] ::1 /eduresPro/index.php/Home/Index/images/video.mp4
ERR: 非法操作:images

[ 2016-05-09T01:09:29+08:00 ] ::1 /eduresPro/index.php/Home/Index/images/video.mp4
ERR: 非法操作:images

[ 2016-05-09T01:09:29+08:00 ] ::1 /eduresPro/index.php/Home/Index/images/video.mp4
ERR: 非法操作:images

[ 2016-05-09T01:10:56+08:00 ] ::1 /eduresPro/index.php/Home/Index/images/video.mp4
ERR: 非法操作:images

[ 2016-05-09T01:10:56+08:00 ] ::1 /eduresPro/index.php/Home/Index/images/video.mp4
ERR: 非法操作:images

[ 2016-05-09T01:10:57+08:00 ] ::1 /eduresPro/index.php/Home/Index/images/video.mp4
ERR: 非法操作:images

[ 2016-05-09T01:10:57+08:00 ] ::1 /eduresPro/index.php/Home/Index/images/video.mp4
ERR: 非法操作:images

[ 2016-05-09T01:11:02+08:00 ] ::1 /eduresPro/index.php/Home/Index/images/video.mp4
ERR: 非法操作:images

[ 2016-05-09T01:11:02+08:00 ] ::1 /eduresPro/index.php/Home/Index/images/video.mp4
ERR: 非法操作:images

[ 2016-05-09T01:11:02+08:00 ] ::1 /eduresPro/index.php/Home/Index/images/video.mp4
ERR: 非法操作:images

[ 2016-05-09T01:11:02+08:00 ] ::1 /eduresPro/index.php/Home/Index/images/video.mp4
ERR: 非法操作:images

[ 2016-05-09T01:11:42+08:00 ] ::1 /eduresPro/index.php/Home/Index/images/video.mp4
ERR: 非法操作:images

[ 2016-05-09T01:11:42+08:00 ] ::1 /eduresPro/index.php/Home/Index/images/video.mp4
ERR: 非法操作:images

[ 2016-05-09T01:11:42+08:00 ] ::1 /eduresPro/index.php/Home/Index/images/video.mp4
ERR: 非法操作:images

[ 2016-05-09T01:11:42+08:00 ] ::1 /eduresPro/index.php/Home/Index/images/video.mp4
ERR: 非法操作:images

[ 2016-05-09T01:11:44+08:00 ] ::1 /eduresPro/index.php/Home/Index/images/video.mp4
ERR: 非法操作:images

[ 2016-05-09T01:11:44+08:00 ] ::1 /eduresPro/index.php/Home/Index/images/video.mp4
ERR: 非法操作:images

[ 2016-05-09T01:11:44+08:00 ] ::1 /eduresPro/index.php/Home/Index/images/video.mp4
ERR: 非法操作:images

[ 2016-05-09T01:11:44+08:00 ] ::1 /eduresPro/index.php/Home/Index/images/video.mp4
ERR: 非法操作:images

[ 2016-05-09T01:11:44+08:00 ] ::1 /eduresPro/index.php/Home/Index/images/video.mp4
ERR: 非法操作:images

[ 2016-05-09T01:11:45+08:00 ] ::1 /eduresPro/index.php/Home/Index/images/video.mp4
ERR: 非法操作:images

[ 2016-05-09T01:11:45+08:00 ] ::1 /eduresPro/index.php/Home/Index/images/video.mp4
ERR: 非法操作:images

[ 2016-05-09T01:11:45+08:00 ] ::1 /eduresPro/index.php/Home/Index/images/video.mp4
ERR: 非法操作:images

[ 2016-05-09T01:11:45+08:00 ] ::1 /eduresPro/index.php/Home/Index/images/video.mp4
ERR: 非法操作:images

[ 2016-05-09T01:11:45+08:00 ] ::1 /eduresPro/index.php/Home/Index/images/video.mp4
ERR: 非法操作:images

[ 2016-05-09T01:11:46+08:00 ] ::1 /eduresPro/index.php/Home/Index/images/video.mp4
ERR: 非法操作:images

[ 2016-05-09T01:11:46+08:00 ] ::1 /eduresPro/index.php/Home/Index/images/video.mp4
ERR: 非法操作:images

[ 2016-05-09T01:11:46+08:00 ] ::1 /eduresPro/index.php/Home/Index/images/video.mp4
ERR: 非法操作:images

[ 2016-05-09T01:11:46+08:00 ] ::1 /eduresPro/index.php/Home/Index/images/video.mp4
ERR: 非法操作:images

[ 2016-05-09T01:25:31+08:00 ] ::1 /eduresPro/index.php/Home/Index/images/video.mp4
ERR: 非法操作:images

[ 2016-05-09T01:25:31+08:00 ] ::1 /eduresPro/index.php/Home/Index/images/video.mp4
ERR: 非法操作:images

[ 2016-05-09T01:25:31+08:00 ] ::1 /eduresPro/index.php/Home/Index/images/video.mp4
ERR: 非法操作:images

[ 2016-05-09T01:25:31+08:00 ] ::1 /eduresPro/index.php/Home/Index/images/video.mp4
ERR: 非法操作:images

[ 2016-05-09T01:25:35+08:00 ] ::1 /eduresPro/index.php/Home/Index/images/video.mp4
ERR: 非法操作:images

[ 2016-05-09T01:25:35+08:00 ] ::1 /eduresPro/index.php/Home/Index/images/video.mp4
ERR: 非法操作:images

[ 2016-05-09T01:25:35+08:00 ] ::1 /eduresPro/index.php/Home/Index/images/video.mp4
ERR: 非法操作:images

[ 2016-05-09T01:25:35+08:00 ] ::1 /eduresPro/index.php/Home/Index/images/video.mp4
ERR: 非法操作:images

[ 2016-05-09T01:26:25+08:00 ] ::1 /eduresPro/index.php/Home/Index/images/video.mp4
ERR: 非法操作:images

[ 2016-05-09T01:26:25+08:00 ] ::1 /eduresPro/index.php/Home/Index/images/video.mp4
ERR: 非法操作:images

[ 2016-05-09T01:26:25+08:00 ] ::1 /eduresPro/index.php/Home/Index/images/video.mp4
ERR: 非法操作:images

[ 2016-05-09T01:26:25+08:00 ] ::1 /eduresPro/index.php/Home/Index/images/video.mp4
ERR: 非法操作:images

[ 2016-05-09T10:26:17+08:00 ] ::1 /eduresPro/index.php/Home/Index/getCourseName
INFO: [ app_begin ] --START--
INFO: Run Behavior\ReadHtmlCacheBehavior [ RunTime:0.000457s ]
INFO: [ app_begin ] --END-- [ RunTime:0.000824s ]
SQL: SHOW COLUMNS FROM `t_course` [ RunTime:0.0095s ]
SQL: SELECT DISTINCT  `courseID`,`courseName` FROM `t_course`  [ RunTime:0.0003s ]
INFO: [ app_end ] --START--
INFO: Run Behavior\ShowPageTraceBehavior [ RunTime:0.000726s ]
INFO: [ app_end ] --END-- [ RunTime:0.000778s ]

[ 2016-05-09T10:26:33+08:00 ] ::1 /eduresPro/index.php/Home/Index/getCourseName
INFO: [ app_begin ] --START--
INFO: Run Behavior\ReadHtmlCacheBehavior [ RunTime:0.000809s ]
INFO: [ app_begin ] --END-- [ RunTime:0.001520s ]
SQL: SHOW COLUMNS FROM `t_course` [ RunTime:0.0103s ]
SQL: SELECT DISTINCT  `courseID`,`courseName` FROM `t_course`  [ RunTime:0.0003s ]
INFO: [ app_end ] --START--
INFO: Run Behavior\ShowPageTraceBehavior [ RunTime:0.000690s ]
INFO: [ app_end ] --END-- [ RunTime:0.000733s ]

[ 2016-05-09T10:28:27+08:00 ] ::1 /eduresPro/index.php/Home/Index/getCourseName
INFO: [ app_begin ] --START--
INFO: Run Behavior\ReadHtmlCacheBehavior [ RunTime:0.000402s ]
INFO: [ app_begin ] --END-- [ RunTime:0.000723s ]
SQL: SHOW COLUMNS FROM `t_course` [ RunTime:0.0056s ]
SQL: SELECT DISTINCT  `courseID`,`courseName` FROM `t_course`  [ RunTime:0.0003s ]
INFO: [ app_end ] --START--
INFO: Run Behavior\ShowPageTraceBehavior [ RunTime:0.000696s ]
INFO: [ app_end ] --END-- [ RunTime:0.000749s ]

[ 2016-05-09T10:30:17+08:00 ] ::1 /eduresPro/index.php/Home/Index/getCourseName
INFO: [ app_begin ] --START--
INFO: Run Behavior\ReadHtmlCacheBehavior [ RunTime:0.000502s ]
INFO: [ app_begin ] --END-- [ RunTime:0.000860s ]
SQL: SHOW COLUMNS FROM `t_course` [ RunTime:0.0096s ]
SQL: SELECT DISTINCT  `courseID`,`courseName` FROM `t_course`  [ RunTime:0.0004s ]
INFO: [ app_end ] --START--
INFO: Run Behavior\ShowPageTraceBehavior [ RunTime:0.001029s ]
INFO: [ app_end ] --END-- [ RunTime:0.001121s ]

[ 2016-05-09T10:30:20+08:00 ] ::1 /eduresPro/index.php/Home/Index/getCourseName
INFO: [ app_begin ] --START--
INFO: Run Behavior\ReadHtmlCacheBehavior [ RunTime:0.000427s ]
INFO: [ app_begin ] --END-- [ RunTime:0.000720s ]
SQL: SHOW COLUMNS FROM `t_course` [ RunTime:0.0099s ]
SQL: SELECT DISTINCT  `courseID`,`courseName` FROM `t_course`  [ RunTime:0.0003s ]
INFO: [ app_end ] --START--
INFO: Run Behavior\ShowPageTraceBehavior [ RunTime:0.000761s ]
INFO: [ app_end ] --END-- [ RunTime:0.000805s ]

[ 2016-05-09T10:30:53+08:00 ] ::1 /eduresPro/index.php/Home/Index/getCourseName
INFO: [ app_begin ] --START--
INFO: Run Behavior\ReadHtmlCacheBehavior [ RunTime:0.000488s ]
INFO: [ app_begin ] --END-- [ RunTime:0.000804s ]
SQL: SHOW COLUMNS FROM `t_course` [ RunTime:0.0099s ]
SQL: SELECT DISTINCT  `courseID`,`courseName` FROM `t_course`  [ RunTime:0.0004s ]
INFO: [ app_end ] --START--
INFO: Run Behavior\ShowPageTraceBehavior [ RunTime:0.000756s ]
INFO: [ app_end ] --END-- [ RunTime:0.000808s ]

[ 2016-05-09T10:32:03+08:00 ] ::1 /eduresPro/index.php/Home/Index/getCourseName
INFO: [ app_begin ] --START--
INFO: Run Behavior\ReadHtmlCacheBehavior [ RunTime:0.000703s ]
INFO: [ app_begin ] --END-- [ RunTime:0.001336s ]
SQL: SHOW COLUMNS FROM `t_course` [ RunTime:0.0059s ]
SQL: SELECT DISTINCT  `courseID`,`courseName` FROM `t_course`  [ RunTime:0.0003s ]
INFO: [ app_end ] --START--
INFO: Run Behavior\ShowPageTraceBehavior [ RunTime:0.000726s ]
INFO: [ app_end ] --END-- [ RunTime:0.000772s ]

[ 2016-05-09T10:32:24+08:00 ] ::1 /eduresPro/index.php/Home/Index/getCourseName
INFO: [ app_begin ] --START--
INFO: Run Behavior\ReadHtmlCacheBehavior [ RunTime:0.000454s ]
INFO: [ app_begin ] --END-- [ RunTime:0.000821s ]
SQL: SHOW COLUMNS FROM `t_course` [ RunTime:0.0107s ]
SQL: SELECT DISTINCT  `courseID`,`courseName` FROM `t_course`  [ RunTime:0.0003s ]
INFO: [ app_end ] --START--
INFO: Run Behavior\ShowPageTraceBehavior [ RunTime:0.000761s ]
INFO: [ app_end ] --END-- [ RunTime:0.000812s ]

[ 2016-05-09T10:33:27+08:00 ] ::1 /eduresPro/index.php/Home/Index/getCourseName
INFO: [ app_begin ] --START--
INFO: Run Behavior\ReadHtmlCacheBehavior [ RunTime:0.000595s ]
INFO: [ app_begin ] --END-- [ RunTime:0.001057s ]
SQL: SHOW COLUMNS FROM `t_course` [ RunTime:0.0067s ]
SQL: SELECT DISTINCT  `courseID`,`courseName` FROM `t_course`  [ RunTime:0.0003s ]
INFO: [ app_end ] --START--
INFO: Run Behavior\ShowPageTraceBehavior [ RunTime:0.001064s ]
INFO: [ app_end ] --END-- [ RunTime:0.001159s ]

[ 2016-05-09T10:36:09+08:00 ] ::1 /eduresPro/index.php/Home/Index/getCourseName
INFO: [ app_begin ] --START--
INFO: Run Behavior\ReadHtmlCacheBehavior [ RunTime:0.000525s ]
INFO: [ app_begin ] --END-- [ RunTime:0.000872s ]
SQL: SHOW COLUMNS FROM `t_course` [ RunTime:0.0124s ]
SQL: SELECT DISTINCT  `courseID`,`courseName` FROM `t_course`  [ RunTime:0.0003s ]
INFO: [ app_end ] --START--
INFO: Run Behavior\ShowPageTraceBehavior [ RunTime:0.000718s ]
INFO: [ app_end ] --END-- [ RunTime:0.000762s ]

[ 2016-05-09T10:40:27+08:00 ] ::1 /eduresPro/index.php/Home/Index/getCourseName
INFO: [ app_begin ] --START--
INFO: Run Behavior\ReadHtmlCacheBehavior [ RunTime:0.000627s ]
INFO: [ app_begin ] --END-- [ RunTime:0.000961s ]
SQL: SHOW COLUMNS FROM `t_course` [ RunTime:0.0100s ]
SQL: SELECT DISTINCT  `courseID`,`courseName` FROM `t_course`  [ RunTime:0.0004s ]
INFO: [ app_end ] --START--
INFO: Run Behavior\ShowPageTraceBehavior [ RunTime:0.000883s ]
INFO: [ app_end ] --END-- [ RunTime:0.000933s ]

[ 2016-05-09T10:40:29+08:00 ] ::1 /eduresPro/index.php/Home/Index/getCourseName
INFO: [ app_begin ] --START--
INFO: Run Behavior\ReadHtmlCacheBehavior [ RunTime:0.000608s ]
INFO: [ app_begin ] --END-- [ RunTime:0.000944s ]
SQL: SHOW COLUMNS FROM `t_course` [ RunTime:0.0084s ]
SQL: SELECT DISTINCT  `courseID`,`courseName` FROM `t_course`  [ RunTime:0.0003s ]
INFO: [ app_end ] --START--
INFO: Run Behavior\ShowPageTraceBehavior [ RunTime:0.000775s ]
INFO: [ app_end ] --END-- [ RunTime:0.000820s ]

[ 2016-05-09T10:40:35+08:00 ] ::1 /eduresPro/index.php/Home/Index/getCourseName
INFO: [ app_begin ] --START--
INFO: Run Behavior\ReadHtmlCacheBehavior [ RunTime:0.000489s ]
INFO: [ app_begin ] --END-- [ RunTime:0.000861s ]
SQL: SHOW COLUMNS FROM `t_course` [ RunTime:0.0120s ]
SQL: SELECT DISTINCT  `courseID`,`courseName` FROM `t_course`  [ RunTime:0.0003s ]
INFO: [ app_end ] --START--
INFO: Run Behavior\ShowPageTraceBehavior [ RunTime:0.000834s ]
INFO: [ app_end ] --END-- [ RunTime:0.000883s ]

[ 2016-05-09T10:40:37+08:00 ] ::1 /eduresPro/index.php/Home/Index/getCourseName
INFO: [ app_begin ] --START--
INFO: Run Behavior\ReadHtmlCacheBehavior [ RunTime:0.000570s ]
INFO: [ app_begin ] --END-- [ RunTime:0.000943s ]
SQL: SHOW COLUMNS FROM `t_course` [ RunTime:0.0567s ]
SQL: SELECT DISTINCT  `courseID`,`courseName` FROM `t_course`  [ RunTime:0.0005s ]
INFO: [ app_end ] --START--
INFO: Run Behavior\ShowPageTraceBehavior [ RunTime:0.001633s ]
INFO: [ app_end ] --END-- [ RunTime:0.001791s ]

[ 2016-05-09T10:40:43+08:00 ] ::1 /eduresPro/index.php/Home/Index/getCourseName
INFO: [ app_begin ] --START--
INFO: Run Behavior\ReadHtmlCacheBehavior [ RunTime:0.000432s ]
INFO: [ app_begin ] --END-- [ RunTime:0.000780s ]
SQL: SHOW COLUMNS FROM `t_course` [ RunTime:0.0055s ]
SQL: SELECT DISTINCT  `courseID`,`courseName` FROM `t_course`  [ RunTime:0.0003s ]
INFO: [ app_end ] --START--
INFO: Run Behavior\ShowPageTraceBehavior [ RunTime:0.000661s ]
INFO: [ app_end ] --END-- [ RunTime:0.000702s ]

[ 2016-05-09T10:40:47+08:00 ] ::1 /eduresPro/index.php/Home/Index/getCourseName
INFO: [ app_begin ] --START--
INFO: Run Behavior\ReadHtmlCacheBehavior [ RunTime:0.000505s ]
INFO: [ app_begin ] --END-- [ RunTime:0.000815s ]
SQL: SHOW COLUMNS FROM `t_course` [ RunTime:0.0053s ]
SQL: SELECT DISTINCT  `courseID`,`courseName` FROM `t_course`  [ RunTime:0.0003s ]
INFO: [ app_end ] --START--
INFO: Run Behavior\ShowPageTraceBehavior [ RunTime:0.000648s ]
INFO: [ app_end ] --END-- [ RunTime:0.000732s ]

[ 2016-05-09T10:41:16+08:00 ] ::1 /eduresPro/index.php/Home/Index/getCourseName
INFO: [ app_begin ] --START--
INFO: Run Behavior\ReadHtmlCacheBehavior [ RunTime:0.000668s ]
INFO: [ app_begin ] --END-- [ RunTime:0.001028s ]
SQL: SHOW COLUMNS FROM `t_course` [ RunTime:0.0068s ]
SQL: SELECT DISTINCT  `courseID`,`courseName` FROM `t_course`  [ RunTime:0.0003s ]
INFO: [ app_end ] --START--
INFO: Run Behavior\ShowPageTraceBehavior [ RunTime:0.000571s ]
INFO: [ app_end ] --END-- [ RunTime:0.000617s ]

[ 2016-05-09T10:42:08+08:00 ] ::1 /eduresPro/index.php/Home/Index/index.php/Home/index/message_feedback
ERR: 非法操作:index.php

[ 2016-05-09T10:42:34+08:00 ] ::1 /eduresPro/index.php/Home/Index/index.php/Home/index/message_feedback
ERR: 非法操作:index.php

[ 2016-05-09T10:42:37+08:00 ] ::1 /eduresPro/index.php/Home/Index/index.php/Home/index/message_feedback
ERR: 非法操作:index.php

[ 2016-05-09T10:43:09+08:00 ] ::1 /eduresPro/index.php/Home/index.php/Home/index/message_feedback
ERR: 无法加载控制器:Index.php

[ 2016-05-09T10:50:30+08:00 ] ::1 /eduresPro/index.php/Home/Index/images/video.mp4
ERR: 非法操作:images

[ 2016-05-09T10:50:30+08:00 ] ::1 /eduresPro/index.php/Home/Index/images/video.mp4
ERR: 非法操作:images

[ 2016-05-09T10:50:30+08:00 ] ::1 /eduresPro/index.php/Home/Index/images/video.mp4
ERR: 非法操作:images

[ 2016-05-09T10:50:30+08:00 ] ::1 /eduresPro/index.php/Home/Index/images/video.mp4
ERR: 非法操作:images

[ 2016-05-09T10:51:23+08:00 ] ::1 /eduresPro/index.php/Home/Index/getCourseName
INFO: [ app_begin ] --START--
INFO: Run Behavior\ReadHtmlCacheBehavior [ RunTime:0.000785s ]
INFO: [ app_begin ] --END-- [ RunTime:0.001274s ]
SQL: SHOW COLUMNS FROM `t_course` [ RunTime:0.0130s ]
SQL: SELECT DISTINCT  `courseID`,`courseName` FROM `t_course`  [ RunTime:0.0003s ]
INFO: [ app_end ] --START--
INFO: Run Behavior\ShowPageTraceBehavior [ RunTime:0.000932s ]
INFO: [ app_end ] --END-- [ RunTime:0.000990s ]

[ 2016-05-09T10:52:04+08:00 ] ::1 /eduresPro/index.php/Home/Index/getCourseName
INFO: [ app_begin ] --START--
INFO: Run Behavior\ReadHtmlCacheBehavior [ RunTime:0.000919s ]
INFO: [ app_begin ] --END-- [ RunTime:0.001325s ]
SQL: SHOW COLUMNS FROM `t_course` [ RunTime:0.0221s ]
SQL: SELECT DISTINCT  `courseID`,`courseName` FROM `t_course`  [ RunTime:0.0003s ]
INFO: [ app_end ] --START--
INFO: Run Behavior\ShowPageTraceBehavior [ RunTime:0.001213s ]
INFO: [ app_end ] --END-- [ RunTime:0.001285s ]

[ 2016-05-09T10:52:12+08:00 ] ::1 /eduresPro/index.php/Home/Index/images/video.mp4
ERR: 非法操作:images

[ 2016-05-09T10:52:12+08:00 ] ::1 /eduresPro/index.php/Home/Index/images/video.mp4
ERR: 非法操作:images

[ 2016-05-09T10:52:13+08:00 ] ::1 /eduresPro/index.php/Home/Index/images/video.mp4
ERR: 非法操作:images

[ 2016-05-09T10:52:13+08:00 ] ::1 /eduresPro/index.php/Home/Index/images/video.mp4
ERR: 非法操作:images

[ 2016-05-09T10:52:22+08:00 ] ::1 /eduresPro/index.php/Home/Index/images/video.mp4
ERR: 非法操作:images

[ 2016-05-09T10:52:22+08:00 ] ::1 /eduresPro/index.php/Home/Index/images/video.mp4
ERR: 非法操作:images

[ 2016-05-09T10:52:22+08:00 ] ::1 /eduresPro/index.php/Home/Index/images/video.mp4
ERR: 非法操作:images

[ 2016-05-09T10:52:22+08:00 ] ::1 /eduresPro/index.php/Home/Index/images/video.mp4
ERR: 非法操作:images

[ 2016-05-09T10:52:33+08:00 ] ::1 /eduresPro/index.php/Home/Index/getCourseName
INFO: [ app_begin ] --START--
INFO: Run Behavior\ReadHtmlCacheBehavior [ RunTime:0.000632s ]
INFO: [ app_begin ] --END-- [ RunTime:0.000967s ]
SQL: SHOW COLUMNS FROM `t_course` [ RunTime:0.0088s ]
SQL: SELECT DISTINCT  `courseID`,`courseName` FROM `t_course`  [ RunTime:0.0003s ]
INFO: [ app_end ] --START--
INFO: Run Behavior\ShowPageTraceBehavior [ RunTime:0.001592s ]
INFO: [ app_end ] --END-- [ RunTime:0.001677s ]

[ 2016-05-09T10:55:19+08:00 ] ::1 /eduresPro/index.php/Home/Index/getCourseName
INFO: [ app_begin ] --START--
INFO: Run Behavior\ReadHtmlCacheBehavior [ RunTime:0.000753s ]
INFO: [ app_begin ] --END-- [ RunTime:0.001147s ]
SQL: SHOW COLUMNS FROM `t_course` [ RunTime:0.0098s ]
SQL: SELECT DISTINCT  `courseID`,`courseName` FROM `t_course`  [ RunTime:0.0003s ]
INFO: [ app_end ] --START--
INFO: Run Behavior\ShowPageTraceBehavior [ RunTime:0.000843s ]
INFO: [ app_end ] --END-- [ RunTime:0.000886s ]

[ 2016-05-09T10:55:27+08:00 ] ::1 /eduresPro/index.php/Home/Index/images/video.mp4
ERR: 非法操作:images

[ 2016-05-09T10:55:27+08:00 ] ::1 /eduresPro/index.php/Home/Index/images/video.mp4
ERR: 非法操作:images

[ 2016-05-09T10:55:27+08:00 ] ::1 /eduresPro/index.php/Home/Index/images/video.mp4
ERR: 非法操作:images

[ 2016-05-09T10:55:27+08:00 ] ::1 /eduresPro/index.php/Home/Index/images/video.mp4
ERR: 非法操作:images

[ 2016-05-09T11:26:37+08:00 ] ::1 /eduresPro/index.php/Home/Index/css/style.css
ERR: 非法操作:css

[ 2016-05-09T11:26:37+08:00 ] ::1 /eduresPro/index.php/Home/Index/js/verify.js
ERR: 非法操作:js

[ 2016-05-09T12:44:35+08:00 ] ::1 /eduresPro/index.php/Home/Index/getCourseName
INFO: [ app_begin ] --START--
INFO: Run Behavior\ReadHtmlCacheBehavior [ RunTime:0.000534s ]
INFO: [ app_begin ] --END-- [ RunTime:0.000911s ]
SQL: SHOW COLUMNS FROM `t_course` [ RunTime:0.0100s ]
SQL: SELECT DISTINCT  `courseID`,`courseName` FROM `t_course`  [ RunTime:0.0003s ]
INFO: [ app_end ] --START--
INFO: Run Behavior\ShowPageTraceBehavior [ RunTime:0.000663s ]
INFO: [ app_end ] --END-- [ RunTime:0.000705s ]

[ 2016-05-09T12:45:12+08:00 ] ::1 /eduresPro/index.php/Home/Index/getCourseName
INFO: [ app_begin ] --START--
INFO: Run Behavior\ReadHtmlCacheBehavior [ RunTime:0.000524s ]
INFO: [ app_begin ] --END-- [ RunTime:0.000869s ]
SQL: SHOW COLUMNS FROM `t_course` [ RunTime:0.0050s ]
SQL: SELECT DISTINCT  `courseID`,`courseName` FROM `t_course`  [ RunTime:0.0002s ]
INFO: [ app_end ] --START--
INFO: Run Behavior\ShowPageTraceBehavior [ RunTime:0.000638s ]
INFO: [ app_end ] --END-- [ RunTime:0.000692s ]

[ 2016-05-09T12:45:29+08:00 ] ::1 /eduresPro/index.php/Home/Index/getCourseName
INFO: [ app_begin ] --START--
INFO: Run Behavior\ReadHtmlCacheBehavior [ RunTime:0.000534s ]
INFO: [ app_begin ] --END-- [ RunTime:0.000825s ]
SQL: SHOW COLUMNS FROM `t_course` [ RunTime:0.0095s ]
SQL: SELECT DISTINCT  `courseID`,`courseName` FROM `t_course`  [ RunTime:0.0003s ]
INFO: [ app_end ] --START--
INFO: Run Behavior\ShowPageTraceBehavior [ RunTime:0.000538s ]
INFO: [ app_end ] --END-- [ RunTime:0.000580s ]

[ 2016-05-09T13:05:29+08:00 ] ::1 /eduresPro/index.php/Home/Index/getCourseName
INFO: [ app_begin ] --START--
INFO: Run Behavior\ReadHtmlCacheBehavior [ RunTime:0.000628s ]
INFO: [ app_begin ] --END-- [ RunTime:0.001167s ]
SQL: SHOW COLUMNS FROM `t_course` [ RunTime:0.0514s ]
SQL: SELECT DISTINCT  `courseID`,`courseName` FROM `t_course`  [ RunTime:0.0007s ]
INFO: [ app_end ] --START--
INFO: Run Behavior\ShowPageTraceBehavior [ RunTime:0.001070s ]
INFO: [ app_end ] --END-- [ RunTime:0.001180s ]

[ 2016-05-09T13:05:42+08:00 ] ::1 /eduresPro/index.php/Home/Index/css/amazeui.min.css
ERR: 非法操作:css

[ 2016-05-09T13:05:42+08:00 ] ::1 /eduresPro/index.php/Home/Index/css/css.css
ERR: 非法操作:css

[ 2016-05-09T13:05:42+08:00 ] ::1 /eduresPro/index.php/Home/Index/css/style.css
ERR: 非法操作:css

[ 2016-05-09T13:05:42+08:00 ] ::1 /eduresPro/index.php/Home/Index/css/Upload.css
ERR: 非法操作:css

[ 2016-05-09T13:05:42+08:00 ] ::1 /eduresPro/index.php/Home/Index/js/ChangeContent.js
ERR: 非法操作:js

[ 2016-05-09T13:05:48+08:00 ] ::1 /eduresPro/index.php/Home/Index/css/amazeui.min.css
ERR: 非法操作:css

[ 2016-05-09T13:05:48+08:00 ] ::1 /eduresPro/index.php/Home/Index/css/css.css
ERR: 非法操作:css

[ 2016-05-09T13:05:48+08:00 ] ::1 /eduresPro/index.php/Home/Index/css/style.css
ERR: 非法操作:css

[ 2016-05-09T13:05:48+08:00 ] ::1 /eduresPro/index.php/Home/Index/js/ChangeContent.js
ERR: 非法操作:js

[ 2016-05-09T13:05:48+08:00 ] ::1 /eduresPro/index.php/Home/Index/css/Upload.css
ERR: 非法操作:css

[ 2016-05-09T13:06:26+08:00 ] ::1 /eduresPro/index.php/Home/Index/css/css.css
ERR: 非法操作:css

[ 2016-05-09T13:06:26+08:00 ] ::1 /eduresPro/index.php/Home/Index/css/style.css
ERR: 非法操作:css

[ 2016-05-09T13:06:26+08:00 ] ::1 /eduresPro/index.php/Home/Index/css/Upload.css
ERR: 非法操作:css

[ 2016-05-09T13:06:26+08:00 ] ::1 /eduresPro/index.php/Home/Index/css/amazeui.min.css
ERR: 非法操作:css

[ 2016-05-09T13:07:17+08:00 ] ::1 /eduresPro/index.php/Home/Index/css/amazeui.min.css
ERR: 非法操作:css

[ 2016-05-09T13:07:17+08:00 ] ::1 /eduresPro/index.php/Home/Index/css/css.css
ERR: 非法操作:css

[ 2016-05-09T13:07:17+08:00 ] ::1 /eduresPro/index.php/Home/Index/css/style.css
ERR: 非法操作:css

[ 2016-05-09T13:07:17+08:00 ] ::1 /eduresPro/index.php/Home/Index/css/Upload.css
ERR: 非法操作:css

[ 2016-05-09T13:07:17+08:00 ] ::1 /eduresPro/index.php/Home/Index/js/ChangeContent.js
ERR: 非法操作:js

[ 2016-05-09T13:16:34+08:00 ] ::1 /eduresPro/index.php/Home/Index/getCourseName
INFO: [ app_begin ] --START--
INFO: Run Behavior\ReadHtmlCacheBehavior [ RunTime:0.000470s ]
INFO: [ app_begin ] --END-- [ RunTime:0.001004s ]
SQL: SHOW COLUMNS FROM `t_course` [ RunTime:0.0084s ]
SQL: SELECT DISTINCT  `courseID`,`courseName` FROM `t_course`  [ RunTime:0.0002s ]
INFO: [ app_end ] --START--
INFO: Run Behavior\ShowPageTraceBehavior [ RunTime:0.000676s ]
INFO: [ app_end ] --END-- [ RunTime:0.000725s ]

[ 2016-05-09T13:24:27+08:00 ] ::1 /eduresPro/index.php/Home/Index/getCourseName
INFO: [ app_begin ] --START--
INFO: Run Behavior\ReadHtmlCacheBehavior [ RunTime:0.000413s ]
INFO: [ app_begin ] --END-- [ RunTime:0.000775s ]
SQL: SHOW COLUMNS FROM `t_course` [ RunTime:0.0051s ]
SQL: SELECT DISTINCT  `courseID`,`courseName` FROM `t_course`  [ RunTime:0.0003s ]
INFO: [ app_end ] --START--
INFO: Run Behavior\ShowPageTraceBehavior [ RunTime:0.000693s ]
INFO: [ app_end ] --END-- [ RunTime:0.000744s ]

[ 2016-05-09T13:24:33+08:00 ] ::1 /eduresPro/index.php/Home/Index/getCourseName
INFO: [ app_begin ] --START--
INFO: Run Behavior\ReadHtmlCacheBehavior [ RunTime:0.000421s ]
INFO: [ app_begin ] --END-- [ RunTime:0.000767s ]
SQL: SHOW COLUMNS FROM `t_course` [ RunTime:0.0086s ]
SQL: SELECT DISTINCT  `courseID`,`courseName` FROM `t_course`  [ RunTime:0.0003s ]
INFO: [ app_end ] --START--
INFO: Run Behavior\ShowPageTraceBehavior [ RunTime:0.000760s ]
INFO: [ app_end ] --END-- [ RunTime:0.000811s ]

[ 2016-05-09T13:24:41+08:00 ] ::1 /eduresPro/index.php/Home/Index/getCourseName
INFO: [ app_begin ] --START--
INFO: Run Behavior\ReadHtmlCacheBehavior [ RunTime:0.000573s ]
INFO: [ app_begin ] --END-- [ RunTime:0.001021s ]
SQL: SHOW COLUMNS FROM `t_course` [ RunTime:0.0642s ]
SQL: SELECT DISTINCT  `courseID`,`courseName` FROM `t_course`  [ RunTime:0.0003s ]
INFO: [ app_end ] --START--
INFO: Run Behavior\ShowPageTraceBehavior [ RunTime:0.000719s ]
INFO: [ app_end ] --END-- [ RunTime:0.000763s ]

[ 2016-05-09T13:25:28+08:00 ] ::1 /eduresPro/index.php/Home/Index/getCourseName
INFO: [ app_begin ] --START--
INFO: Run Behavior\ReadHtmlCacheBehavior [ RunTime:0.000511s ]
INFO: [ app_begin ] --END-- [ RunTime:0.000867s ]
SQL: SHOW COLUMNS FROM `t_course` [ RunTime:0.0102s ]
SQL: SELECT DISTINCT  `courseID`,`courseName` FROM `t_course`  [ RunTime:0.0003s ]
INFO: [ app_end ] --START--
INFO: Run Behavior\ShowPageTraceBehavior [ RunTime:0.000748s ]
INFO: [ app_end ] --END-- [ RunTime:0.000802s ]

