[ 2016-05-15T00:06:57+08:00 ] ::1 /eduresPro/index.php/Home/Index/show_evaluate_teacher
INFO: [ app_begin ] --START--
INFO: Run Behavior\ReadHtmlCacheBehavior [ RunTime:0.001060s ]
INFO: [ app_begin ] --END-- [ RunTime:0.001636s ]
NOTIC: [8] Undefined index: search E:\PHP\httpd-2.4.18-win64-VC14\Apache24\htdocs\eduresPro\Application\Home\Controller\IndexController.class.php 第 1429 行.
SQL: SHOW COLUMNS FROM `t_evaluation` [ RunTime:0.0081s ]
SQL: SHOW COLUMNS FROM `t_course` [ RunTime:0.0111s ]
SQL: SHOW COLUMNS FROM `t_userinfo` [ RunTime:0.0072s ]
SQL: SELECT COUNT(*) AS tp_count FROM `t_evaluation` LIMIT 1   [ RunTime:0.0003s ]
NOTIC: [8] Undefined variable: where E:\PHP\httpd-2.4.18-win64-VC14\Apache24\htdocs\eduresPro\Application\Home\Controller\IndexController.class.php 第 1549 行.
SQL: SELECT * FROM `t_evaluation` ORDER BY Time desc LIMIT 0,5   [ RunTime:0.0003s ]
SQL: SELECT * FROM `t_userinfo` WHERE `userID` = 1  [ RunTime:0.0002s ]
SQL: SELECT `courseName` FROM `t_course` WHERE `courseID` = 1 LIMIT 1   [ RunTime:0.0002s ]
SQL: SELECT * FROM `t_userinfo` WHERE `userID` = 2  [ RunTime:0.0002s ]
SQL: SELECT `courseName` FROM `t_course` WHERE `courseID` = 1 LIMIT 1   [ RunTime:0.0002s ]
SQL: SELECT * FROM `t_userinfo` WHERE `userID` = 6  [ RunTime:0.0002s ]
SQL: SELECT `courseName` FROM `t_course` WHERE `courseID` = 1 LIMIT 1   [ RunTime:0.0001s ]
SQL: SELECT * FROM `t_userinfo` WHERE `userID` = 3  [ RunTime:0.0002s ]
SQL: SELECT `courseName` FROM `t_course` WHERE `courseID` = 1 LIMIT 1   [ RunTime:0.0002s ]
SQL: SELECT * FROM `t_userinfo` WHERE `userID` = 4  [ RunTime:0.0002s ]
SQL: SELECT `courseName` FROM `t_course` WHERE `courseID` = 1 LIMIT 1   [ RunTime:0.0002s ]
INFO: [ app_end ] --START--
INFO: Run Behavior\ShowPageTraceBehavior [ RunTime:0.001248s ]
INFO: [ app_end ] --END-- [ RunTime:0.001336s ]

[ 2016-05-15T00:08:16+08:00 ] ::1 /eduresPro/index.php/Home/Index/show_evaluate_teacher
INFO: [ app_begin ] --START--
INFO: Run Behavior\ReadHtmlCacheBehavior [ RunTime:0.001078s ]
INFO: [ app_begin ] --END-- [ RunTime:0.001770s ]
NOTIC: [8] Undefined index: search E:\PHP\httpd-2.4.18-win64-VC14\Apache24\htdocs\eduresPro\Application\Home\Controller\IndexController.class.php 第 1429 行.
SQL: SHOW COLUMNS FROM `t_evaluation` [ RunTime:0.0087s ]
SQL: SHOW COLUMNS FROM `t_course` [ RunTime:0.0089s ]
SQL: SHOW COLUMNS FROM `t_userinfo` [ RunTime:0.0056s ]
SQL: SELECT COUNT(*) AS tp_count FROM `t_evaluation` LIMIT 1   [ RunTime:0.0003s ]
NOTIC: [8] Undefined variable: where E:\PHP\httpd-2.4.18-win64-VC14\Apache24\htdocs\eduresPro\Application\Home\Controller\IndexController.class.php 第 1549 行.
SQL: SELECT * FROM `t_evaluation` ORDER BY Time desc LIMIT 0,5   [ RunTime:0.0003s ]
SQL: SELECT * FROM `t_userinfo` WHERE `userID` = 1  [ RunTime:0.0002s ]
SQL: SELECT `courseName` FROM `t_course` WHERE `courseID` = 1 LIMIT 1   [ RunTime:0.0001s ]
SQL: SELECT * FROM `t_userinfo` WHERE `userID` = 2  [ RunTime:0.0001s ]
SQL: SELECT `courseName` FROM `t_course` WHERE `courseID` = 1 LIMIT 1   [ RunTime:0.0001s ]
SQL: SELECT * FROM `t_userinfo` WHERE `userID` = 6  [ RunTime:0.0001s ]
SQL: SELECT `courseName` FROM `t_course` WHERE `courseID` = 1 LIMIT 1   [ RunTime:0.0001s ]
SQL: SELECT * FROM `t_userinfo` WHERE `userID` = 3  [ RunTime:0.0001s ]
SQL: SELECT `courseName` FROM `t_course` WHERE `courseID` = 1 LIMIT 1   [ RunTime:0.0001s ]
SQL: SELECT * FROM `t_userinfo` WHERE `userID` = 4  [ RunTime:0.0001s ]
SQL: SELECT `courseName` FROM `t_course` WHERE `courseID` = 1 LIMIT 1   [ RunTime:0.0001s ]
INFO: [ app_end ] --START--
INFO: Run Behavior\ShowPageTraceBehavior [ RunTime:0.000712s ]
INFO: [ app_end ] --END-- [ RunTime:0.000755s ]

[ 2016-05-15T00:08:30+08:00 ] ::1 /eduresPro/index.php/Home/Index/show_evaluate_teacher
INFO: [ app_begin ] --START--
INFO: Run Behavior\ReadHtmlCacheBehavior [ RunTime:0.000519s ]
INFO: [ app_begin ] --END-- [ RunTime:0.000851s ]
NOTIC: [8] Undefined index: search E:\PHP\httpd-2.4.18-win64-VC14\Apache24\htdocs\eduresPro\Application\Home\Controller\IndexController.class.php 第 1429 行.
SQL: SHOW COLUMNS FROM `t_evaluation` [ RunTime:0.0108s ]
SQL: SHOW COLUMNS FROM `t_course` [ RunTime:0.0084s ]
SQL: SHOW COLUMNS FROM `t_userinfo` [ RunTime:0.0100s ]
SQL: SELECT COUNT(*) AS tp_count FROM `t_evaluation` LIMIT 1   [ RunTime:0.0003s ]
NOTIC: [8] Undefined variable: where E:\PHP\httpd-2.4.18-win64-VC14\Apache24\htdocs\eduresPro\Application\Home\Controller\IndexController.class.php 第 1549 行.
SQL: SELECT * FROM `t_evaluation` ORDER BY Time desc LIMIT 0,5   [ RunTime:0.0003s ]
SQL: SELECT * FROM `t_userinfo` WHERE `userID` = 1  [ RunTime:0.0003s ]
SQL: SELECT `courseName` FROM `t_course` WHERE `courseID` = 1 LIMIT 1   [ RunTime:0.0002s ]
SQL: SELECT * FROM `t_userinfo` WHERE `userID` = 2  [ RunTime:0.0004s ]
SQL: SELECT `courseName` FROM `t_course` WHERE `courseID` = 1 LIMIT 1   [ RunTime:0.0002s ]
SQL: SELECT * FROM `t_userinfo` WHERE `userID` = 6  [ RunTime:0.0002s ]
SQL: SELECT `courseName` FROM `t_course` WHERE `courseID` = 1 LIMIT 1   [ RunTime:0.0002s ]
SQL: SELECT * FROM `t_userinfo` WHERE `userID` = 3  [ RunTime:0.0002s ]
SQL: SELECT `courseName` FROM `t_course` WHERE `courseID` = 1 LIMIT 1   [ RunTime:0.0001s ]
SQL: SELECT * FROM `t_userinfo` WHERE `userID` = 4  [ RunTime:0.0002s ]
SQL: SELECT `courseName` FROM `t_course` WHERE `courseID` = 1 LIMIT 1   [ RunTime:0.0002s ]
INFO: [ app_end ] --START--
INFO: Run Behavior\ShowPageTraceBehavior [ RunTime:0.000816s ]
INFO: [ app_end ] --END-- [ RunTime:0.000861s ]

[ 2016-05-15T00:08:34+08:00 ] ::1 /eduresPro/index.php/Home/Index/show_evaluate_teacher
INFO: [ app_begin ] --START--
INFO: Run Behavior\ReadHtmlCacheBehavior [ RunTime:0.000525s ]
INFO: [ app_begin ] --END-- [ RunTime:0.000853s ]
NOTIC: [8] Undefined index: search E:\PHP\httpd-2.4.18-win64-VC14\Apache24\htdocs\eduresPro\Application\Home\Controller\IndexController.class.php 第 1429 行.
SQL: SHOW COLUMNS FROM `t_evaluation` [ RunTime:0.0106s ]
SQL: SHOW COLUMNS FROM `t_course` [ RunTime:0.0067s ]
SQL: SHOW COLUMNS FROM `t_userinfo` [ RunTime:0.0078s ]
SQL: SELECT COUNT(*) AS tp_count FROM `t_evaluation` LIMIT 1   [ RunTime:0.0003s ]
NOTIC: [8] Undefined variable: where E:\PHP\httpd-2.4.18-win64-VC14\Apache24\htdocs\eduresPro\Application\Home\Controller\IndexController.class.php 第 1549 行.
SQL: SELECT * FROM `t_evaluation` ORDER BY Time desc LIMIT 0,5   [ RunTime:0.0003s ]
SQL: SELECT * FROM `t_userinfo` WHERE `userID` = 1  [ RunTime:0.0002s ]
SQL: SELECT `courseName` FROM `t_course` WHERE `courseID` = 1 LIMIT 1   [ RunTime:0.0001s ]
SQL: SELECT * FROM `t_userinfo` WHERE `userID` = 2  [ RunTime:0.0002s ]
SQL: SELECT `courseName` FROM `t_course` WHERE `courseID` = 1 LIMIT 1   [ RunTime:0.0001s ]
SQL: SELECT * FROM `t_userinfo` WHERE `userID` = 6  [ RunTime:0.0002s ]
SQL: SELECT `courseName` FROM `t_course` WHERE `courseID` = 1 LIMIT 1   [ RunTime:0.0002s ]
SQL: SELECT * FROM `t_userinfo` WHERE `userID` = 3  [ RunTime:0.0002s ]
SQL: SELECT `courseName` FROM `t_course` WHERE `courseID` = 1 LIMIT 1   [ RunTime:0.0001s ]
SQL: SELECT * FROM `t_userinfo` WHERE `userID` = 4  [ RunTime:0.0002s ]
SQL: SELECT `courseName` FROM `t_course` WHERE `courseID` = 1 LIMIT 1   [ RunTime:0.0001s ]
INFO: [ app_end ] --START--
INFO: Run Behavior\ShowPageTraceBehavior [ RunTime:0.000686s ]
INFO: [ app_end ] --END-- [ RunTime:0.000732s ]

[ 2016-05-15T00:08:39+08:00 ] ::1 /eduresPro/index.php/Home/Index/show_evaluate_teacher
INFO: [ app_begin ] --START--
INFO: Run Behavior\ReadHtmlCacheBehavior [ RunTime:0.000534s ]
INFO: [ app_begin ] --END-- [ RunTime:0.000895s ]
NOTIC: [8] Undefined index: search E:\PHP\httpd-2.4.18-win64-VC14\Apache24\htdocs\eduresPro\Application\Home\Controller\IndexController.class.php 第 1429 行.
SQL: SHOW COLUMNS FROM `t_evaluation` [ RunTime:0.0128s ]
SQL: SHOW COLUMNS FROM `t_course` [ RunTime:0.0068s ]
SQL: SHOW COLUMNS FROM `t_userinfo` [ RunTime:0.0075s ]
SQL: SELECT COUNT(*) AS tp_count FROM `t_evaluation` LIMIT 1   [ RunTime:0.0003s ]
NOTIC: [8] Undefined variable: where E:\PHP\httpd-2.4.18-win64-VC14\Apache24\htdocs\eduresPro\Application\Home\Controller\IndexController.class.php 第 1549 行.
SQL: SELECT * FROM `t_evaluation` ORDER BY Time desc LIMIT 0,5   [ RunTime:0.0004s ]
SQL: SELECT * FROM `t_userinfo` WHERE `userID` = 1  [ RunTime:0.0003s ]
SQL: SELECT `courseName` FROM `t_course` WHERE `courseID` = 1 LIMIT 1   [ RunTime:0.0002s ]
SQL: SELECT * FROM `t_userinfo` WHERE `userID` = 2  [ RunTime:0.0002s ]
SQL: SELECT `courseName` FROM `t_course` WHERE `courseID` = 1 LIMIT 1   [ RunTime:0.0001s ]
SQL: SELECT * FROM `t_userinfo` WHERE `userID` = 6  [ RunTime:0.0002s ]
SQL: SELECT `courseName` FROM `t_course` WHERE `courseID` = 1 LIMIT 1   [ RunTime:0.0002s ]
SQL: SELECT * FROM `t_userinfo` WHERE `userID` = 3  [ RunTime:0.0002s ]
SQL: SELECT `courseName` FROM `t_course` WHERE `courseID` = 1 LIMIT 1   [ RunTime:0.0001s ]
SQL: SELECT * FROM `t_userinfo` WHERE `userID` = 4  [ RunTime:0.0002s ]
SQL: SELECT `courseName` FROM `t_course` WHERE `courseID` = 1 LIMIT 1   [ RunTime:0.0002s ]
INFO: [ app_end ] --START--
INFO: Run Behavior\ShowPageTraceBehavior [ RunTime:0.000976s ]
INFO: [ app_end ] --END-- [ RunTime:0.001056s ]

[ 2016-05-15T00:11:06+08:00 ] ::1 /eduresPro/index.php/Home/Index/show_evaluate_teacher
INFO: [ app_begin ] --START--
INFO: Run Behavior\ReadHtmlCacheBehavior [ RunTime:0.001202s ]
INFO: [ app_begin ] --END-- [ RunTime:0.001769s ]
NOTIC: [8] Undefined index: search E:\PHP\httpd-2.4.18-win64-VC14\Apache24\htdocs\eduresPro\Application\Home\Controller\IndexController.class.php 第 1429 行.
SQL: SHOW COLUMNS FROM `t_evaluation` [ RunTime:0.0102s ]
SQL: SHOW COLUMNS FROM `t_course` [ RunTime:0.0091s ]
SQL: SHOW COLUMNS FROM `t_userinfo` [ RunTime:0.0068s ]
SQL: SELECT COUNT(*) AS tp_count FROM `t_evaluation` LIMIT 1   [ RunTime:0.0003s ]
NOTIC: [8] Undefined variable: where E:\PHP\httpd-2.4.18-win64-VC14\Apache24\htdocs\eduresPro\Application\Home\Controller\IndexController.class.php 第 1544 行.
SQL: SELECT * FROM `t_evaluation` ORDER BY averScore asc LIMIT 0,5   [ RunTime:0.0009s ]
SQL: SELECT * FROM `t_userinfo` WHERE `userID` = 1  [ RunTime:0.0003s ]
SQL: SELECT `courseName` FROM `t_course` WHERE `courseID` = 1 LIMIT 1   [ RunTime:0.0001s ]
SQL: SELECT * FROM `t_userinfo` WHERE `userID` = 6  [ RunTime:0.0002s ]
SQL: SELECT `courseName` FROM `t_course` WHERE `courseID` = 1 LIMIT 1   [ RunTime:0.0001s ]
SQL: SELECT * FROM `t_userinfo` WHERE `userID` = 3  [ RunTime:0.0002s ]
SQL: SELECT `courseName` FROM `t_course` WHERE `courseID` = 1 LIMIT 1   [ RunTime:0.0001s ]
SQL: SELECT * FROM `t_userinfo` WHERE `userID` = 2  [ RunTime:0.0003s ]
SQL: SELECT `courseName` FROM `t_course` WHERE `courseID` = 1 LIMIT 1   [ RunTime:0.0002s ]
SQL: SELECT * FROM `t_userinfo` WHERE `userID` = 4  [ RunTime:0.0002s ]
SQL: SELECT `courseName` FROM `t_course` WHERE `courseID` = 1 LIMIT 1   [ RunTime:0.0001s ]
INFO: [ app_end ] --START--
INFO: Run Behavior\ShowPageTraceBehavior [ RunTime:0.000691s ]
INFO: [ app_end ] --END-- [ RunTime:0.000735s ]

[ 2016-05-15T00:12:39+08:00 ] ::1 /eduresPro/index.php/Home/Index/show_evaluate_teacher
INFO: [ app_begin ] --START--
INFO: Run Behavior\ReadHtmlCacheBehavior [ RunTime:0.000487s ]
INFO: [ app_begin ] --END-- [ RunTime:0.000811s ]
NOTIC: [8] Undefined index: search E:\PHP\httpd-2.4.18-win64-VC14\Apache24\htdocs\eduresPro\Application\Home\Controller\IndexController.class.php 第 1429 行.
SQL: SHOW COLUMNS FROM `t_evaluation` [ RunTime:0.0078s ]
SQL: SHOW COLUMNS FROM `t_course` [ RunTime:0.0066s ]
SQL: SHOW COLUMNS FROM `t_userinfo` [ RunTime:0.0069s ]
SQL: SELECT COUNT(*) AS tp_count FROM `t_evaluation` LIMIT 1   [ RunTime:0.0002s ]
NOTIC: [8] Undefined variable: where E:\PHP\httpd-2.4.18-win64-VC14\Apache24\htdocs\eduresPro\Application\Home\Controller\IndexController.class.php 第 1544 行.
SQL: SELECT * FROM `t_evaluation` ORDER BY averScore asc LIMIT 0,5   [ RunTime:0.0003s ]
SQL: SELECT * FROM `t_userinfo` WHERE `userID` = 1  [ RunTime:0.0003s ]
SQL: SELECT `courseName` FROM `t_course` WHERE `courseID` = 1 LIMIT 1   [ RunTime:0.0003s ]
SQL: SELECT * FROM `t_userinfo` WHERE `userID` = 6  [ RunTime:0.0003s ]
SQL: SELECT `courseName` FROM `t_course` WHERE `courseID` = 1 LIMIT 1   [ RunTime:0.0002s ]
SQL: SELECT * FROM `t_userinfo` WHERE `userID` = 3  [ RunTime:0.0002s ]
SQL: SELECT `courseName` FROM `t_course` WHERE `courseID` = 1 LIMIT 1   [ RunTime:0.0001s ]
SQL: SELECT * FROM `t_userinfo` WHERE `userID` = 2  [ RunTime:0.0002s ]
SQL: SELECT `courseName` FROM `t_course` WHERE `courseID` = 1 LIMIT 1   [ RunTime:0.0001s ]
SQL: SELECT * FROM `t_userinfo` WHERE `userID` = 4  [ RunTime:0.0002s ]
SQL: SELECT `courseName` FROM `t_course` WHERE `courseID` = 1 LIMIT 1   [ RunTime:0.0002s ]
INFO: [ app_end ] --START--
INFO: Run Behavior\ShowPageTraceBehavior [ RunTime:0.000802s ]
INFO: [ app_end ] --END-- [ RunTime:0.000857s ]

[ 2016-05-15T00:12:45+08:00 ] ::1 /eduresPro/index.php/Home/Index/show_evaluate_teacher
INFO: [ app_begin ] --START--
INFO: Run Behavior\ReadHtmlCacheBehavior [ RunTime:0.000817s ]
INFO: [ app_begin ] --END-- [ RunTime:0.001560s ]
NOTIC: [8] Undefined index: search E:\PHP\httpd-2.4.18-win64-VC14\Apache24\htdocs\eduresPro\Application\Home\Controller\IndexController.class.php 第 1429 行.
SQL: SHOW COLUMNS FROM `t_evaluation` [ RunTime:0.0119s ]
SQL: SHOW COLUMNS FROM `t_course` [ RunTime:0.0074s ]
SQL: SHOW COLUMNS FROM `t_userinfo` [ RunTime:0.0084s ]
SQL: SELECT COUNT(*) AS tp_count FROM `t_evaluation` LIMIT 1   [ RunTime:0.0003s ]
NOTIC: [8] Undefined variable: where E:\PHP\httpd-2.4.18-win64-VC14\Apache24\htdocs\eduresPro\Application\Home\Controller\IndexController.class.php 第 1544 行.
SQL: SELECT * FROM `t_evaluation` ORDER BY averScore asc LIMIT 0,5   [ RunTime:0.0004s ]
SQL: SELECT * FROM `t_userinfo` WHERE `userID` = 1  [ RunTime:0.0003s ]
SQL: SELECT `courseName` FROM `t_course` WHERE `courseID` = 1 LIMIT 1   [ RunTime:0.0002s ]
SQL: SELECT * FROM `t_userinfo` WHERE `userID` = 6  [ RunTime:0.0002s ]
SQL: SELECT `courseName` FROM `t_course` WHERE `courseID` = 1 LIMIT 1   [ RunTime:0.0002s ]
SQL: SELECT * FROM `t_userinfo` WHERE `userID` = 3  [ RunTime:0.0002s ]
SQL: SELECT `courseName` FROM `t_course` WHERE `courseID` = 1 LIMIT 1   [ RunTime:0.0002s ]
SQL: SELECT * FROM `t_userinfo` WHERE `userID` = 2  [ RunTime:0.0002s ]
SQL: SELECT `courseName` FROM `t_course` WHERE `courseID` = 1 LIMIT 1   [ RunTime:0.0001s ]
SQL: SELECT * FROM `t_userinfo` WHERE `userID` = 4  [ RunTime:0.0002s ]
SQL: SELECT `courseName` FROM `t_course` WHERE `courseID` = 1 LIMIT 1   [ RunTime:0.0001s ]
INFO: [ app_end ] --START--
INFO: Run Behavior\ShowPageTraceBehavior [ RunTime:0.000695s ]
INFO: [ app_end ] --END-- [ RunTime:0.000739s ]

[ 2016-05-15T00:12:47+08:00 ] ::1 /eduresPro/index.php/Home/Index/show_evaluate_teacher
INFO: [ app_begin ] --START--
INFO: Run Behavior\ReadHtmlCacheBehavior [ RunTime:0.000371s ]
INFO: [ app_begin ] --END-- [ RunTime:0.000708s ]
NOTIC: [8] Undefined index: search E:\PHP\httpd-2.4.18-win64-VC14\Apache24\htdocs\eduresPro\Application\Home\Controller\IndexController.class.php 第 1429 行.
SQL: SHOW COLUMNS FROM `t_evaluation` [ RunTime:0.0093s ]
SQL: SHOW COLUMNS FROM `t_course` [ RunTime:0.0076s ]
SQL: SHOW COLUMNS FROM `t_userinfo` [ RunTime:0.0090s ]
SQL: SELECT COUNT(*) AS tp_count FROM `t_evaluation` LIMIT 1   [ RunTime:0.0002s ]
NOTIC: [8] Undefined variable: where E:\PHP\httpd-2.4.18-win64-VC14\Apache24\htdocs\eduresPro\Application\Home\Controller\IndexController.class.php 第 1544 行.
SQL: SELECT * FROM `t_evaluation` ORDER BY averScore asc LIMIT 0,5   [ RunTime:0.0003s ]
SQL: SELECT * FROM `t_userinfo` WHERE `userID` = 1  [ RunTime:0.0002s ]
SQL: SELECT `courseName` FROM `t_course` WHERE `courseID` = 1 LIMIT 1   [ RunTime:0.0002s ]
SQL: SELECT * FROM `t_userinfo` WHERE `userID` = 6  [ RunTime:0.0002s ]
SQL: SELECT `courseName` FROM `t_course` WHERE `courseID` = 1 LIMIT 1   [ RunTime:0.0001s ]
SQL: SELECT * FROM `t_userinfo` WHERE `userID` = 3  [ RunTime:0.0002s ]
SQL: SELECT `courseName` FROM `t_course` WHERE `courseID` = 1 LIMIT 1   [ RunTime:0.0001s ]
SQL: SELECT * FROM `t_userinfo` WHERE `userID` = 2  [ RunTime:0.0002s ]
SQL: SELECT `courseName` FROM `t_course` WHERE `courseID` = 1 LIMIT 1   [ RunTime:0.0001s ]
SQL: SELECT * FROM `t_userinfo` WHERE `userID` = 4  [ RunTime:0.0002s ]
SQL: SELECT `courseName` FROM `t_course` WHERE `courseID` = 1 LIMIT 1   [ RunTime:0.0001s ]
INFO: [ app_end ] --START--
INFO: Run Behavior\ShowPageTraceBehavior [ RunTime:0.000672s ]
INFO: [ app_end ] --END-- [ RunTime:0.000715s ]

[ 2016-05-15T00:12:49+08:00 ] ::1 /eduresPro/index.php/Home/Index/show_evaluate_teacher
INFO: [ app_begin ] --START--
INFO: Run Behavior\ReadHtmlCacheBehavior [ RunTime:0.000403s ]
INFO: [ app_begin ] --END-- [ RunTime:0.000706s ]
NOTIC: [8] Undefined index: search E:\PHP\httpd-2.4.18-win64-VC14\Apache24\htdocs\eduresPro\Application\Home\Controller\IndexController.class.php 第 1429 行.
SQL: SHOW COLUMNS FROM `t_evaluation` [ RunTime:0.0418s ]
SQL: SHOW COLUMNS FROM `t_course` [ RunTime:0.0111s ]
SQL: SHOW COLUMNS FROM `t_userinfo` [ RunTime:0.0078s ]
SQL: SELECT COUNT(*) AS tp_count FROM `t_evaluation` LIMIT 1   [ RunTime:0.0003s ]
NOTIC: [8] Undefined variable: where E:\PHP\httpd-2.4.18-win64-VC14\Apache24\htdocs\eduresPro\Application\Home\Controller\IndexController.class.php 第 1544 行.
SQL: SELECT * FROM `t_evaluation` ORDER BY averScore asc LIMIT 0,5   [ RunTime:0.0003s ]
SQL: SELECT * FROM `t_userinfo` WHERE `userID` = 1  [ RunTime:0.0003s ]
SQL: SELECT `courseName` FROM `t_course` WHERE `courseID` = 1 LIMIT 1   [ RunTime:0.0002s ]
SQL: SELECT * FROM `t_userinfo` WHERE `userID` = 6  [ RunTime:0.0002s ]
SQL: SELECT `courseName` FROM `t_course` WHERE `courseID` = 1 LIMIT 1   [ RunTime:0.0002s ]
SQL: SELECT * FROM `t_userinfo` WHERE `userID` = 3  [ RunTime:0.0002s ]
SQL: SELECT `courseName` FROM `t_course` WHERE `courseID` = 1 LIMIT 1   [ RunTime:0.0002s ]
SQL: SELECT * FROM `t_userinfo` WHERE `userID` = 2  [ RunTime:0.0002s ]
SQL: SELECT `courseName` FROM `t_course` WHERE `courseID` = 1 LIMIT 1   [ RunTime:0.0003s ]
SQL: SELECT * FROM `t_userinfo` WHERE `userID` = 4  [ RunTime:0.0003s ]
SQL: SELECT `courseName` FROM `t_course` WHERE `courseID` = 1 LIMIT 1   [ RunTime:0.0002s ]
INFO: [ app_end ] --START--
INFO: Run Behavior\ShowPageTraceBehavior [ RunTime:0.000750s ]
INFO: [ app_end ] --END-- [ RunTime:0.000804s ]

[ 2016-05-15T00:13:35+08:00 ] ::1 /eduresPro/index.php/Home/Index/show_evaluate_teacher
INFO: [ app_begin ] --START--
INFO: Run Behavior\ReadHtmlCacheBehavior [ RunTime:0.000524s ]
INFO: [ app_begin ] --END-- [ RunTime:0.000893s ]
NOTIC: [8] Undefined index: search E:\PHP\httpd-2.4.18-win64-VC14\Apache24\htdocs\eduresPro\Application\Home\Controller\IndexController.class.php 第 1429 行.
SQL: SHOW COLUMNS FROM `t_evaluation` [ RunTime:0.0079s ]
SQL: SHOW COLUMNS FROM `t_course` [ RunTime:0.0073s ]
SQL: SHOW COLUMNS FROM `t_userinfo` [ RunTime:0.0048s ]
SQL: SELECT COUNT(*) AS tp_count FROM `t_evaluation` LIMIT 1   [ RunTime:0.0002s ]
NOTIC: [8] Undefined variable: where E:\PHP\httpd-2.4.18-win64-VC14\Apache24\htdocs\eduresPro\Application\Home\Controller\IndexController.class.php 第 1544 行.
SQL: SELECT * FROM `t_evaluation` ORDER BY averScore asc LIMIT 0,5   [ RunTime:0.0003s ]
SQL: SELECT * FROM `t_userinfo` WHERE `userID` = 1  [ RunTime:0.0003s ]
SQL: SELECT `courseName` FROM `t_course` WHERE `courseID` = 1 LIMIT 1   [ RunTime:0.0003s ]
SQL: SELECT * FROM `t_userinfo` WHERE `userID` = 6  [ RunTime:0.0002s ]
SQL: SELECT `courseName` FROM `t_course` WHERE `courseID` = 1 LIMIT 1   [ RunTime:0.0001s ]
SQL: SELECT * FROM `t_userinfo` WHERE `userID` = 3  [ RunTime:0.0002s ]
SQL: SELECT `courseName` FROM `t_course` WHERE `courseID` = 1 LIMIT 1   [ RunTime:0.0001s ]
SQL: SELECT * FROM `t_userinfo` WHERE `userID` = 2  [ RunTime:0.0001s ]
SQL: SELECT `courseName` FROM `t_course` WHERE `courseID` = 1 LIMIT 1   [ RunTime:0.0001s ]
SQL: SELECT * FROM `t_userinfo` WHERE `userID` = 4  [ RunTime:0.0002s ]
SQL: SELECT `courseName` FROM `t_course` WHERE `courseID` = 1 LIMIT 1   [ RunTime:0.0001s ]
INFO: [ app_end ] --START--
INFO: Run Behavior\ShowPageTraceBehavior [ RunTime:0.000688s ]
INFO: [ app_end ] --END-- [ RunTime:0.000731s ]

[ 2016-05-15T00:13:42+08:00 ] ::1 /eduresPro/index.php/Home/Index/show_evaluate_teacher
INFO: [ app_begin ] --START--
INFO: Run Behavior\ReadHtmlCacheBehavior [ RunTime:0.000404s ]
INFO: [ app_begin ] --END-- [ RunTime:0.000716s ]
NOTIC: [8] Undefined index: search E:\PHP\httpd-2.4.18-win64-VC14\Apache24\htdocs\eduresPro\Application\Home\Controller\IndexController.class.php 第 1429 行.
SQL: SHOW COLUMNS FROM `t_evaluation` [ RunTime:0.0139s ]
SQL: SHOW COLUMNS FROM `t_course` [ RunTime:0.0088s ]
SQL: SHOW COLUMNS FROM `t_userinfo` [ RunTime:0.0070s ]
SQL: SELECT COUNT(*) AS tp_count FROM `t_evaluation` LIMIT 1   [ RunTime:0.0003s ]
NOTIC: [8] Undefined variable: where E:\PHP\httpd-2.4.18-win64-VC14\Apache24\htdocs\eduresPro\Application\Home\Controller\IndexController.class.php 第 1546 行.
SQL: SELECT * FROM `t_evaluation` ORDER BY averScore desc LIMIT 0,5   [ RunTime:0.0003s ]
SQL: SELECT * FROM `t_userinfo` WHERE `userID` = 4  [ RunTime:0.0002s ]
SQL: SELECT `courseName` FROM `t_course` WHERE `courseID` = 1 LIMIT 1   [ RunTime:0.0002s ]
SQL: SELECT * FROM `t_userinfo` WHERE `userID` = 2  [ RunTime:0.0002s ]
SQL: SELECT `courseName` FROM `t_course` WHERE `courseID` = 1 LIMIT 1   [ RunTime:0.0001s ]
SQL: SELECT * FROM `t_userinfo` WHERE `userID` = 3  [ RunTime:0.0002s ]
SQL: SELECT `courseName` FROM `t_course` WHERE `courseID` = 1 LIMIT 1   [ RunTime:0.0001s ]
SQL: SELECT * FROM `t_userinfo` WHERE `userID` = 6  [ RunTime:0.0002s ]
SQL: SELECT `courseName` FROM `t_course` WHERE `courseID` = 1 LIMIT 1   [ RunTime:0.0001s ]
SQL: SELECT * FROM `t_userinfo` WHERE `userID` = 1  [ RunTime:0.0002s ]
SQL: SELECT `courseName` FROM `t_course` WHERE `courseID` = 1 LIMIT 1   [ RunTime:0.0002s ]
INFO: [ app_end ] --START--
INFO: Run Behavior\ShowPageTraceBehavior [ RunTime:0.000771s ]
INFO: [ app_end ] --END-- [ RunTime:0.000819s ]

[ 2016-05-15T00:13:49+08:00 ] ::1 /eduresPro/index.php/Home/Index/show_evaluate_teacher
INFO: [ app_begin ] --START--
INFO: Run Behavior\ReadHtmlCacheBehavior [ RunTime:0.000425s ]
INFO: [ app_begin ] --END-- [ RunTime:0.000747s ]
NOTIC: [8] Undefined index: search E:\PHP\httpd-2.4.18-win64-VC14\Apache24\htdocs\eduresPro\Application\Home\Controller\IndexController.class.php 第 1429 行.
SQL: SHOW COLUMNS FROM `t_evaluation` [ RunTime:0.0108s ]
SQL: SHOW COLUMNS FROM `t_course` [ RunTime:0.0078s ]
SQL: SHOW COLUMNS FROM `t_userinfo` [ RunTime:0.0089s ]
SQL: SELECT COUNT(*) AS tp_count FROM `t_evaluation` LIMIT 1   [ RunTime:0.0003s ]
NOTIC: [8] Undefined variable: where E:\PHP\httpd-2.4.18-win64-VC14\Apache24\htdocs\eduresPro\Application\Home\Controller\IndexController.class.php 第 1548 行.
SQL: SELECT * FROM `t_evaluation` ORDER BY Time desc LIMIT 0,5   [ RunTime:0.0003s ]
SQL: SELECT * FROM `t_userinfo` WHERE `userID` = 1  [ RunTime:0.0002s ]
SQL: SELECT `courseName` FROM `t_course` WHERE `courseID` = 1 LIMIT 1   [ RunTime:0.0002s ]
SQL: SELECT * FROM `t_userinfo` WHERE `userID` = 2  [ RunTime:0.0002s ]
SQL: SELECT `courseName` FROM `t_course` WHERE `courseID` = 1 LIMIT 1   [ RunTime:0.0002s ]
SQL: SELECT * FROM `t_userinfo` WHERE `userID` = 6  [ RunTime:0.0002s ]
SQL: SELECT `courseName` FROM `t_course` WHERE `courseID` = 1 LIMIT 1   [ RunTime:0.0002s ]
SQL: SELECT * FROM `t_userinfo` WHERE `userID` = 3  [ RunTime:0.0002s ]
SQL: SELECT `courseName` FROM `t_course` WHERE `courseID` = 1 LIMIT 1   [ RunTime:0.0002s ]
SQL: SELECT * FROM `t_userinfo` WHERE `userID` = 4  [ RunTime:0.0002s ]
SQL: SELECT `courseName` FROM `t_course` WHERE `courseID` = 1 LIMIT 1   [ RunTime:0.0002s ]
INFO: [ app_end ] --START--
INFO: Run Behavior\ShowPageTraceBehavior [ RunTime:0.000694s ]
INFO: [ app_end ] --END-- [ RunTime:0.000737s ]

[ 2016-05-15T00:13:55+08:00 ] ::1 /eduresPro/index.php/Home/Index/show_evaluate_teacher
INFO: [ app_begin ] --START--
INFO: Run Behavior\ReadHtmlCacheBehavior [ RunTime:0.000488s ]
INFO: [ app_begin ] --END-- [ RunTime:0.000819s ]
NOTIC: [8] Undefined index: search E:\PHP\httpd-2.4.18-win64-VC14\Apache24\htdocs\eduresPro\Application\Home\Controller\IndexController.class.php 第 1429 行.
SQL: SHOW COLUMNS FROM `t_evaluation` [ RunTime:0.0110s ]
SQL: SHOW COLUMNS FROM `t_course` [ RunTime:0.0078s ]
SQL: SHOW COLUMNS FROM `t_userinfo` [ RunTime:0.0078s ]
SQL: SELECT COUNT(*) AS tp_count FROM `t_evaluation` LIMIT 1   [ RunTime:0.0003s ]
NOTIC: [8] Undefined variable: where E:\PHP\httpd-2.4.18-win64-VC14\Apache24\htdocs\eduresPro\Application\Home\Controller\IndexController.class.php 第 1544 行.
SQL: SELECT * FROM `t_evaluation` ORDER BY averScore asc LIMIT 0,5   [ RunTime:0.0003s ]
SQL: SELECT * FROM `t_userinfo` WHERE `userID` = 1  [ RunTime:0.0003s ]
SQL: SELECT `courseName` FROM `t_course` WHERE `courseID` = 1 LIMIT 1   [ RunTime:0.0002s ]
SQL: SELECT * FROM `t_userinfo` WHERE `userID` = 6  [ RunTime:0.0002s ]
SQL: SELECT `courseName` FROM `t_course` WHERE `courseID` = 1 LIMIT 1   [ RunTime:0.0002s ]
SQL: SELECT * FROM `t_userinfo` WHERE `userID` = 3  [ RunTime:0.0002s ]
SQL: SELECT `courseName` FROM `t_course` WHERE `courseID` = 1 LIMIT 1   [ RunTime:0.0002s ]
SQL: SELECT * FROM `t_userinfo` WHERE `userID` = 2  [ RunTime:0.0002s ]
SQL: SELECT `courseName` FROM `t_course` WHERE `courseID` = 1 LIMIT 1   [ RunTime:0.0001s ]
SQL: SELECT * FROM `t_userinfo` WHERE `userID` = 4  [ RunTime:0.0002s ]
SQL: SELECT `courseName` FROM `t_course` WHERE `courseID` = 1 LIMIT 1   [ RunTime:0.0002s ]
INFO: [ app_end ] --START--
INFO: Run Behavior\ShowPageTraceBehavior [ RunTime:0.000696s ]
INFO: [ app_end ] --END-- [ RunTime:0.000742s ]

[ 2016-05-15T00:17:44+08:00 ] ::1 /eduresPro/index.php/Home/Index/show_evaluate_teacher
INFO: [ app_begin ] --START--
INFO: Run Behavior\ReadHtmlCacheBehavior [ RunTime:0.000643s ]
INFO: [ app_begin ] --END-- [ RunTime:0.000977s ]
NOTIC: [8] Undefined index: search E:\PHP\httpd-2.4.18-win64-VC14\Apache24\htdocs\eduresPro\Application\Home\Controller\IndexController.class.php 第 1431 行.
SQL: SHOW COLUMNS FROM `t_evaluation` [ RunTime:0.0081s ]
SQL: SHOW COLUMNS FROM `t_course` [ RunTime:0.0072s ]
SQL: SHOW COLUMNS FROM `t_userinfo` [ RunTime:0.0049s ]
SQL: SELECT COUNT(*) AS tp_count FROM `t_evaluation` LIMIT 1   [ RunTime:0.0004s ]
NOTIC: [8] Undefined variable: where E:\PHP\httpd-2.4.18-win64-VC14\Apache24\htdocs\eduresPro\Application\Home\Controller\IndexController.class.php 第 1546 行.
SQL: SELECT * FROM `t_evaluation` ORDER BY averScore asc LIMIT 0,5   [ RunTime:0.0003s ]
SQL: SELECT * FROM `t_userinfo` WHERE `userID` = 1  [ RunTime:0.0003s ]
SQL: SELECT `courseName` FROM `t_course` WHERE `courseID` = 1 LIMIT 1   [ RunTime:0.0002s ]
SQL: SELECT * FROM `t_userinfo` WHERE `userID` = 6  [ RunTime:0.0003s ]
SQL: SELECT `courseName` FROM `t_course` WHERE `courseID` = 1 LIMIT 1   [ RunTime:0.0002s ]
SQL: SELECT * FROM `t_userinfo` WHERE `userID` = 3  [ RunTime:0.0001s ]
SQL: SELECT `courseName` FROM `t_course` WHERE `courseID` = 1 LIMIT 1   [ RunTime:0.0001s ]
SQL: SELECT * FROM `t_userinfo` WHERE `userID` = 2  [ RunTime:0.0001s ]
SQL: SELECT `courseName` FROM `t_course` WHERE `courseID` = 1 LIMIT 1   [ RunTime:0.0001s ]
SQL: SELECT * FROM `t_userinfo` WHERE `userID` = 4  [ RunTime:0.0002s ]
SQL: SELECT `courseName` FROM `t_course` WHERE `courseID` = 1 LIMIT 1   [ RunTime:0.0001s ]
INFO: [ app_end ] --START--
INFO: Run Behavior\ShowPageTraceBehavior [ RunTime:0.000704s ]
INFO: [ app_end ] --END-- [ RunTime:0.000749s ]

[ 2016-05-15T00:18:23+08:00 ] ::1 /eduresPro/index.php/Home/Index/show_evaluate_teacher
INFO: [ app_begin ] --START--
INFO: Run Behavior\ReadHtmlCacheBehavior [ RunTime:0.000501s ]
INFO: [ app_begin ] --END-- [ RunTime:0.000845s ]
NOTIC: [8] Undefined index: search E:\PHP\httpd-2.4.18-win64-VC14\Apache24\htdocs\eduresPro\Application\Home\Controller\IndexController.class.php 第 1431 行.
SQL: SHOW COLUMNS FROM `t_evaluation` [ RunTime:0.0073s ]
SQL: SHOW COLUMNS FROM `t_course` [ RunTime:0.0083s ]
SQL: SHOW COLUMNS FROM `t_userinfo` [ RunTime:0.0045s ]
SQL: SELECT COUNT(*) AS tp_count FROM `t_evaluation` LIMIT 1   [ RunTime:0.0002s ]
NOTIC: [8] Undefined variable: where E:\PHP\httpd-2.4.18-win64-VC14\Apache24\htdocs\eduresPro\Application\Home\Controller\IndexController.class.php 第 1546 行.
SQL: SELECT * FROM `t_evaluation` ORDER BY averScore asc LIMIT 0,5   [ RunTime:0.0002s ]
SQL: SELECT * FROM `t_userinfo` WHERE `userID` = 1  [ RunTime:0.0002s ]
SQL: SELECT `courseName` FROM `t_course` WHERE `courseID` = 1 LIMIT 1   [ RunTime:0.0002s ]
SQL: SELECT * FROM `t_userinfo` WHERE `userID` = 6  [ RunTime:0.0002s ]
SQL: SELECT `courseName` FROM `t_course` WHERE `courseID` = 1 LIMIT 1   [ RunTime:0.0001s ]
SQL: SELECT * FROM `t_userinfo` WHERE `userID` = 3  [ RunTime:0.0001s ]
SQL: SELECT `courseName` FROM `t_course` WHERE `courseID` = 1 LIMIT 1   [ RunTime:0.0001s ]
SQL: SELECT * FROM `t_userinfo` WHERE `userID` = 2  [ RunTime:0.0001s ]
SQL: SELECT `courseName` FROM `t_course` WHERE `courseID` = 1 LIMIT 1   [ RunTime:0.0001s ]
SQL: SELECT * FROM `t_userinfo` WHERE `userID` = 4  [ RunTime:0.0001s ]
SQL: SELECT `courseName` FROM `t_course` WHERE `courseID` = 1 LIMIT 1   [ RunTime:0.0001s ]
INFO: [ app_end ] --START--
INFO: Run Behavior\ShowPageTraceBehavior [ RunTime:0.000696s ]
INFO: [ app_end ] --END-- [ RunTime:0.000739s ]

[ 2016-05-15T00:18:36+08:00 ] ::1 /eduresPro/index.php/Home/Index/del_evaluation
INFO: [ app_begin ] --START--
INFO: Run Behavior\ReadHtmlCacheBehavior [ RunTime:0.000443s ]
INFO: [ app_begin ] --END-- [ RunTime:0.000854s ]
SQL: SHOW COLUMNS FROM `t_evaluation` [ RunTime:0.0102s ]
SQL: DELETE FROM `t_evaluation` WHERE `evalID` = 3 [ RunTime:0.0920s ]
SQL: DELETE FROM `t_evaluation` WHERE `evalID` = 5 [ RunTime:0.0498s ]
INFO: [ app_end ] --START--
INFO: Run Behavior\ShowPageTraceBehavior [ RunTime:0.000737s ]
INFO: [ app_end ] --END-- [ RunTime:0.000783s ]

[ 2016-05-15T00:18:36+08:00 ] ::1 /eduresPro/index.php/Home/Index/show_evaluate_teacher
INFO: [ app_begin ] --START--
INFO: Run Behavior\ReadHtmlCacheBehavior [ RunTime:0.000417s ]
INFO: [ app_begin ] --END-- [ RunTime:0.000746s ]
NOTIC: [8] Undefined index: search E:\PHP\httpd-2.4.18-win64-VC14\Apache24\htdocs\eduresPro\Application\Home\Controller\IndexController.class.php 第 1431 行.
SQL: SHOW COLUMNS FROM `t_evaluation` [ RunTime:0.0238s ]
SQL: SHOW COLUMNS FROM `t_course` [ RunTime:0.0065s ]
SQL: SHOW COLUMNS FROM `t_userinfo` [ RunTime:0.0069s ]
SQL: SELECT COUNT(*) AS tp_count FROM `t_evaluation` LIMIT 1   [ RunTime:0.0003s ]
NOTIC: [8] Undefined variable: where E:\PHP\httpd-2.4.18-win64-VC14\Apache24\htdocs\eduresPro\Application\Home\Controller\IndexController.class.php 第 1546 行.
SQL: SELECT * FROM `t_evaluation` ORDER BY averScore asc LIMIT 0,5   [ RunTime:0.0004s ]
SQL: SELECT * FROM `t_userinfo` WHERE `userID` = 1  [ RunTime:0.0003s ]
SQL: SELECT `courseName` FROM `t_course` WHERE `courseID` = 1 LIMIT 1   [ RunTime:0.0003s ]
SQL: SELECT * FROM `t_userinfo` WHERE `userID` = 3  [ RunTime:0.0002s ]
SQL: SELECT `courseName` FROM `t_course` WHERE `courseID` = 1 LIMIT 1   [ RunTime:0.0002s ]
SQL: SELECT * FROM `t_userinfo` WHERE `userID` = 2  [ RunTime:0.0002s ]
SQL: SELECT `courseName` FROM `t_course` WHERE `courseID` = 1 LIMIT 1   [ RunTime:0.0002s ]
INFO: [ app_end ] --START--
INFO: Run Behavior\ShowPageTraceBehavior [ RunTime:0.000691s ]
INFO: [ app_end ] --END-- [ RunTime:0.000736s ]

[ 2016-05-15T00:20:32+08:00 ] ::1 /eduresPro/index.php/Home/Index/show_evaluate_teacher
INFO: [ app_begin ] --START--
INFO: Run Behavior\ReadHtmlCacheBehavior [ RunTime:0.000924s ]
INFO: [ app_begin ] --END-- [ RunTime:0.001502s ]
NOTIC: [8] Undefined index: search E:\PHP\httpd-2.4.18-win64-VC14\Apache24\htdocs\eduresPro\Application\Home\Controller\IndexController.class.php 第 1431 行.
SQL: SHOW COLUMNS FROM `t_evaluation` [ RunTime:0.0112s ]
SQL: SHOW COLUMNS FROM `t_course` [ RunTime:0.0074s ]
SQL: SHOW COLUMNS FROM `t_userinfo` [ RunTime:0.0247s ]
SQL: SELECT COUNT(*) AS tp_count FROM `t_evaluation` LIMIT 1   [ RunTime:0.0002s ]
NOTIC: [8] Undefined variable: where E:\PHP\httpd-2.4.18-win64-VC14\Apache24\htdocs\eduresPro\Application\Home\Controller\IndexController.class.php 第 1546 行.
SQL: SELECT * FROM `t_evaluation` ORDER BY averScore asc LIMIT 0,5   [ RunTime:0.0002s ]
SQL: SELECT * FROM `t_userinfo` WHERE `userID` = 1  [ RunTime:0.0002s ]
SQL: SELECT `courseName` FROM `t_course` WHERE `courseID` = 1 LIMIT 1   [ RunTime:0.0001s ]
SQL: SELECT * FROM `t_userinfo` WHERE `userID` = 3  [ RunTime:0.0002s ]
SQL: SELECT `courseName` FROM `t_course` WHERE `courseID` = 1 LIMIT 1   [ RunTime:0.0001s ]
SQL: SELECT * FROM `t_userinfo` WHERE `userID` = 2  [ RunTime:0.0001s ]
SQL: SELECT `courseName` FROM `t_course` WHERE `courseID` = 1 LIMIT 1   [ RunTime:0.0001s ]
INFO: [ app_end ] --START--
INFO: Run Behavior\ShowPageTraceBehavior [ RunTime:0.000814s ]
INFO: [ app_end ] --END-- [ RunTime:0.000872s ]

[ 2016-05-15T00:20:47+08:00 ] ::1 /eduresPro/index.php/Home/Index/show_evaluate_teacher
INFO: [ app_begin ] --START--
INFO: Run Behavior\ReadHtmlCacheBehavior [ RunTime:0.000565s ]
INFO: [ app_begin ] --END-- [ RunTime:0.000911s ]
NOTIC: [8] Undefined index: search E:\PHP\httpd-2.4.18-win64-VC14\Apache24\htdocs\eduresPro\Application\Home\Controller\IndexController.class.php 第 1431 行.
SQL: SHOW COLUMNS FROM `t_evaluation` [ RunTime:0.0092s ]
SQL: SHOW COLUMNS FROM `t_course` [ RunTime:0.0108s ]
SQL: SHOW COLUMNS FROM `t_userinfo` [ RunTime:0.0059s ]
SQL: SELECT COUNT(*) AS tp_count FROM `t_evaluation` LIMIT 1   [ RunTime:0.0002s ]
NOTIC: [8] Undefined variable: where E:\PHP\httpd-2.4.18-win64-VC14\Apache24\htdocs\eduresPro\Application\Home\Controller\IndexController.class.php 第 1546 行.
SQL: SELECT * FROM `t_evaluation` ORDER BY averScore asc LIMIT 0,5   [ RunTime:0.0002s ]
SQL: SELECT * FROM `t_userinfo` WHERE `userID` = 1  [ RunTime:0.0002s ]
SQL: SELECT `courseName` FROM `t_course` WHERE `courseID` = 1 LIMIT 1   [ RunTime:0.0001s ]
SQL: SELECT * FROM `t_userinfo` WHERE `userID` = 3  [ RunTime:0.0001s ]
SQL: SELECT `courseName` FROM `t_course` WHERE `courseID` = 1 LIMIT 1   [ RunTime:0.0001s ]
SQL: SELECT * FROM `t_userinfo` WHERE `userID` = 2  [ RunTime:0.0002s ]
SQL: SELECT `courseName` FROM `t_course` WHERE `courseID` = 1 LIMIT 1   [ RunTime:0.0001s ]
INFO: [ app_end ] --START--
INFO: Run Behavior\ShowPageTraceBehavior [ RunTime:0.000869s ]
INFO: [ app_end ] --END-- [ RunTime:0.000920s ]

[ 2016-05-15T00:31:25+08:00 ] ::1 /eduresPro/index.php/Home/Index/show_evaluate_teacher
INFO: [ app_begin ] --START--
INFO: Run Behavior\ReadHtmlCacheBehavior [ RunTime:0.000596s ]
INFO: [ app_begin ] --END-- [ RunTime:0.000932s ]
NOTIC: [8] Undefined index: search E:\PHP\httpd-2.4.18-win64-VC14\Apache24\htdocs\eduresPro\Application\Home\Controller\IndexController.class.php 第 1431 行.
SQL: SHOW COLUMNS FROM `t_evaluation` [ RunTime:0.0294s ]
SQL: SHOW COLUMNS FROM `t_course` [ RunTime:0.0078s ]
SQL: SHOW COLUMNS FROM `t_userinfo` [ RunTime:0.0068s ]
SQL: SELECT COUNT(*) AS tp_count FROM `t_evaluation` LIMIT 1   [ RunTime:0.0002s ]
NOTIC: [8] Undefined variable: where E:\PHP\httpd-2.4.18-win64-VC14\Apache24\htdocs\eduresPro\Application\Home\Controller\IndexController.class.php 第 1546 行.
SQL: SELECT * FROM `t_evaluation` ORDER BY averScore asc LIMIT 0,5   [ RunTime:0.0002s ]
SQL: SELECT * FROM `t_userinfo` WHERE `userID` = 1  [ RunTime:0.0002s ]
SQL: SELECT `courseName` FROM `t_course` WHERE `courseID` = 1 LIMIT 1   [ RunTime:0.0002s ]
SQL: SELECT * FROM `t_userinfo` WHERE `userID` = 3  [ RunTime:0.0002s ]
SQL: SELECT `courseName` FROM `t_course` WHERE `courseID` = 1 LIMIT 1   [ RunTime:0.0001s ]
SQL: SELECT * FROM `t_userinfo` WHERE `userID` = 2  [ RunTime:0.0002s ]
SQL: SELECT `courseName` FROM `t_course` WHERE `courseID` = 1 LIMIT 1   [ RunTime:0.0001s ]
INFO: [ app_end ] --START--
INFO: Run Behavior\ShowPageTraceBehavior [ RunTime:0.000884s ]
INFO: [ app_end ] --END-- [ RunTime:0.000951s ]

[ 2016-05-15T00:31:36+08:00 ] ::1 /eduresPro/index.php/Home/Index/evaluation
INFO: [ app_begin ] --START--
INFO: Run Behavior\ReadHtmlCacheBehavior [ RunTime:0.000395s ]
INFO: [ app_begin ] --END-- [ RunTime:0.000685s ]
SQL: SHOW COLUMNS FROM `t_evaluation` [ RunTime:0.0109s ]
SQL: UPDATE `t_evaluation` SET `Note`='可以的' WHERE `evalID` = 1 [ RunTime:0.1174s ]
INFO: [ app_end ] --START--
INFO: Run Behavior\ShowPageTraceBehavior [ RunTime:0.000918s ]
INFO: [ app_end ] --END-- [ RunTime:0.000993s ]

[ 2016-05-15T00:31:41+08:00 ] ::1 /eduresPro/index.php/Home/Index/evaluation
INFO: [ app_begin ] --START--
INFO: Run Behavior\ReadHtmlCacheBehavior [ RunTime:0.000399s ]
INFO: [ app_begin ] --END-- [ RunTime:0.000692s ]
SQL: SHOW COLUMNS FROM `t_evaluation` [ RunTime:0.0107s ]
SQL: UPDATE `t_evaluation` SET `Note`='可以的' WHERE `evalID` = 1 [ RunTime:0.0458s ]
INFO: [ app_end ] --START--
INFO: Run Behavior\ShowPageTraceBehavior [ RunTime:0.001042s ]
INFO: [ app_end ] --END-- [ RunTime:0.001140s ]

[ 2016-05-15T00:33:15+08:00 ] ::1 /eduresPro/index.php/Home/Index/show_evaluate_teacher
INFO: [ app_begin ] --START--
INFO: Run Behavior\ReadHtmlCacheBehavior [ RunTime:0.000508s ]
INFO: [ app_begin ] --END-- [ RunTime:0.000878s ]
NOTIC: [8] Undefined index: search E:\PHP\httpd-2.4.18-win64-VC14\Apache24\htdocs\eduresPro\Application\Home\Controller\IndexController.class.php 第 1431 行.
SQL: SHOW COLUMNS FROM `t_evaluation` [ RunTime:0.0104s ]
SQL: SHOW COLUMNS FROM `t_course` [ RunTime:0.0077s ]
SQL: SHOW COLUMNS FROM `t_userinfo` [ RunTime:0.0074s ]
SQL: SELECT COUNT(*) AS tp_count FROM `t_evaluation` LIMIT 1   [ RunTime:0.0003s ]
NOTIC: [8] Undefined variable: where E:\PHP\httpd-2.4.18-win64-VC14\Apache24\htdocs\eduresPro\Application\Home\Controller\IndexController.class.php 第 1546 行.
SQL: SELECT * FROM `t_evaluation` ORDER BY averScore asc LIMIT 0,5   [ RunTime:0.0002s ]
SQL: SELECT * FROM `t_userinfo` WHERE `userID` = 1  [ RunTime:0.0002s ]
SQL: SELECT `courseName` FROM `t_course` WHERE `courseID` = 1 LIMIT 1   [ RunTime:0.0001s ]
SQL: SELECT * FROM `t_userinfo` WHERE `userID` = 3  [ RunTime:0.0002s ]
SQL: SELECT `courseName` FROM `t_course` WHERE `courseID` = 1 LIMIT 1   [ RunTime:0.0001s ]
SQL: SELECT * FROM `t_userinfo` WHERE `userID` = 2  [ RunTime:0.0001s ]
SQL: SELECT `courseName` FROM `t_course` WHERE `courseID` = 1 LIMIT 1   [ RunTime:0.0001s ]
INFO: [ app_end ] --START--
INFO: Run Behavior\ShowPageTraceBehavior [ RunTime:0.000713s ]
INFO: [ app_end ] --END-- [ RunTime:0.000767s ]

[ 2016-05-15T00:33:21+08:00 ] ::1 /eduresPro/index.php/Home/Index/evaluation
INFO: [ app_begin ] --START--
INFO: Run Behavior\ReadHtmlCacheBehavior [ RunTime:0.000403s ]
INFO: [ app_begin ] --END-- [ RunTime:0.000720s ]
SQL: SHOW COLUMNS FROM `t_evaluation` [ RunTime:0.0108s ]
SQL: UPDATE `t_evaluation` SET `Note`='可以的h' WHERE `evalID` = 1 [ RunTime:0.1193s ]
INFO: [ app_end ] --START--
INFO: Run Behavior\ShowPageTraceBehavior [ RunTime:0.000847s ]
INFO: [ app_end ] --END-- [ RunTime:0.000890s ]

[ 2016-05-15T00:33:35+08:00 ] ::1 /eduresPro/index.php/Home/Index/evaluation
INFO: [ app_begin ] --START--
INFO: Run Behavior\ReadHtmlCacheBehavior [ RunTime:0.000421s ]
INFO: [ app_begin ] --END-- [ RunTime:0.000772s ]
SQL: SHOW COLUMNS FROM `t_evaluation` [ RunTime:0.0098s ]
SQL: UPDATE `t_evaluation` SET `Note`='可以的d' WHERE `evalID` = 1 [ RunTime:0.1563s ]
INFO: [ app_end ] --START--
INFO: Run Behavior\ShowPageTraceBehavior [ RunTime:0.000801s ]
INFO: [ app_end ] --END-- [ RunTime:0.000843s ]

[ 2016-05-15T00:34:04+08:00 ] ::1 /eduresPro/index.php/Home/Index/show_evaluate_teacher
INFO: [ app_begin ] --START--
INFO: Run Behavior\ReadHtmlCacheBehavior [ RunTime:0.000534s ]
INFO: [ app_begin ] --END-- [ RunTime:0.000987s ]
NOTIC: [8] Undefined index: search E:\PHP\httpd-2.4.18-win64-VC14\Apache24\htdocs\eduresPro\Application\Home\Controller\IndexController.class.php 第 1431 行.
SQL: SHOW COLUMNS FROM `t_evaluation` [ RunTime:0.0092s ]
SQL: SHOW COLUMNS FROM `t_course` [ RunTime:0.0072s ]
SQL: SHOW COLUMNS FROM `t_userinfo` [ RunTime:0.0077s ]
SQL: SELECT COUNT(*) AS tp_count FROM `t_evaluation` LIMIT 1   [ RunTime:0.0002s ]
NOTIC: [8] Undefined variable: where E:\PHP\httpd-2.4.18-win64-VC14\Apache24\htdocs\eduresPro\Application\Home\Controller\IndexController.class.php 第 1546 行.
SQL: SELECT * FROM `t_evaluation` ORDER BY averScore asc LIMIT 0,5   [ RunTime:0.0002s ]
SQL: SELECT * FROM `t_userinfo` WHERE `userID` = 1  [ RunTime:0.0002s ]
SQL: SELECT `courseName` FROM `t_course` WHERE `courseID` = 1 LIMIT 1   [ RunTime:0.0002s ]
SQL: SELECT * FROM `t_userinfo` WHERE `userID` = 3  [ RunTime:0.0002s ]
SQL: SELECT `courseName` FROM `t_course` WHERE `courseID` = 1 LIMIT 1   [ RunTime:0.0001s ]
SQL: SELECT * FROM `t_userinfo` WHERE `userID` = 2  [ RunTime:0.0002s ]
SQL: SELECT `courseName` FROM `t_course` WHERE `courseID` = 1 LIMIT 1   [ RunTime:0.0001s ]
INFO: [ app_end ] --START--
INFO: Run Behavior\ShowPageTraceBehavior [ RunTime:0.000678s ]
INFO: [ app_end ] --END-- [ RunTime:0.000722s ]

[ 2016-05-15T00:34:11+08:00 ] ::1 /eduresPro/index.php/Home/Index/evaluation
INFO: [ app_begin ] --START--
INFO: Run Behavior\ReadHtmlCacheBehavior [ RunTime:0.000533s ]
INFO: [ app_begin ] --END-- [ RunTime:0.000937s ]
SQL: SHOW COLUMNS FROM `t_evaluation` [ RunTime:0.0107s ]
SQL: UPDATE `t_evaluation` SET `Note`='可以的dp' WHERE `evalID` = 1 [ RunTime:0.0907s ]
INFO: [ app_end ] --START--
INFO: Run Behavior\ShowPageTraceBehavior [ RunTime:0.000788s ]
INFO: [ app_end ] --END-- [ RunTime:0.000829s ]

[ 2016-05-15T00:35:28+08:00 ] ::1 /eduresPro/index.php/Home/Index/show_evaluate_teacher
INFO: [ app_begin ] --START--
INFO: Run Behavior\ReadHtmlCacheBehavior [ RunTime:0.000557s ]
INFO: [ app_begin ] --END-- [ RunTime:0.000893s ]
NOTIC: [8] Undefined index: search E:\PHP\httpd-2.4.18-win64-VC14\Apache24\htdocs\eduresPro\Application\Home\Controller\IndexController.class.php 第 1431 行.
SQL: SHOW COLUMNS FROM `t_evaluation` [ RunTime:0.0118s ]
SQL: SHOW COLUMNS FROM `t_course` [ RunTime:0.0077s ]
SQL: SHOW COLUMNS FROM `t_userinfo` [ RunTime:0.0081s ]
SQL: SELECT COUNT(*) AS tp_count FROM `t_evaluation` LIMIT 1   [ RunTime:0.0002s ]
NOTIC: [8] Undefined variable: where E:\PHP\httpd-2.4.18-win64-VC14\Apache24\htdocs\eduresPro\Application\Home\Controller\IndexController.class.php 第 1546 行.
SQL: SELECT * FROM `t_evaluation` ORDER BY averScore asc LIMIT 0,5   [ RunTime:0.0003s ]
SQL: SELECT * FROM `t_userinfo` WHERE `userID` = 1  [ RunTime:0.0003s ]
SQL: SELECT `courseName` FROM `t_course` WHERE `courseID` = 1 LIMIT 1   [ RunTime:0.0002s ]
SQL: SELECT * FROM `t_userinfo` WHERE `userID` = 3  [ RunTime:0.0002s ]
SQL: SELECT `courseName` FROM `t_course` WHERE `courseID` = 1 LIMIT 1   [ RunTime:0.0001s ]
SQL: SELECT * FROM `t_userinfo` WHERE `userID` = 2  [ RunTime:0.0001s ]
SQL: SELECT `courseName` FROM `t_course` WHERE `courseID` = 1 LIMIT 1   [ RunTime:0.0001s ]
INFO: [ app_end ] --START--
INFO: Run Behavior\ShowPageTraceBehavior [ RunTime:0.000724s ]
INFO: [ app_end ] --END-- [ RunTime:0.000772s ]

[ 2016-05-15T00:35:43+08:00 ] ::1 /eduresPro/index.php/Home/Index/evaluation
INFO: [ app_begin ] --START--
INFO: Run Behavior\ReadHtmlCacheBehavior [ RunTime:0.000558s ]
INFO: [ app_begin ] --END-- [ RunTime:0.000956s ]
SQL: SHOW COLUMNS FROM `t_evaluation` [ RunTime:0.0126s ]
SQL: UPDATE `t_evaluation` SET `Note`='带努力' WHERE `evalID` = 1 [ RunTime:0.0980s ]
INFO: [ app_end ] --START--
INFO: Run Behavior\ShowPageTraceBehavior [ RunTime:0.000688s ]
INFO: [ app_end ] --END-- [ RunTime:0.000732s ]

[ 2016-05-15T00:35:46+08:00 ] ::1 /eduresPro/index.php/Home/Index/show_evaluate_teacher
INFO: [ app_begin ] --START--
INFO: Run Behavior\ReadHtmlCacheBehavior [ RunTime:0.001176s ]
INFO: [ app_begin ] --END-- [ RunTime:0.001876s ]
NOTIC: [8] Undefined index: search E:\PHP\httpd-2.4.18-win64-VC14\Apache24\htdocs\eduresPro\Application\Home\Controller\IndexController.class.php 第 1431 行.
SQL: SHOW COLUMNS FROM `t_evaluation` [ RunTime:0.0078s ]
SQL: SHOW COLUMNS FROM `t_course` [ RunTime:0.0082s ]
SQL: SHOW COLUMNS FROM `t_userinfo` [ RunTime:0.0052s ]
SQL: SELECT COUNT(*) AS tp_count FROM `t_evaluation` LIMIT 1   [ RunTime:0.0003s ]
NOTIC: [8] Undefined variable: where E:\PHP\httpd-2.4.18-win64-VC14\Apache24\htdocs\eduresPro\Application\Home\Controller\IndexController.class.php 第 1546 行.
SQL: SELECT * FROM `t_evaluation` ORDER BY averScore asc LIMIT 0,5   [ RunTime:0.0004s ]
SQL: SELECT * FROM `t_userinfo` WHERE `userID` = 1  [ RunTime:0.0003s ]
SQL: SELECT `courseName` FROM `t_course` WHERE `courseID` = 1 LIMIT 1   [ RunTime:0.0002s ]
SQL: SELECT * FROM `t_userinfo` WHERE `userID` = 3  [ RunTime:0.0002s ]
SQL: SELECT `courseName` FROM `t_course` WHERE `courseID` = 1 LIMIT 1   [ RunTime:0.0002s ]
SQL: SELECT * FROM `t_userinfo` WHERE `userID` = 2  [ RunTime:0.0002s ]
SQL: SELECT `courseName` FROM `t_course` WHERE `courseID` = 1 LIMIT 1   [ RunTime:0.0002s ]
INFO: [ app_end ] --START--
INFO: Run Behavior\ShowPageTraceBehavior [ RunTime:0.001201s ]
INFO: [ app_end ] --END-- [ RunTime:0.001284s ]

[ 2016-05-15T00:59:56+08:00 ] ::1 /eduresPro/index.php/Home/Index/js/video_jquery.js
ERR: 非法操作:js

[ 2016-05-15T00:59:56+08:00 ] ::1 /eduresPro/index.php/Home/Index/js/video.js
ERR: 非法操作:js

[ 2016-05-15T00:59:56+08:00 ] ::1 /eduresPro/index.php/Home/Index/js/amazeui.min.js
ERR: 非法操作:js

[ 2016-05-15T00:59:56+08:00 ] ::1 /eduresPro/index.php/Home/Index/js/jquery.min.js
ERR: 非法操作:js

[ 2016-05-15T00:59:56+08:00 ] ::1 /eduresPro/index.php/Home/Index/js/tab.js
ERR: 非法操作:js

[ 2016-05-15T00:59:56+08:00 ] ::1 /eduresPro/index.php/Home/Index/images/video.mp4
ERR: 非法操作:images

[ 2016-05-15T00:59:56+08:00 ] ::1 /eduresPro/index.php/Home/Index/images/video.mp4
ERR: 非法操作:images

[ 2016-05-15T00:59:56+08:00 ] ::1 /eduresPro/index.php/Home/Index/images/video.mp4
ERR: 非法操作:images

[ 2016-05-15T00:59:56+08:00 ] ::1 /eduresPro/index.php/Home/Index/images/video.mp4
ERR: 非法操作:images

[ 2016-05-15T00:59:56+08:00 ] ::1 /eduresPro/index.php/Home/Index/images/video.mp4
ERR: 非法操作:images

[ 2016-05-15T00:59:56+08:00 ] ::1 /eduresPro/index.php/Home/Index/images/video.mp4
ERR: 非法操作:images

[ 2016-05-15T00:59:56+08:00 ] ::1 /eduresPro/index.php/Home/Index/images/video.mp4
ERR: 非法操作:images

[ 2016-05-15T00:59:56+08:00 ] ::1 /eduresPro/index.php/Home/Index/images/video.mp4
ERR: 非法操作:images

[ 2016-05-15T00:59:56+08:00 ] ::1 /eduresPro/index.php/Home/Index/images/video.mp4
ERR: 非法操作:images

[ 2016-05-15T00:59:56+08:00 ] ::1 /eduresPro/index.php/Home/Index/images/video.mp4
ERR: 非法操作:images

[ 2016-05-15T00:59:56+08:00 ] ::1 /eduresPro/index.php/Home/Index/images/video.mp4
ERR: 非法操作:images

[ 2016-05-15T00:59:56+08:00 ] ::1 /eduresPro/index.php/Home/Index/images/video.mp4
ERR: 非法操作:images

[ 2016-05-15T01:01:55+08:00 ] ::1 /eduresPro/index.php/Home/Index/js/video_jquery.js
ERR: 非法操作:js

[ 2016-05-15T01:01:55+08:00 ] ::1 /eduresPro/index.php/Home/Index/js/video.js
ERR: 非法操作:js

[ 2016-05-15T01:01:55+08:00 ] ::1 /eduresPro/index.php/Home/Index/js/amazeui.min.js
ERR: 非法操作:js

[ 2016-05-15T01:01:55+08:00 ] ::1 /eduresPro/index.php/Home/Index/images/video.mp4
ERR: 非法操作:images

[ 2016-05-15T01:01:55+08:00 ] ::1 /eduresPro/index.php/Home/Index/js/tab.js
ERR: 非法操作:js

[ 2016-05-15T01:01:55+08:00 ] ::1 /eduresPro/index.php/Home/Index/js/jquery.min.js
ERR: 非法操作:js

[ 2016-05-15T01:01:55+08:00 ] ::1 /eduresPro/index.php/Home/Index/images/video.mp4
ERR: 非法操作:images

[ 2016-05-15T01:01:55+08:00 ] ::1 /eduresPro/index.php/Home/Index/images/video.mp4
ERR: 非法操作:images

[ 2016-05-15T01:01:55+08:00 ] ::1 /eduresPro/index.php/Home/Index/images/video.mp4
ERR: 非法操作:images

[ 2016-05-15T01:01:55+08:00 ] ::1 /eduresPro/index.php/Home/Index/images/video.mp4
ERR: 非法操作:images

[ 2016-05-15T01:01:55+08:00 ] ::1 /eduresPro/index.php/Home/Index/images/video.mp4
ERR: 非法操作:images

[ 2016-05-15T01:01:55+08:00 ] ::1 /eduresPro/index.php/Home/Index/images/video.mp4
ERR: 非法操作:images

[ 2016-05-15T01:01:55+08:00 ] ::1 /eduresPro/index.php/Home/Index/images/video.mp4
ERR: 非法操作:images

[ 2016-05-15T01:01:55+08:00 ] ::1 /eduresPro/index.php/Home/Index/images/video.mp4
ERR: 非法操作:images

[ 2016-05-15T01:01:55+08:00 ] ::1 /eduresPro/index.php/Home/Index/images/video.mp4
ERR: 非法操作:images

[ 2016-05-15T01:01:55+08:00 ] ::1 /eduresPro/index.php/Home/Index/images/video.mp4
ERR: 非法操作:images

[ 2016-05-15T01:01:55+08:00 ] ::1 /eduresPro/index.php/Home/Index/images/video.mp4
ERR: 非法操作:images

[ 2016-05-15T01:03:23+08:00 ] ::1 /eduresPro/index.php/Home/Index/js/video_jquery.js
ERR: 非法操作:js

[ 2016-05-15T01:03:23+08:00 ] ::1 /eduresPro/index.php/Home/Index/js/video.js
ERR: 非法操作:js

[ 2016-05-15T01:03:23+08:00 ] ::1 /eduresPro/index.php/Home/Index/js/amazeui.min.js
ERR: 非法操作:js

[ 2016-05-15T01:03:23+08:00 ] ::1 /eduresPro/index.php/Home/Index/js/jquery.min.js
ERR: 非法操作:js

[ 2016-05-15T01:03:23+08:00 ] ::1 /eduresPro/index.php/Home/Index/js/tab.js
ERR: 非法操作:js

[ 2016-05-15T01:03:23+08:00 ] ::1 /eduresPro/index.php/Home/Index/images/video.mp4
ERR: 非法操作:images

[ 2016-05-15T01:03:23+08:00 ] ::1 /eduresPro/index.php/Home/Index/images/video.mp4
ERR: 非法操作:images

[ 2016-05-15T01:03:23+08:00 ] ::1 /eduresPro/index.php/Home/Index/images/video.mp4
ERR: 非法操作:images

[ 2016-05-15T01:03:23+08:00 ] ::1 /eduresPro/index.php/Home/Index/images/video.mp4
ERR: 非法操作:images

[ 2016-05-15T01:03:23+08:00 ] ::1 /eduresPro/index.php/Home/Index/images/video.mp4
ERR: 非法操作:images

[ 2016-05-15T01:03:23+08:00 ] ::1 /eduresPro/index.php/Home/Index/images/video.mp4
ERR: 非法操作:images

[ 2016-05-15T01:03:23+08:00 ] ::1 /eduresPro/index.php/Home/Index/images/video.mp4
ERR: 非法操作:images

[ 2016-05-15T01:03:23+08:00 ] ::1 /eduresPro/index.php/Home/Index/images/video.mp4
ERR: 非法操作:images

[ 2016-05-15T01:03:23+08:00 ] ::1 /eduresPro/index.php/Home/Index/images/video.mp4
ERR: 非法操作:images

[ 2016-05-15T01:03:23+08:00 ] ::1 /eduresPro/index.php/Home/Index/images/video.mp4
ERR: 非法操作:images

[ 2016-05-15T01:03:23+08:00 ] ::1 /eduresPro/index.php/Home/Index/images/video.mp4
ERR: 非法操作:images

[ 2016-05-15T01:03:23+08:00 ] ::1 /eduresPro/index.php/Home/Index/images/video.mp4
ERR: 非法操作:images

[ 2016-05-15T01:03:26+08:00 ] ::1 /eduresPro/index.php/Home/Index/js/video_jquery.js
ERR: 非法操作:js

[ 2016-05-15T01:03:26+08:00 ] ::1 /eduresPro/index.php/Home/Index/js/amazeui.min.js
ERR: 非法操作:js

[ 2016-05-15T01:03:26+08:00 ] ::1 /eduresPro/index.php/Home/Index/js/video.js
ERR: 非法操作:js

[ 2016-05-15T01:03:26+08:00 ] ::1 /eduresPro/index.php/Home/Index/js/tab.js
ERR: 非法操作:js

[ 2016-05-15T01:03:26+08:00 ] ::1 /eduresPro/index.php/Home/Index/js/jquery.min.js
ERR: 非法操作:js

[ 2016-05-15T01:03:26+08:00 ] ::1 /eduresPro/index.php/Home/Index/images/video.mp4
ERR: 非法操作:images

[ 2016-05-15T01:03:26+08:00 ] ::1 /eduresPro/index.php/Home/Index/images/video.mp4
ERR: 非法操作:images

[ 2016-05-15T01:03:26+08:00 ] ::1 /eduresPro/index.php/Home/Index/images/video.mp4
ERR: 非法操作:images

[ 2016-05-15T01:03:26+08:00 ] ::1 /eduresPro/index.php/Home/Index/images/video.mp4
ERR: 非法操作:images

[ 2016-05-15T01:03:26+08:00 ] ::1 /eduresPro/index.php/Home/Index/images/video.mp4
ERR: 非法操作:images

[ 2016-05-15T01:03:26+08:00 ] ::1 /eduresPro/index.php/Home/Index/images/video.mp4
ERR: 非法操作:images

[ 2016-05-15T01:03:26+08:00 ] ::1 /eduresPro/index.php/Home/Index/images/video.mp4
ERR: 非法操作:images

[ 2016-05-15T01:03:26+08:00 ] ::1 /eduresPro/index.php/Home/Index/images/video.mp4
ERR: 非法操作:images

[ 2016-05-15T01:03:26+08:00 ] ::1 /eduresPro/index.php/Home/Index/images/video.mp4
ERR: 非法操作:images

[ 2016-05-15T01:03:26+08:00 ] ::1 /eduresPro/index.php/Home/Index/images/video.mp4
ERR: 非法操作:images

[ 2016-05-15T01:03:26+08:00 ] ::1 /eduresPro/index.php/Home/Index/images/video.mp4
ERR: 非法操作:images

[ 2016-05-15T01:03:26+08:00 ] ::1 /eduresPro/index.php/Home/Index/images/video.mp4
ERR: 非法操作:images

[ 2016-05-15T01:07:57+08:00 ] ::1 /eduresPro/index.php/Home/Index/images/video.mp4
ERR: 非法操作:images

[ 2016-05-15T01:07:57+08:00 ] ::1 /eduresPro/index.php/Home/Index/images/video.mp4
ERR: 非法操作:images

[ 2016-05-15T01:07:57+08:00 ] ::1 /eduresPro/index.php/Home/Index/images/video.mp4
ERR: 非法操作:images

[ 2016-05-15T01:07:57+08:00 ] ::1 /eduresPro/index.php/Home/Index/images/video.mp4
ERR: 非法操作:images

[ 2016-05-15T01:07:57+08:00 ] ::1 /eduresPro/index.php/Home/Index/images/video.mp4
ERR: 非法操作:images

[ 2016-05-15T01:07:57+08:00 ] ::1 /eduresPro/index.php/Home/Index/images/video.mp4
ERR: 非法操作:images

[ 2016-05-15T01:07:57+08:00 ] ::1 /eduresPro/index.php/Home/Index/images/video.mp4
ERR: 非法操作:images

[ 2016-05-15T01:07:57+08:00 ] ::1 /eduresPro/index.php/Home/Index/images/video.mp4
ERR: 非法操作:images

[ 2016-05-15T01:07:57+08:00 ] ::1 /eduresPro/index.php/Home/Index/images/video.mp4
ERR: 非法操作:images

[ 2016-05-15T01:07:57+08:00 ] ::1 /eduresPro/index.php/Home/Index/images/video.mp4
ERR: 非法操作:images

[ 2016-05-15T01:07:57+08:00 ] ::1 /eduresPro/index.php/Home/Index/images/video.mp4
ERR: 非法操作:images

[ 2016-05-15T01:07:57+08:00 ] ::1 /eduresPro/index.php/Home/Index/images/video.mp4
ERR: 非法操作:images

[ 2016-05-15T01:10:09+08:00 ] ::1 /eduresPro/index.php/Home/Index/images/video.mp4
ERR: 非法操作:images

[ 2016-05-15T01:10:09+08:00 ] ::1 /eduresPro/index.php/Home/Index/images/video.mp4
ERR: 非法操作:images

[ 2016-05-15T01:10:09+08:00 ] ::1 /eduresPro/index.php/Home/Index/images/video.mp4
ERR: 非法操作:images

[ 2016-05-15T01:10:09+08:00 ] ::1 /eduresPro/index.php/Home/Index/images/video.mp4
ERR: 非法操作:images

[ 2016-05-15T01:10:09+08:00 ] ::1 /eduresPro/index.php/Home/Index/images/video.mp4
ERR: 非法操作:images

[ 2016-05-15T01:10:09+08:00 ] ::1 /eduresPro/index.php/Home/Index/images/video.mp4
ERR: 非法操作:images

[ 2016-05-15T01:10:10+08:00 ] ::1 /eduresPro/index.php/Home/Index/images/video.mp4
ERR: 非法操作:images

[ 2016-05-15T01:10:10+08:00 ] ::1 /eduresPro/index.php/Home/Index/images/video.mp4
ERR: 非法操作:images

[ 2016-05-15T01:10:10+08:00 ] ::1 /eduresPro/index.php/Home/Index/images/video.mp4
ERR: 非法操作:images

[ 2016-05-15T01:10:10+08:00 ] ::1 /eduresPro/index.php/Home/Index/images/video.mp4
ERR: 非法操作:images

[ 2016-05-15T01:10:10+08:00 ] ::1 /eduresPro/index.php/Home/Index/images/video.mp4
ERR: 非法操作:images

[ 2016-05-15T01:10:10+08:00 ] ::1 /eduresPro/index.php/Home/Index/images/video.mp4
ERR: 非法操作:images

[ 2016-05-15T01:10:14+08:00 ] ::1 /eduresPro/index.php/Home/Index/images/video.mp4
ERR: 非法操作:images

[ 2016-05-15T01:10:14+08:00 ] ::1 /eduresPro/index.php/Home/Index/images/video.mp4
ERR: 非法操作:images

[ 2016-05-15T01:10:14+08:00 ] ::1 /eduresPro/index.php/Home/Index/images/video.mp4
ERR: 非法操作:images

[ 2016-05-15T01:10:14+08:00 ] ::1 /eduresPro/index.php/Home/Index/images/video.mp4
ERR: 非法操作:images

[ 2016-05-15T01:10:14+08:00 ] ::1 /eduresPro/index.php/Home/Index/images/video.mp4
ERR: 非法操作:images

[ 2016-05-15T01:10:14+08:00 ] ::1 /eduresPro/index.php/Home/Index/images/video.mp4
ERR: 非法操作:images

[ 2016-05-15T01:10:14+08:00 ] ::1 /eduresPro/index.php/Home/Index/images/video.mp4
ERR: 非法操作:images

[ 2016-05-15T01:10:14+08:00 ] ::1 /eduresPro/index.php/Home/Index/images/video.mp4
ERR: 非法操作:images

[ 2016-05-15T01:10:14+08:00 ] ::1 /eduresPro/index.php/Home/Index/images/video.mp4
ERR: 非法操作:images

[ 2016-05-15T01:10:14+08:00 ] ::1 /eduresPro/index.php/Home/Index/images/video.mp4
ERR: 非法操作:images

[ 2016-05-15T01:10:14+08:00 ] ::1 /eduresPro/index.php/Home/Index/images/video.mp4
ERR: 非法操作:images

[ 2016-05-15T01:10:14+08:00 ] ::1 /eduresPro/index.php/Home/Index/images/video.mp4
ERR: 非法操作:images

[ 2016-05-15T01:14:17+08:00 ] ::1 /eduresPro/index.php/Home/Index/images/video.mp4
ERR: 非法操作:images

[ 2016-05-15T01:14:17+08:00 ] ::1 /eduresPro/index.php/Home/Index/images/video.mp4
ERR: 非法操作:images

[ 2016-05-15T01:14:17+08:00 ] ::1 /eduresPro/index.php/Home/Index/images/video.mp4
ERR: 非法操作:images

[ 2016-05-15T01:14:17+08:00 ] ::1 /eduresPro/index.php/Home/Index/images/video.mp4
ERR: 非法操作:images

[ 2016-05-15T01:14:17+08:00 ] ::1 /eduresPro/index.php/Home/Index/images/video.mp4
ERR: 非法操作:images

[ 2016-05-15T01:14:17+08:00 ] ::1 /eduresPro/index.php/Home/Index/images/video.mp4
ERR: 非法操作:images

[ 2016-05-15T01:14:17+08:00 ] ::1 /eduresPro/index.php/Home/Index/images/video.mp4
ERR: 非法操作:images

[ 2016-05-15T01:14:17+08:00 ] ::1 /eduresPro/index.php/Home/Index/images/video.mp4
ERR: 非法操作:images

[ 2016-05-15T01:14:17+08:00 ] ::1 /eduresPro/index.php/Home/Index/images/video.mp4
ERR: 非法操作:images

[ 2016-05-15T01:14:17+08:00 ] ::1 /eduresPro/index.php/Home/Index/images/video.mp4
ERR: 非法操作:images

[ 2016-05-15T01:14:17+08:00 ] ::1 /eduresPro/index.php/Home/Index/images/video.mp4
ERR: 非法操作:images

[ 2016-05-15T01:14:17+08:00 ] ::1 /eduresPro/index.php/Home/Index/images/video.mp4
ERR: 非法操作:images

[ 2016-05-15T01:14:18+08:00 ] ::1 /eduresPro/index.php/Home/Index/show_need_resource
INFO: [ app_begin ] --START--
INFO: Run Behavior\ReadHtmlCacheBehavior [ RunTime:0.000638s ]
INFO: [ app_begin ] --END-- [ RunTime:0.000980s ]
SQL: SHOW COLUMNS FROM `t_needsubmit` [ RunTime:0.0127s ]
SQL: SELECT COUNT(*) AS tp_count FROM `t_needsubmit` LIMIT 1   [ RunTime:0.0003s ]
SQL: SELECT * FROM `t_needsubmit` ORDER BY time desc LIMIT 0,5   [ RunTime:0.0003s ]
SQL: SHOW COLUMNS FROM `t_userinfo` [ RunTime:0.0083s ]
SQL: SHOW COLUMNS FROM `t_course` [ RunTime:0.0062s ]
SQL: SELECT * FROM `t_userinfo` WHERE `userID` = 2  [ RunTime:0.0003s ]
SQL: SELECT `courseName` FROM `t_course` WHERE `courseID` = 1 LIMIT 1   [ RunTime:0.0001s ]
SQL: SELECT * FROM `t_userinfo` WHERE `userID` = 1  [ RunTime:0.0001s ]
SQL: SELECT `courseName` FROM `t_course` WHERE `courseID` = 1 LIMIT 1   [ RunTime:0.0001s ]
SQL: SELECT * FROM `t_userinfo` WHERE `userID` = 1  [ RunTime:0.0001s ]
SQL: SELECT `courseName` FROM `t_course` WHERE `courseID` = 2 LIMIT 1   [ RunTime:0.0002s ]
SQL: SELECT * FROM `t_userinfo` WHERE `userID` = 2  [ RunTime:0.0002s ]
SQL: SELECT `courseName` FROM `t_course` WHERE `courseID` = 1 LIMIT 1   [ RunTime:0.0001s ]
INFO: [ app_end ] --START--
INFO: Run Behavior\ShowPageTraceBehavior [ RunTime:0.000941s ]
INFO: [ app_end ] --END-- [ RunTime:0.000989s ]

[ 2016-05-15T01:14:36+08:00 ] ::1 /eduresPro/index.php/Home/Index/show_need_resource
INFO: [ app_begin ] --START--
INFO: Run Behavior\ReadHtmlCacheBehavior [ RunTime:0.000635s ]
INFO: [ app_begin ] --END-- [ RunTime:0.001013s ]
SQL: SHOW COLUMNS FROM `t_needsubmit` [ RunTime:0.0110s ]
SQL: SELECT COUNT(*) AS tp_count FROM `t_needsubmit` LIMIT 1   [ RunTime:0.0003s ]
SQL: SELECT * FROM `t_needsubmit` ORDER BY time desc LIMIT 0,5   [ RunTime:0.0003s ]
SQL: SHOW COLUMNS FROM `t_userinfo` [ RunTime:0.0082s ]
SQL: SHOW COLUMNS FROM `t_course` [ RunTime:0.0087s ]
SQL: SELECT * FROM `t_userinfo` WHERE `userID` = 2  [ RunTime:0.0003s ]
SQL: SELECT `courseName` FROM `t_course` WHERE `courseID` = 1 LIMIT 1   [ RunTime:0.0002s ]
SQL: SELECT * FROM `t_userinfo` WHERE `userID` = 1  [ RunTime:0.0002s ]
SQL: SELECT `courseName` FROM `t_course` WHERE `courseID` = 1 LIMIT 1   [ RunTime:0.0002s ]
SQL: SELECT * FROM `t_userinfo` WHERE `userID` = 1  [ RunTime:0.0002s ]
SQL: SELECT `courseName` FROM `t_course` WHERE `courseID` = 2 LIMIT 1   [ RunTime:0.0002s ]
SQL: SELECT * FROM `t_userinfo` WHERE `userID` = 2  [ RunTime:0.0002s ]
SQL: SELECT `courseName` FROM `t_course` WHERE `courseID` = 1 LIMIT 1   [ RunTime:0.0001s ]
INFO: [ app_end ] --START--
INFO: Run Behavior\ShowPageTraceBehavior [ RunTime:0.000772s ]
INFO: [ app_end ] --END-- [ RunTime:0.000818s ]

[ 2016-05-15T01:14:39+08:00 ] ::1 /eduresPro/index.php/Home/Index/show_need_resource
INFO: [ app_begin ] --START--
INFO: Run Behavior\ReadHtmlCacheBehavior [ RunTime:0.000637s ]
INFO: [ app_begin ] --END-- [ RunTime:0.001026s ]
SQL: SHOW COLUMNS FROM `t_needsubmit` [ RunTime:0.0121s ]
SQL: SELECT COUNT(*) AS tp_count FROM `t_needsubmit` LIMIT 1   [ RunTime:0.0003s ]
SQL: SELECT * FROM `t_needsubmit` ORDER BY time desc LIMIT 0,5   [ RunTime:0.0002s ]
SQL: SHOW COLUMNS FROM `t_userinfo` [ RunTime:0.0075s ]
SQL: SHOW COLUMNS FROM `t_course` [ RunTime:0.0071s ]
SQL: SELECT * FROM `t_userinfo` WHERE `userID` = 2  [ RunTime:0.0003s ]
SQL: SELECT `courseName` FROM `t_course` WHERE `courseID` = 1 LIMIT 1   [ RunTime:0.0002s ]
SQL: SELECT * FROM `t_userinfo` WHERE `userID` = 1  [ RunTime:0.0002s ]
SQL: SELECT `courseName` FROM `t_course` WHERE `courseID` = 1 LIMIT 1   [ RunTime:0.0001s ]
SQL: SELECT * FROM `t_userinfo` WHERE `userID` = 1  [ RunTime:0.0002s ]
SQL: SELECT `courseName` FROM `t_course` WHERE `courseID` = 2 LIMIT 1   [ RunTime:0.0001s ]
SQL: SELECT * FROM `t_userinfo` WHERE `userID` = 2  [ RunTime:0.0002s ]
SQL: SELECT `courseName` FROM `t_course` WHERE `courseID` = 1 LIMIT 1   [ RunTime:0.0001s ]
INFO: [ app_end ] --START--
INFO: Run Behavior\ShowPageTraceBehavior [ RunTime:0.001042s ]
INFO: [ app_end ] --END-- [ RunTime:0.001111s ]

[ 2016-05-15T02:23:28+08:00 ] ::1 /eduresPro/index.php/Home/Index/getCourseName
INFO: [ app_begin ] --START--
INFO: Run Behavior\ReadHtmlCacheBehavior [ RunTime:0.000827s ]
INFO: [ app_begin ] --END-- [ RunTime:0.001202s ]
SQL: SHOW COLUMNS FROM `t_course` [ RunTime:0.0093s ]
SQL: SELECT DISTINCT  `courseID`,`courseName` FROM `t_course`  [ RunTime:0.0003s ]
INFO: [ app_end ] --START--
INFO: Run Behavior\ShowPageTraceBehavior [ RunTime:0.000748s ]
INFO: [ app_end ] --END-- [ RunTime:0.000793s ]

[ 2016-05-15T02:23:28+08:00 ] ::1 /eduresPro/index.php/Home/Index/getCourseName
INFO: [ app_begin ] --START--
INFO: Run Behavior\ReadHtmlCacheBehavior [ RunTime:0.000712s ]
INFO: [ app_begin ] --END-- [ RunTime:0.001045s ]
SQL: SHOW COLUMNS FROM `t_course` [ RunTime:0.0053s ]
SQL: SELECT DISTINCT  `courseID`,`courseName` FROM `t_course`  [ RunTime:0.0003s ]
INFO: [ app_end ] --START--
INFO: Run Behavior\ShowPageTraceBehavior [ RunTime:0.000773s ]
INFO: [ app_end ] --END-- [ RunTime:0.000815s ]

[ 2016-05-15T02:23:30+08:00 ] ::1 /eduresPro/index.php/Home/Index/getCourseName
INFO: [ app_begin ] --START--
INFO: Run Behavior\ReadHtmlCacheBehavior [ RunTime:0.000632s ]
INFO: [ app_begin ] --END-- [ RunTime:0.000994s ]
SQL: SHOW COLUMNS FROM `t_course` [ RunTime:0.0052s ]
SQL: SELECT DISTINCT  `courseID`,`courseName` FROM `t_course`  [ RunTime:0.0002s ]
INFO: [ app_end ] --START--
INFO: Run Behavior\ShowPageTraceBehavior [ RunTime:0.000749s ]
INFO: [ app_end ] --END-- [ RunTime:0.000800s ]

[ 2016-05-15T02:23:31+08:00 ] ::1 /eduresPro/index.php/Home/Index/getCourseName
INFO: [ app_begin ] --START--
INFO: Run Behavior\ReadHtmlCacheBehavior [ RunTime:0.000613s ]
INFO: [ app_begin ] --END-- [ RunTime:0.000963s ]
SQL: SHOW COLUMNS FROM `t_course` [ RunTime:0.0118s ]
SQL: SELECT DISTINCT  `courseID`,`courseName` FROM `t_course`  [ RunTime:0.0002s ]
INFO: [ app_end ] --START--
INFO: Run Behavior\ShowPageTraceBehavior [ RunTime:0.000755s ]
INFO: [ app_end ] --END-- [ RunTime:0.000802s ]

[ 2016-05-15T02:23:32+08:00 ] ::1 /eduresPro/index.php/Home/Index/show_evaluate_teacher
INFO: [ app_begin ] --START--
INFO: Run Behavior\ReadHtmlCacheBehavior [ RunTime:0.000975s ]
INFO: [ app_begin ] --END-- [ RunTime:0.001384s ]
NOTIC: [8] Undefined index: search E:\PHP\httpd-2.4.18-win64-VC14\Apache24\htdocs\eduresPro\Application\Home\Controller\IndexController.class.php 第 1433 行.
SQL: SHOW COLUMNS FROM `t_evaluation` [ RunTime:0.0102s ]
SQL: SHOW COLUMNS FROM `t_course` [ RunTime:0.0064s ]
SQL: SHOW COLUMNS FROM `t_userinfo` [ RunTime:0.0057s ]
SQL: SELECT COUNT(*) AS tp_count FROM `t_evaluation` LIMIT 1   [ RunTime:0.0006s ]
NOTIC: [8] Undefined variable: where E:\PHP\httpd-2.4.18-win64-VC14\Apache24\htdocs\eduresPro\Application\Home\Controller\IndexController.class.php 第 1548 行.
SQL: SELECT * FROM `t_evaluation` ORDER BY averScore asc LIMIT 0,5   [ RunTime:0.0003s ]
SQL: SELECT * FROM `t_userinfo` WHERE `userID` = 1  [ RunTime:0.0002s ]
SQL: SELECT `courseName` FROM `t_course` WHERE `courseID` = 1 LIMIT 1   [ RunTime:0.0001s ]
SQL: SELECT * FROM `t_userinfo` WHERE `userID` = 3  [ RunTime:0.0001s ]
SQL: SELECT `courseName` FROM `t_course` WHERE `courseID` = 1 LIMIT 1   [ RunTime:0.0001s ]
SQL: SELECT * FROM `t_userinfo` WHERE `userID` = 2  [ RunTime:0.0002s ]
SQL: SELECT `courseName` FROM `t_course` WHERE `courseID` = 1 LIMIT 1   [ RunTime:0.0001s ]
INFO: [ app_end ] --START--
INFO: Run Behavior\ShowPageTraceBehavior [ RunTime:0.000755s ]
INFO: [ app_end ] --END-- [ RunTime:0.000801s ]

[ 2016-05-15T02:23:44+08:00 ] ::1 /eduresPro/index.php/Home/Index/show_evaluate_teacher
INFO: [ app_begin ] --START--
INFO: Run Behavior\ReadHtmlCacheBehavior [ RunTime:0.000730s ]
INFO: [ app_begin ] --END-- [ RunTime:0.001131s ]
SQL: SHOW COLUMNS FROM `t_evaluation` [ RunTime:0.0115s ]
SQL: SHOW COLUMNS FROM `t_course` [ RunTime:0.0075s ]
SQL: SHOW COLUMNS FROM `t_userinfo` [ RunTime:0.0071s ]
SQL: SELECT DISTINCT  `userID` FROM `t_userinfo` WHERE `userName` LIKE '%张%' OR `Level` LIKE '%张%' OR `Major` LIKE '%张%'  [ RunTime:0.0003s ]
SQL: SELECT DISTINCT  `courseID` FROM `t_course` WHERE `courseName` LIKE '%张%'  [ RunTime:0.0002s ]
SQL: SELECT COUNT(*) AS tp_count FROM `t_evaluation` WHERE `userID` IN ('3') LIMIT 1   [ RunTime:0.0003s ]
SQL: SELECT * FROM `t_evaluation` WHERE `userID` IN ('3') ORDER BY averScore asc LIMIT 0,5   [ RunTime:0.0003s ]
SQL: SELECT * FROM `t_userinfo` WHERE `userID` = 3  [ RunTime:0.0002s ]
SQL: SELECT `courseName` FROM `t_course` WHERE `courseID` = 1 LIMIT 1   [ RunTime:0.0002s ]
INFO: [ app_end ] --START--
INFO: Run Behavior\ShowPageTraceBehavior [ RunTime:0.000904s ]
INFO: [ app_end ] --END-- [ RunTime:0.000954s ]

[ 2016-05-15T02:23:50+08:00 ] ::1 /eduresPro/index.php/Home/Index/show_evaluate_teacher
INFO: [ app_begin ] --START--
INFO: Run Behavior\ReadHtmlCacheBehavior [ RunTime:0.000617s ]
INFO: [ app_begin ] --END-- [ RunTime:0.000957s ]
NOTIC: [8] Undefined index: search E:\PHP\httpd-2.4.18-win64-VC14\Apache24\htdocs\eduresPro\Application\Home\Controller\IndexController.class.php 第 1433 行.
SQL: SHOW COLUMNS FROM `t_evaluation` [ RunTime:0.0830s ]
SQL: SHOW COLUMNS FROM `t_course` [ RunTime:0.0083s ]
SQL: SHOW COLUMNS FROM `t_userinfo` [ RunTime:0.0444s ]
SQL: SELECT COUNT(*) AS tp_count FROM `t_evaluation` LIMIT 1   [ RunTime:0.0003s ]
NOTIC: [8] Undefined variable: where E:\PHP\httpd-2.4.18-win64-VC14\Apache24\htdocs\eduresPro\Application\Home\Controller\IndexController.class.php 第 1550 行.
SQL: SELECT * FROM `t_evaluation` ORDER BY averScore desc LIMIT 0,5   [ RunTime:0.0003s ]
SQL: SELECT * FROM `t_userinfo` WHERE `userID` = 2  [ RunTime:0.0002s ]
SQL: SELECT `courseName` FROM `t_course` WHERE `courseID` = 1 LIMIT 1   [ RunTime:0.0002s ]
SQL: SELECT * FROM `t_userinfo` WHERE `userID` = 3  [ RunTime:0.0002s ]
SQL: SELECT `courseName` FROM `t_course` WHERE `courseID` = 1 LIMIT 1   [ RunTime:0.0002s ]
SQL: SELECT * FROM `t_userinfo` WHERE `userID` = 1  [ RunTime:0.0002s ]
SQL: SELECT `courseName` FROM `t_course` WHERE `courseID` = 1 LIMIT 1   [ RunTime:0.0002s ]
INFO: [ app_end ] --START--
INFO: Run Behavior\ShowPageTraceBehavior [ RunTime:0.000913s ]
INFO: [ app_end ] --END-- [ RunTime:0.000960s ]

[ 2016-05-15T02:24:01+08:00 ] ::1 /eduresPro/index.php/Home/Index/show_evaluate_teacher
INFO: [ app_begin ] --START--
INFO: Run Behavior\ReadHtmlCacheBehavior [ RunTime:0.000724s ]
INFO: [ app_begin ] --END-- [ RunTime:0.001127s ]
NOTIC: [8] Undefined index: search E:\PHP\httpd-2.4.18-win64-VC14\Apache24\htdocs\eduresPro\Application\Home\Controller\IndexController.class.php 第 1433 行.
SQL: SHOW COLUMNS FROM `t_evaluation` [ RunTime:0.0114s ]
SQL: SHOW COLUMNS FROM `t_course` [ RunTime:0.0087s ]
SQL: SHOW COLUMNS FROM `t_userinfo` [ RunTime:0.0076s ]
SQL: SELECT COUNT(*) AS tp_count FROM `t_evaluation` LIMIT 1   [ RunTime:0.0002s ]
NOTIC: [8] Undefined variable: where E:\PHP\httpd-2.4.18-win64-VC14\Apache24\htdocs\eduresPro\Application\Home\Controller\IndexController.class.php 第 1548 行.
SQL: SELECT * FROM `t_evaluation` ORDER BY averScore asc LIMIT 0,5   [ RunTime:0.0002s ]
SQL: SELECT * FROM `t_userinfo` WHERE `userID` = 1  [ RunTime:0.0002s ]
SQL: SELECT `courseName` FROM `t_course` WHERE `courseID` = 1 LIMIT 1   [ RunTime:0.0002s ]
SQL: SELECT * FROM `t_userinfo` WHERE `userID` = 3  [ RunTime:0.0002s ]
SQL: SELECT `courseName` FROM `t_course` WHERE `courseID` = 1 LIMIT 1   [ RunTime:0.0002s ]
SQL: SELECT * FROM `t_userinfo` WHERE `userID` = 2  [ RunTime:0.0002s ]
SQL: SELECT `courseName` FROM `t_course` WHERE `courseID` = 1 LIMIT 1   [ RunTime:0.0002s ]
INFO: [ app_end ] --START--
INFO: Run Behavior\ShowPageTraceBehavior [ RunTime:0.000845s ]
INFO: [ app_end ] --END-- [ RunTime:0.000895s ]

