[ 2016-04-26T00:00:33+08:00 ] ::1 /eduresPro/index.php/Home/Index/ansMessageBoard
INFO: [ app_begin ] --START--
INFO: Run Behavior\ReadHtmlCacheBehavior [ RunTime:0.000455s ]
INFO: [ app_begin ] --END-- [ RunTime:0.000801s ]
SQL: SHOW COLUMNS FROM `t_userinfo` [ RunTime:0.0113s ]
SQL: SELECT `imagePath` FROM `t_userinfo` WHERE `userID` = 1 LIMIT 1   [ RunTime:0.0003s ]
SQL: SHOW COLUMNS FROM `t_ansmessage` [ RunTime:0.0075s ]
ERR: 1062:Duplicate entry '1-1' for key 'PRIMARY'
 [ SQL语句 ] : INSERT INTO `t_ansmessage` (`Time`,`messageID`,`userID`,`Content`,`imagePath`) VALUES ('2016-04-26 00:00:33','1','1','123','Uploads/images/userImg/img_11453007667.jpg')
INFO: [ app_end ] --START--
INFO: Run Behavior\ShowPageTraceBehavior [ RunTime:0.000644s ]
INFO: [ app_end ] --END-- [ RunTime:0.000697s ]

[ 2016-04-26T00:01:36+08:00 ] ::1 /eduresPro/index.php/Home/Index/ansMessageBoard
INFO: [ app_begin ] --START--
INFO: Run Behavior\ReadHtmlCacheBehavior [ RunTime:0.000455s ]
INFO: [ app_begin ] --END-- [ RunTime:0.000776s ]
SQL: SHOW COLUMNS FROM `t_userinfo` [ RunTime:0.0123s ]
SQL: SELECT `imagePath` FROM `t_userinfo` WHERE `userID` = 1 LIMIT 1   [ RunTime:0.0003s ]
SQL: SHOW COLUMNS FROM `t_ansmessage` [ RunTime:0.0079s ]
ERR: 1062:Duplicate entry '1-1' for key 'PRIMARY'
 [ SQL语句 ] : INSERT INTO `t_ansmessage` (`Time`,`messageID`,`userID`,`Content`,`imagePath`) VALUES ('2016-04-26 00:01:36','1','1','123','Uploads/images/userImg/img_11453007667.jpg')
INFO: [ app_end ] --START--
INFO: Run Behavior\ShowPageTraceBehavior [ RunTime:0.000629s ]
INFO: [ app_end ] --END-- [ RunTime:0.000680s ]

[ 2016-04-26T10:40:08+08:00 ] ::1 /eduresPro/index.php/Home/Index/ansMessageBoard
INFO: [ app_begin ] --START--
INFO: Run Behavior\ReadHtmlCacheBehavior [ RunTime:0.000467s ]
INFO: [ app_begin ] --END-- [ RunTime:0.001004s ]
SQL: SHOW COLUMNS FROM `t_userinfo` [ RunTime:0.0101s ]
SQL: SELECT `imagePath` FROM `t_userinfo` WHERE `userID` = 1 LIMIT 1   [ RunTime:0.0003s ]
SQL: SHOW COLUMNS FROM `t_ansmessage` [ RunTime:0.0073s ]
SQL: INSERT INTO `t_ansmessage` (`Time`,`messageID`,`userID`,`Content`,`imagePath`) VALUES ('2016-04-26 10:40:08','15','1','loujienihao','Uploads/images/userImg/img_11453007667.jpg') [ RunTime:0.1195s ]
INFO: [ app_end ] --START--
INFO: Run Behavior\ShowPageTraceBehavior [ RunTime:0.000660s ]
INFO: [ app_end ] --END-- [ RunTime:0.000703s ]

[ 2016-04-26T11:03:38+08:00 ] ::1 /eduresPro/index.php/Home/Index/images/video.mp4
ERR: 非法操作:images

[ 2016-04-26T11:03:38+08:00 ] ::1 /eduresPro/index.php/Home/Index/images/video.mp4
ERR: 非法操作:images

[ 2016-04-26T11:03:42+08:00 ] ::1 /eduresPro/index.php/Home/Index/images/video.mp4
ERR: 非法操作:images

[ 2016-04-26T11:03:42+08:00 ] ::1 /eduresPro/index.php/Home/Index/images/video.mp4
ERR: 非法操作:images

[ 2016-04-26T11:04:50+08:00 ] ::1 /eduresPro/index.php/Home/Index/ansMessageBoard
INFO: [ app_begin ] --START--
INFO: Run Behavior\ReadHtmlCacheBehavior [ RunTime:0.000589s ]
INFO: [ app_begin ] --END-- [ RunTime:0.001036s ]
SQL: SHOW COLUMNS FROM `t_userinfo` [ RunTime:0.0102s ]
SQL: SELECT `imagePath` FROM `t_userinfo` WHERE `userID` = 1 LIMIT 1   [ RunTime:0.0003s ]
SQL: SHOW COLUMNS FROM `t_ansmessage` [ RunTime:0.0075s ]
ERR: 1062:Duplicate entry '15-1' for key 'PRIMARY'
 [ SQL语句 ] : INSERT INTO `t_ansmessage` (`Time`,`messageID`,`userID`,`Content`,`imagePath`) VALUES ('2016-04-26 11:04:50','15','1','123','Uploads/images/userImg/img_11453007667.jpg')
INFO: [ app_end ] --START--
INFO: Run Behavior\ShowPageTraceBehavior [ RunTime:0.000569s ]
INFO: [ app_end ] --END-- [ RunTime:0.000618s ]

[ 2016-04-26T11:05:02+08:00 ] ::1 /eduresPro/index.php/Home/Index/ansMessageBoard
INFO: [ app_begin ] --START--
INFO: Run Behavior\ReadHtmlCacheBehavior [ RunTime:0.000469s ]
INFO: [ app_begin ] --END-- [ RunTime:0.000808s ]
SQL: SHOW COLUMNS FROM `t_userinfo` [ RunTime:0.0108s ]
SQL: SELECT `imagePath` FROM `t_userinfo` WHERE `userID` = 1 LIMIT 1   [ RunTime:0.0003s ]
SQL: SHOW COLUMNS FROM `t_ansmessage` [ RunTime:0.0068s ]
SQL: INSERT INTO `t_ansmessage` (`Time`,`messageID`,`userID`,`Content`,`imagePath`) VALUES ('2016-04-26 11:05:02','14','1','qwe','Uploads/images/userImg/img_11453007667.jpg') [ RunTime:0.0982s ]
INFO: [ app_end ] --START--
INFO: Run Behavior\ShowPageTraceBehavior [ RunTime:0.001502s ]
INFO: [ app_end ] --END-- [ RunTime:0.001610s ]

[ 2016-04-26T11:06:24+08:00 ] ::1 /eduresPro/index.php/Home/Index/ansMessageBoard
INFO: [ app_begin ] --START--
INFO: Run Behavior\ReadHtmlCacheBehavior [ RunTime:0.000749s ]
INFO: [ app_begin ] --END-- [ RunTime:0.001260s ]
SQL: SHOW COLUMNS FROM `t_userinfo` [ RunTime:0.0124s ]
SQL: SELECT `imagePath` FROM `t_userinfo` WHERE `userID` = 1 LIMIT 1   [ RunTime:0.0003s ]
SQL: SHOW COLUMNS FROM `t_ansmessage` [ RunTime:0.0094s ]
SQL: INSERT INTO `t_ansmessage` (`Time`,`messageID`,`userID`,`Content`,`imagePath`) VALUES ('2016-04-26 11:06:24','13','1','123','Uploads/images/userImg/img_11453007667.jpg') [ RunTime:0.1067s ]
INFO: [ app_end ] --START--
INFO: Run Behavior\ShowPageTraceBehavior [ RunTime:0.001037s ]
INFO: [ app_end ] --END-- [ RunTime:0.001140s ]

[ 2016-04-26T11:21:42+08:00 ] ::1 /eduresPro/index.php/Home/Index/message_board
ERR: 1064:You have an error in your SQL syntax; check the manual that corresponds to your MySQL server version for the right syntax to use near ') LIMIT 1' at line 1
 [ SQL语句 ] : SELECT `userName` FROM `t_userinfo` WHERE ( `userID`=  ) LIMIT 1  

[ 2016-04-26T11:23:16+08:00 ] ::1 /eduresPro/index.php/Home/Index/message_board
ERR: 1064:You have an error in your SQL syntax; check the manual that corresponds to your MySQL server version for the right syntax to use near ') LIMIT 1' at line 1
 [ SQL语句 ] : SELECT `userName` FROM `t_userinfo` WHERE ( `userID`=  ) LIMIT 1  

[ 2016-04-26T12:23:55+08:00 ] ::1 /eduresPro/index.php/Home/Index/ansMessageBoard
INFO: [ app_begin ] --START--
INFO: Run Behavior\ReadHtmlCacheBehavior [ RunTime:0.000565s ]
INFO: [ app_begin ] --END-- [ RunTime:0.000958s ]
SQL: SHOW COLUMNS FROM `t_userinfo` [ RunTime:0.0102s ]
SQL: SELECT `imagePath` FROM `t_userinfo` WHERE `userID` = 1 LIMIT 1   [ RunTime:0.0003s ]
SQL: SHOW COLUMNS FROM `t_ansmessage` [ RunTime:0.0067s ]
ERR: 1062:Duplicate entry '14-1' for key 'PRIMARY'
 [ SQL语句 ] : INSERT INTO `t_ansmessage` (`Time`,`messageID`,`userID`,`Content`,`imagePath`) VALUES ('2016-04-26 12:23:55','14','1','就叫阿飞','Uploads/images/userImg/img_11453007667.jpg')
INFO: [ app_end ] --START--
INFO: Run Behavior\ShowPageTraceBehavior [ RunTime:0.000613s ]
INFO: [ app_end ] --END-- [ RunTime:0.000669s ]

[ 2016-04-26T12:26:43+08:00 ] ::1 /eduresPro/index.php/Home/Index/img_upload
INFO: [ app_begin ] --START--
INFO: Run Behavior\ReadHtmlCacheBehavior [ RunTime:0.000692s ]
INFO: [ app_begin ] --END-- [ RunTime:0.001236s ]
SQL: SHOW COLUMNS FROM `t_userinfo` [ RunTime:0.0119s ]
SQL: SELECT `userID` FROM `t_userinfo` WHERE `userName` = 'jierui' LIMIT 1   [ RunTime:0.0003s ]
SQL: SELECT `imagePath` FROM `t_userinfo` WHERE `userName` = 'jierui' LIMIT 1   [ RunTime:0.0002s ]
NOTIC: [2] call_user_func() expects parameter 1 to be a valid callback, no array or string given E:\PHP\httpd-2.4.18-win64-VC14\Apache24\htdocs\eduresPro\ThinkPHP\Library\Think\Upload.class.php 第 170 行.
SQL: UPDATE `t_userinfo` SET `imagePath`='Uploads/images/userImg/img_11461644803.jpg' WHERE `userName` = 'jierui' [ RunTime:0.0786s ]
INFO: [ app_end ] --START--
INFO: Run Behavior\ShowPageTraceBehavior [ RunTime:0.001673s ]
INFO: [ app_end ] --END-- [ RunTime:0.001772s ]

[ 2016-04-26T13:24:38+08:00 ] ::1 /eduresPro/index.php/Home/Index/delMessage(%7B:session('userID')%7D,13)
ERR: 非法操作:delMessage({:session('userID')},13)

[ 2016-04-26T13:26:52+08:00 ] ::1 /eduresPro/index.php/Home/Index/delMessage(%7B:session('userID')%7D,13)
ERR: 非法操作:delMessage({:session('userID')},13)

[ 2016-04-26T13:28:34+08:00 ] ::1 /eduresPro/index.php/Home/Index/delMessage(%7B$item.leamessage.messageid%7D)
ERR: 非法操作:delMessage({$item.leamessage.messageid})

[ 2016-04-26T13:38:55+08:00 ] ::1 /eduresPro/index.php/Home/Index/delMessage(%7B$item.leamessage.messageid%7D)
ERR: 非法操作:delMessage({$item.leamessage.messageid})

[ 2016-04-26T13:39:57+08:00 ] ::1 /eduresPro/index.php/Home/Index/delMessage(13)
ERR: 非法操作:delMessage(13)

[ 2016-04-26T13:45:28+08:00 ] ::1 /eduresPro/index.php/Home/Index/delMessage?ssh=1,mid={$item.leamessage.messageid}
ERR: 参数错误或者未定义:mid

[ 2016-04-26T14:00:18+08:00 ] ::1 /eduresPro/index.php/Home/Index/img_upload
INFO: [ app_begin ] --START--
INFO: Run Behavior\ReadHtmlCacheBehavior [ RunTime:0.000852s ]
INFO: [ app_begin ] --END-- [ RunTime:0.001338s ]
SQL: SHOW COLUMNS FROM `t_userinfo` [ RunTime:0.0142s ]
SQL: SELECT `userID` FROM `t_userinfo` WHERE `userName` = 'jierui' LIMIT 1   [ RunTime:0.0003s ]
SQL: SELECT `imagePath` FROM `t_userinfo` WHERE `userName` = 'jierui' LIMIT 1   [ RunTime:0.0002s ]
NOTIC: [2] call_user_func() expects parameter 1 to be a valid callback, no array or string given E:\PHP\httpd-2.4.18-win64-VC14\Apache24\htdocs\eduresPro\ThinkPHP\Library\Think\Upload.class.php 第 170 行.
SQL: UPDATE `t_userinfo` SET `imagePath`='Uploads/images/userImg/img_11461650417.jpg' WHERE `userName` = 'jierui' [ RunTime:0.0350s ]
SQL: SHOW COLUMNS FROM `t_leamessage` [ RunTime:0.0065s ]
SQL: SHOW COLUMNS FROM `t_ansmessage` [ RunTime:0.0064s ]
SQL: UPDATE `t_leamessage` SET `imagePath`='Uploads/images/userImg/img_11461650417.jpg' WHERE `userID` = 1 [ RunTime:0.0782s ]
NOTIC: [2] Illegal offset type in isset or empty E:\PHP\httpd-2.4.18-win64-VC14\Apache24\htdocs\eduresPro\ThinkPHP\Library\Think\Model.class.php 第 445 行.
SQL: UPDATE `t_ansmessage` SET `imagePath`='Uploads/images/userImg/img_11461650417.jpg' WHERE `userID` = 1 [ RunTime:0.0331s ]
INFO: [ app_end ] --START--
INFO: Run Behavior\ShowPageTraceBehavior [ RunTime:0.000743s ]
INFO: [ app_end ] --END-- [ RunTime:0.000788s ]

[ 2016-04-26T14:03:40+08:00 ] ::1 /eduresPro/index.php/Home/Index/img_upload
INFO: [ app_begin ] --START--
INFO: Run Behavior\ReadHtmlCacheBehavior [ RunTime:0.000564s ]
INFO: [ app_begin ] --END-- [ RunTime:0.000951s ]
SQL: SHOW COLUMNS FROM `t_userinfo` [ RunTime:0.0196s ]
SQL: SELECT `userID` FROM `t_userinfo` WHERE `userName` = '娄杰' LIMIT 1   [ RunTime:0.0002s ]
SQL: SELECT `imagePath` FROM `t_userinfo` WHERE `userName` = '娄杰' LIMIT 1   [ RunTime:0.0001s ]
INFO: [ app_end ] --START--
INFO: Run Behavior\ShowPageTraceBehavior [ RunTime:0.000476s ]
INFO: [ app_end ] --END-- [ RunTime:0.000524s ]

[ 2016-04-26T14:04:36+08:00 ] ::1 /eduresPro/index.php/Home/Index/img_upload
INFO: [ app_begin ] --START--
INFO: Run Behavior\ReadHtmlCacheBehavior [ RunTime:0.000536s ]
INFO: [ app_begin ] --END-- [ RunTime:0.000902s ]
SQL: SHOW COLUMNS FROM `t_userinfo` [ RunTime:0.0090s ]
SQL: SELECT `userID` FROM `t_userinfo` WHERE `userName` = '娄杰' LIMIT 1   [ RunTime:0.0003s ]
SQL: SELECT `imagePath` FROM `t_userinfo` WHERE `userName` = '娄杰' LIMIT 1   [ RunTime:0.0001s ]
NOTIC: [2] call_user_func() expects parameter 1 to be a valid callback, no array or string given E:\PHP\httpd-2.4.18-win64-VC14\Apache24\htdocs\eduresPro\ThinkPHP\Library\Think\Upload.class.php 第 170 行.
SQL: UPDATE `t_userinfo` SET `imagePath`='Uploads/images/userImg/img_21461650676.jpg' WHERE `userName` = '娄杰' [ RunTime:0.0414s ]
SQL: SHOW COLUMNS FROM `t_leamessage` [ RunTime:0.0084s ]
SQL: SHOW COLUMNS FROM `t_ansmessage` [ RunTime:0.0078s ]
SQL: UPDATE `t_leamessage` SET `imagePath`='Uploads/images/userImg/img_21461650676.jpg' WHERE `userID` = 2 [ RunTime:0.0432s ]
NOTIC: [2] Illegal offset type in isset or empty E:\PHP\httpd-2.4.18-win64-VC14\Apache24\htdocs\eduresPro\ThinkPHP\Library\Think\Model.class.php 第 445 行.
SQL: UPDATE `t_ansmessage` SET `imagePath`='Uploads/images/userImg/img_21461650676.jpg' WHERE `userID` = 2 [ RunTime:0.0003s ]
INFO: [ app_end ] --START--
INFO: Run Behavior\ShowPageTraceBehavior [ RunTime:0.000832s ]
INFO: [ app_end ] --END-- [ RunTime:0.000895s ]

[ 2016-04-26T14:09:34+08:00 ] ::1 /eduresPro/index.php/Home/Index/images/video.mp4
ERR: 非法操作:images

[ 2016-04-26T14:09:34+08:00 ] ::1 /eduresPro/index.php/Home/Index/images/video.mp4
ERR: 非法操作:images

[ 2016-04-26T14:43:51+08:00 ] ::1 /eduresPro/index.php/Home/Index/images/video.mp4
ERR: 非法操作:images

[ 2016-04-26T14:43:51+08:00 ] ::1 /eduresPro/index.php/Home/Index/images/video.mp4
ERR: 非法操作:images

[ 2016-04-26T14:43:58+08:00 ] ::1 /eduresPro/index.php/Home/Index/images/video.mp4
ERR: 非法操作:images

[ 2016-04-26T14:43:58+08:00 ] ::1 /eduresPro/index.php/Home/Index/images/video.mp4
ERR: 非法操作:images

[ 2016-04-26T14:44:43+08:00 ] ::1 /eduresPro/index.php/Home/Index/images/video.mp4
ERR: 非法操作:images

[ 2016-04-26T14:44:43+08:00 ] ::1 /eduresPro/index.php/Home/Index/images/video.mp4
ERR: 非法操作:images

[ 2016-04-26T14:54:08+08:00 ] ::1 /eduresPro/index.php/Home/Index/images/video.mp4
ERR: 非法操作:images

[ 2016-04-26T14:54:08+08:00 ] ::1 /eduresPro/index.php/Home/Index/images/video.mp4
ERR: 非法操作:images

[ 2016-04-26T15:02:28+08:00 ] ::1 /eduresPro/index.php/Home/Index/images/video.mp4
ERR: 非法操作:images

[ 2016-04-26T15:02:28+08:00 ] ::1 /eduresPro/index.php/Home/Index/images/video.mp4
ERR: 非法操作:images

[ 2016-04-26T15:18:19+08:00 ] ::1 /eduresPro/index.php/Home/Index/images/video.mp4
ERR: 非法操作:images

[ 2016-04-26T15:18:19+08:00 ] ::1 /eduresPro/index.php/Home/Index/images/video.mp4
ERR: 非法操作:images

[ 2016-04-26T15:22:53+08:00 ] ::1 /eduresPro/index.php/Home/Index/images/video.mp4
ERR: 非法操作:images

[ 2016-04-26T15:22:54+08:00 ] ::1 /eduresPro/index.php/Home/Index/images/video.mp4
ERR: 非法操作:images

[ 2016-04-26T15:52:24+08:00 ] ::1 /eduresPro/index.php/Home/Index/Teacher_Resource
ERR: 模板不存在:./Application/Home/View/asseror/assessor_Resource.html

[ 2016-04-26T15:53:08+08:00 ] ::1 /eduresPro/index.php/Home/Index/js/video_jquery.js
ERR: 非法操作:js

[ 2016-04-26T15:53:08+08:00 ] ::1 /eduresPro/index.php/Home/Index/js/video.js
ERR: 非法操作:js

[ 2016-04-26T15:53:08+08:00 ] ::1 /eduresPro/index.php/Home/Index/js/zyFile.js
ERR: 非法操作:js

[ 2016-04-26T15:53:08+08:00 ] ::1 /eduresPro/index.php/Home/Index/js/amazeui.min.js
ERR: 非法操作:js

[ 2016-04-26T15:53:08+08:00 ] ::1 /eduresPro/index.php/Home/Index/js/jquery-1.7.2.js
ERR: 非法操作:js

[ 2016-04-26T15:53:08+08:00 ] ::1 /eduresPro/index.php/Home/Index/js/jquery.min.js
ERR: 非法操作:js

[ 2016-04-26T15:53:08+08:00 ] ::1 /eduresPro/index.php/Home/Index/js/zyUpload_3.js
ERR: 非法操作:js

[ 2016-04-26T15:53:08+08:00 ] ::1 /eduresPro/index.php/Home/Index/js/upload_demo.js
ERR: 非法操作:js

[ 2016-04-26T15:53:08+08:00 ] ::1 /eduresPro/index.php/Home/Index/js/tab.js
ERR: 非法操作:js

[ 2016-04-26T15:53:08+08:00 ] ::1 /eduresPro/index.php/Home/Index/images/video.mp4
ERR: 非法操作:images

[ 2016-04-26T15:53:08+08:00 ] ::1 /eduresPro/index.php/Home/Index/images/video.mp4
ERR: 非法操作:images

[ 2016-04-26T15:53:08+08:00 ] ::1 /eduresPro/index.php/Home/Index/images/video.mp4
ERR: 非法操作:images

[ 2016-04-26T15:53:08+08:00 ] ::1 /eduresPro/index.php/Home/Index/images/video.mp4
ERR: 非法操作:images

[ 2016-04-26T15:53:08+08:00 ] ::1 /eduresPro/index.php/Home/Index/images/video.mp4
ERR: 非法操作:images

[ 2016-04-26T15:53:08+08:00 ] ::1 /eduresPro/index.php/Home/Index/images/video.mp4
ERR: 非法操作:images

[ 2016-04-26T15:53:08+08:00 ] ::1 /eduresPro/index.php/Home/Index/images/video.mp4
ERR: 非法操作:images

[ 2016-04-26T15:53:08+08:00 ] ::1 /eduresPro/index.php/Home/Index/images/video.mp4
ERR: 非法操作:images

[ 2016-04-26T15:53:08+08:00 ] ::1 /eduresPro/index.php/Home/Index/images/video.mp4
ERR: 非法操作:images

[ 2016-04-26T15:53:08+08:00 ] ::1 /eduresPro/index.php/Home/Index/images/video.mp4
ERR: 非法操作:images

[ 2016-04-26T15:53:08+08:00 ] ::1 /eduresPro/index.php/Home/Index/images/video.mp4
ERR: 非法操作:images

[ 2016-04-26T15:53:08+08:00 ] ::1 /eduresPro/index.php/Home/Index/images/video.mp4
ERR: 非法操作:images

[ 2016-04-26T15:53:25+08:00 ] ::1 /eduresPro/index.php/Home/Index/img_upload
INFO: [ app_begin ] --START--
INFO: Run Behavior\ReadHtmlCacheBehavior [ RunTime:0.000441s ]
INFO: [ app_begin ] --END-- [ RunTime:0.000910s ]
SQL: SHOW COLUMNS FROM `t_userinfo` [ RunTime:0.0112s ]
SQL: SELECT `userID` FROM `t_userinfo` WHERE `userName` = 'assessor' LIMIT 1   [ RunTime:0.0003s ]
SQL: SELECT `imagePath` FROM `t_userinfo` WHERE `userName` = 'assessor' LIMIT 1   [ RunTime:0.0002s ]
NOTIC: [2] call_user_func() expects parameter 1 to be a valid callback, no array or string given E:\PHP\httpd-2.4.18-win64-VC14\Apache24\htdocs\eduresPro\ThinkPHP\Library\Think\Upload.class.php 第 170 行.
SQL: UPDATE `t_userinfo` SET `imagePath`='Uploads/images/userImg/img_51461657205.jpg' WHERE `userName` = 'assessor' [ RunTime:0.0870s ]
SQL: SHOW COLUMNS FROM `t_leamessage` [ RunTime:0.0067s ]
SQL: SHOW COLUMNS FROM `t_ansmessage` [ RunTime:0.0343s ]
SQL: UPDATE `t_leamessage` SET `imagePath`='Uploads/images/userImg/img_51461657205.jpg' WHERE `userID` = 5 [ RunTime:0.0004s ]
NOTIC: [2] Illegal offset type in isset or empty E:\PHP\httpd-2.4.18-win64-VC14\Apache24\htdocs\eduresPro\ThinkPHP\Library\Think\Model.class.php 第 445 行.
SQL: UPDATE `t_ansmessage` SET `imagePath`='Uploads/images/userImg/img_51461657205.jpg' WHERE `userID` = 5 [ RunTime:0.0002s ]
INFO: [ app_end ] --START--
INFO: Run Behavior\ShowPageTraceBehavior [ RunTime:0.000765s ]
INFO: [ app_end ] --END-- [ RunTime:0.000821s ]

[ 2016-04-26T15:54:34+08:00 ] ::1 /eduresPro/index.php/Home/Index/js/video_jquery.js
ERR: 非法操作:js

[ 2016-04-26T15:54:34+08:00 ] ::1 /eduresPro/index.php/Home/Index/js/video.js
ERR: 非法操作:js

[ 2016-04-26T15:54:34+08:00 ] ::1 /eduresPro/index.php/Home/Index/js/jquery.min.js
ERR: 非法操作:js

[ 2016-04-26T15:54:34+08:00 ] ::1 /eduresPro/index.php/Home/Index/js/amazeui.min.js
ERR: 非法操作:js

[ 2016-04-26T15:54:34+08:00 ] ::1 /eduresPro/index.php/Home/Index/js/zyUpload_3.js
ERR: 非法操作:js

[ 2016-04-26T15:54:34+08:00 ] ::1 /eduresPro/index.php/Home/Index/js/tab.js
ERR: 非法操作:js

[ 2016-04-26T15:54:34+08:00 ] ::1 /eduresPro/index.php/Home/Index/js/jquery-1.7.2.js
ERR: 非法操作:js

[ 2016-04-26T15:54:34+08:00 ] ::1 /eduresPro/index.php/Home/Index/js/upload_demo.js
ERR: 非法操作:js

[ 2016-04-26T15:54:34+08:00 ] ::1 /eduresPro/index.php/Home/Index/js/zyFile.js
ERR: 非法操作:js

[ 2016-04-26T15:54:34+08:00 ] ::1 /eduresPro/index.php/Home/Index/images/video.mp4
ERR: 非法操作:images

[ 2016-04-26T15:54:34+08:00 ] ::1 /eduresPro/index.php/Home/Index/images/video.mp4
ERR: 非法操作:images

[ 2016-04-26T15:54:34+08:00 ] ::1 /eduresPro/index.php/Home/Index/images/video.mp4
ERR: 非法操作:images

[ 2016-04-26T15:54:34+08:00 ] ::1 /eduresPro/index.php/Home/Index/images/video.mp4
ERR: 非法操作:images

[ 2016-04-26T15:54:34+08:00 ] ::1 /eduresPro/index.php/Home/Index/images/video.mp4
ERR: 非法操作:images

[ 2016-04-26T15:54:34+08:00 ] ::1 /eduresPro/index.php/Home/Index/images/video.mp4
ERR: 非法操作:images

[ 2016-04-26T15:54:34+08:00 ] ::1 /eduresPro/index.php/Home/Index/images/video.mp4
ERR: 非法操作:images

[ 2016-04-26T15:54:34+08:00 ] ::1 /eduresPro/index.php/Home/Index/images/video.mp4
ERR: 非法操作:images

[ 2016-04-26T15:54:34+08:00 ] ::1 /eduresPro/index.php/Home/Index/images/video.mp4
ERR: 非法操作:images

[ 2016-04-26T15:54:34+08:00 ] ::1 /eduresPro/index.php/Home/Index/images/video.mp4
ERR: 非法操作:images

[ 2016-04-26T15:54:34+08:00 ] ::1 /eduresPro/index.php/Home/Index/images/video.mp4
ERR: 非法操作:images

[ 2016-04-26T15:54:34+08:00 ] ::1 /eduresPro/index.php/Home/Index/images/video.mp4
ERR: 非法操作:images

[ 2016-04-26T16:01:31+08:00 ] ::1 /eduresPro/index.php/Home/Index/images/video.mp4
ERR: 非法操作:images

[ 2016-04-26T16:01:31+08:00 ] ::1 /eduresPro/index.php/Home/Index/images/video.mp4
ERR: 非法操作:images

