[ 2016-04-29T00:15:57+08:00 ] ::1 /eduresPro/index.php/Home/Index/images/video.mp4
ERR: 非法操作:images

[ 2016-04-29T00:15:57+08:00 ] ::1 /eduresPro/index.php/Home/Index/getCourseName
INFO: [ app_begin ] --START--
INFO: Run Behavior\ReadHtmlCacheBehavior [ RunTime:0.000569s ]
INFO: [ app_begin ] --END-- [ RunTime:0.001058s ]
SQL: SHOW COLUMNS FROM `t_course` [ RunTime:0.0798s ]
SQL: SELECT DISTINCT  `courseID`,`courseName` FROM `t_course`  [ RunTime:0.0003s ]
INFO: [ app_end ] --START--
INFO: Run Behavior\ShowPageTraceBehavior [ RunTime:0.000791s ]
INFO: [ app_end ] --END-- [ RunTime:0.000872s ]

[ 2016-04-29T00:15:57+08:00 ] ::1 /eduresPro/index.php/Home/Index/images/video.mp4
ERR: 非法操作:images

[ 2016-04-29T00:16:14+08:00 ] ::1 /eduresPro/index.php/Home/Index/images/video.mp4
ERR: 非法操作:images

[ 2016-04-29T00:16:14+08:00 ] ::1 /eduresPro/index.php/Home/Index/getCourseName
INFO: [ app_begin ] --START--
INFO: Run Behavior\ReadHtmlCacheBehavior [ RunTime:0.000420s ]
INFO: [ app_begin ] --END-- [ RunTime:0.000789s ]
SQL: SHOW COLUMNS FROM `t_course` [ RunTime:0.0223s ]
SQL: SELECT DISTINCT  `courseID`,`courseName` FROM `t_course`  [ RunTime:0.0004s ]
INFO: [ app_end ] --START--
INFO: Run Behavior\ShowPageTraceBehavior [ RunTime:0.001199s ]
INFO: [ app_end ] --END-- [ RunTime:0.001280s ]

[ 2016-04-29T00:16:14+08:00 ] ::1 /eduresPro/index.php/Home/Index/images/video.mp4
ERR: 非法操作:images

[ 2016-04-29T00:16:20+08:00 ] ::1 /eduresPro/index.php/Home/Index/images/video.mp4
ERR: 非法操作:images

[ 2016-04-29T00:16:20+08:00 ] ::1 /eduresPro/index.php/Home/Index/getCourseName
INFO: [ app_begin ] --START--
INFO: Run Behavior\ReadHtmlCacheBehavior [ RunTime:0.000729s ]
INFO: [ app_begin ] --END-- [ RunTime:0.001319s ]
SQL: SHOW COLUMNS FROM `t_course` [ RunTime:0.1026s ]
SQL: SELECT DISTINCT  `courseID`,`courseName` FROM `t_course`  [ RunTime:0.0004s ]
INFO: [ app_end ] --START--
INFO: Run Behavior\ShowPageTraceBehavior [ RunTime:0.001962s ]
INFO: [ app_end ] --END-- [ RunTime:0.002161s ]

[ 2016-04-29T00:16:20+08:00 ] ::1 /eduresPro/index.php/Home/Index/images/video.mp4
ERR: 非法操作:images

[ 2016-04-29T00:18:51+08:00 ] ::1 /eduresPro/index.php/Home/Index/images/video.mp4
ERR: 非法操作:images

[ 2016-04-29T00:18:51+08:00 ] ::1 /eduresPro/index.php/Home/Index/getCourseName
INFO: [ app_begin ] --START--
INFO: Run Behavior\ReadHtmlCacheBehavior [ RunTime:0.000521s ]
INFO: [ app_begin ] --END-- [ RunTime:0.000872s ]
SQL: SHOW COLUMNS FROM `t_course` [ RunTime:0.0481s ]
SQL: SELECT DISTINCT  `courseID`,`courseName` FROM `t_course`  [ RunTime:0.0004s ]
INFO: [ app_end ] --START--
INFO: Run Behavior\ShowPageTraceBehavior [ RunTime:0.001127s ]
INFO: [ app_end ] --END-- [ RunTime:0.001257s ]

[ 2016-04-29T00:18:51+08:00 ] ::1 /eduresPro/index.php/Home/Index/images/video.mp4
ERR: 非法操作:images

[ 2016-04-29T00:20:12+08:00 ] ::1 /eduresPro/index.php/Home/Index/images/video.mp4
ERR: 非法操作:images

[ 2016-04-29T00:20:13+08:00 ] ::1 /eduresPro/index.php/Home/Index/getCourseName
INFO: [ app_begin ] --START--
INFO: Run Behavior\ReadHtmlCacheBehavior [ RunTime:0.000794s ]
INFO: [ app_begin ] --END-- [ RunTime:0.001315s ]
SQL: SHOW COLUMNS FROM `t_course` [ RunTime:0.1316s ]
SQL: SELECT DISTINCT  `courseID`,`courseName` FROM `t_course`  [ RunTime:0.0004s ]
INFO: [ app_end ] --START--
INFO: Run Behavior\ShowPageTraceBehavior [ RunTime:0.001367s ]
INFO: [ app_end ] --END-- [ RunTime:0.001464s ]

[ 2016-04-29T00:20:13+08:00 ] ::1 /eduresPro/index.php/Home/Index/images/video.mp4
ERR: 非法操作:images

[ 2016-04-29T00:21:45+08:00 ] ::1 /eduresPro/index.php/Home/Index/images/video.mp4
ERR: 非法操作:images

[ 2016-04-29T00:21:45+08:00 ] ::1 /eduresPro/index.php/Home/Index/images/video.mp4
ERR: 非法操作:images

[ 2016-04-29T00:23:13+08:00 ] ::1 /eduresPro/index.php/Home/Index/images/video.mp4
ERR: 非法操作:images

[ 2016-04-29T00:23:13+08:00 ] ::1 /eduresPro/index.php/Home/Index/getCourseName
INFO: [ app_begin ] --START--
INFO: Run Behavior\ReadHtmlCacheBehavior [ RunTime:0.000833s ]
INFO: [ app_begin ] --END-- [ RunTime:0.001575s ]
SQL: SHOW COLUMNS FROM `t_course` [ RunTime:0.0752s ]
SQL: SELECT DISTINCT  `courseID`,`courseName` FROM `t_course`  [ RunTime:0.0003s ]
INFO: [ app_end ] --START--
INFO: Run Behavior\ShowPageTraceBehavior [ RunTime:0.001035s ]
INFO: [ app_end ] --END-- [ RunTime:0.001122s ]

[ 2016-04-29T00:23:13+08:00 ] ::1 /eduresPro/index.php/Home/Index/images/video.mp4
ERR: 非法操作:images

[ 2016-04-29T00:31:21+08:00 ] ::1 /eduresPro/index.php/Home/Index/images/video.mp4
ERR: 非法操作:images

[ 2016-04-29T00:31:21+08:00 ] ::1 /eduresPro/index.php/Home/Index/getCourseName
INFO: [ app_begin ] --START--
INFO: Run Behavior\ReadHtmlCacheBehavior [ RunTime:0.000399s ]
INFO: [ app_begin ] --END-- [ RunTime:0.000694s ]
SQL: SHOW COLUMNS FROM `t_course` [ RunTime:0.0305s ]
SQL: SELECT DISTINCT  `courseID`,`courseName` FROM `t_course`  [ RunTime:0.0003s ]
INFO: [ app_end ] --START--
INFO: Run Behavior\ShowPageTraceBehavior [ RunTime:0.000680s ]
INFO: [ app_end ] --END-- [ RunTime:0.000727s ]

[ 2016-04-29T00:31:21+08:00 ] ::1 /eduresPro/index.php/Home/Index/images/video.mp4
ERR: 非法操作:images

[ 2016-04-29T00:31:47+08:00 ] ::1 /eduresPro/index.php/Home/Index/images/video.mp4
ERR: 非法操作:images

[ 2016-04-29T00:31:47+08:00 ] ::1 /eduresPro/index.php/Home/Index/getCourseName
INFO: [ app_begin ] --START--
INFO: Run Behavior\ReadHtmlCacheBehavior [ RunTime:0.000391s ]
INFO: [ app_begin ] --END-- [ RunTime:0.000717s ]
SQL: SHOW COLUMNS FROM `t_course` [ RunTime:0.0097s ]
SQL: SELECT DISTINCT  `courseID`,`courseName` FROM `t_course`  [ RunTime:0.0003s ]
INFO: [ app_end ] --START--
INFO: Run Behavior\ShowPageTraceBehavior [ RunTime:0.000958s ]
INFO: [ app_end ] --END-- [ RunTime:0.001069s ]

[ 2016-04-29T00:31:47+08:00 ] ::1 /eduresPro/index.php/Home/Index/images/video.mp4
ERR: 非法操作:images

[ 2016-04-29T00:43:34+08:00 ] ::1 /eduresPro/index.php/Home/Index/images/video.mp4
ERR: 非法操作:images

[ 2016-04-29T00:43:34+08:00 ] ::1 /eduresPro/index.php/Home/Index/getCourseName
INFO: [ app_begin ] --START--
INFO: Run Behavior\ReadHtmlCacheBehavior [ RunTime:0.000560s ]
INFO: [ app_begin ] --END-- [ RunTime:0.000869s ]
SQL: SHOW COLUMNS FROM `t_course` [ RunTime:0.0190s ]
SQL: SELECT DISTINCT  `courseID`,`courseName` FROM `t_course`  [ RunTime:0.0003s ]
INFO: [ app_end ] --START--
INFO: Run Behavior\ShowPageTraceBehavior [ RunTime:0.000731s ]
INFO: [ app_end ] --END-- [ RunTime:0.000780s ]

[ 2016-04-29T00:43:34+08:00 ] ::1 /eduresPro/index.php/Home/Index/images/video.mp4
ERR: 非法操作:images

[ 2016-04-29T21:33:08+08:00 ] ::1 /eduresPro/index.php/Home/Index/images/video.mp4
ERR: 非法操作:images

[ 2016-04-29T21:33:09+08:00 ] ::1 /eduresPro/index.php/Home/Index/getCourseName
INFO: [ app_begin ] --START--
INFO: Run Behavior\ReadHtmlCacheBehavior [ RunTime:0.000565s ]
INFO: [ app_begin ] --END-- [ RunTime:0.000888s ]
SQL: SHOW COLUMNS FROM `t_course` [ RunTime:0.1238s ]
SQL: SELECT DISTINCT  `courseID`,`courseName` FROM `t_course`  [ RunTime:0.0003s ]
INFO: [ app_end ] --START--
INFO: Run Behavior\ShowPageTraceBehavior [ RunTime:0.000652s ]
INFO: [ app_end ] --END-- [ RunTime:0.000731s ]

[ 2016-04-29T21:33:09+08:00 ] ::1 /eduresPro/index.php/Home/Index/images/video.mp4
ERR: 非法操作:images

[ 2016-04-29T21:36:53+08:00 ] ::1 /eduresPro/index.php/Home/Index/images/video.mp4
ERR: 非法操作:images

[ 2016-04-29T21:36:53+08:00 ] ::1 /eduresPro/index.php/Home/Index/getCourseName
INFO: [ app_begin ] --START--
INFO: Run Behavior\ReadHtmlCacheBehavior [ RunTime:0.000405s ]
INFO: [ app_begin ] --END-- [ RunTime:0.000757s ]
SQL: SHOW COLUMNS FROM `t_course` [ RunTime:0.0072s ]
SQL: SELECT DISTINCT  `courseID`,`courseName` FROM `t_course`  [ RunTime:0.0003s ]
INFO: [ app_end ] --START--
INFO: Run Behavior\ShowPageTraceBehavior [ RunTime:0.000651s ]
INFO: [ app_end ] --END-- [ RunTime:0.000694s ]

[ 2016-04-29T21:36:54+08:00 ] ::1 /eduresPro/index.php/Home/Index/images/video.mp4
ERR: 非法操作:images

[ 2016-04-29T21:36:55+08:00 ] ::1 /eduresPro/index.php/Home/Index/images/video.mp4
ERR: 非法操作:images

[ 2016-04-29T21:36:55+08:00 ] ::1 /eduresPro/index.php/Home/Index/getCourseName
INFO: [ app_begin ] --START--
INFO: Run Behavior\ReadHtmlCacheBehavior [ RunTime:0.000402s ]
INFO: [ app_begin ] --END-- [ RunTime:0.000703s ]
SQL: SHOW COLUMNS FROM `t_course` [ RunTime:0.0082s ]
SQL: SELECT DISTINCT  `courseID`,`courseName` FROM `t_course`  [ RunTime:0.0002s ]
INFO: [ app_end ] --START--
INFO: Run Behavior\ShowPageTraceBehavior [ RunTime:0.000726s ]
INFO: [ app_end ] --END-- [ RunTime:0.000767s ]

[ 2016-04-29T21:36:55+08:00 ] ::1 /eduresPro/index.php/Home/Index/images/video.mp4
ERR: 非法操作:images

[ 2016-04-29T21:41:39+08:00 ] ::1 /eduresPro/index.php/Home/Index/images/video.mp4
ERR: 非法操作:images

[ 2016-04-29T21:41:40+08:00 ] ::1 /eduresPro/index.php/Home/Index/getCourseName
INFO: [ app_begin ] --START--
INFO: Run Behavior\ReadHtmlCacheBehavior [ RunTime:0.000666s ]
INFO: [ app_begin ] --END-- [ RunTime:0.001022s ]
SQL: SHOW COLUMNS FROM `t_course` [ RunTime:0.0103s ]
SQL: SELECT DISTINCT  `courseID`,`courseName` FROM `t_course`  [ RunTime:0.0002s ]
INFO: [ app_end ] --START--
INFO: Run Behavior\ShowPageTraceBehavior [ RunTime:0.000824s ]
INFO: [ app_end ] --END-- [ RunTime:0.000869s ]

[ 2016-04-29T21:41:40+08:00 ] ::1 /eduresPro/index.php/Home/Index/images/video.mp4
ERR: 非法操作:images

[ 2016-04-29T21:42:07+08:00 ] ::1 /eduresPro/index.php/Home/Index/images/video.mp4
ERR: 非法操作:images

[ 2016-04-29T21:42:07+08:00 ] ::1 /eduresPro/index.php/Home/Index/getCourseName
INFO: [ app_begin ] --START--
INFO: Run Behavior\ReadHtmlCacheBehavior [ RunTime:0.000436s ]
INFO: [ app_begin ] --END-- [ RunTime:0.000773s ]
SQL: SHOW COLUMNS FROM `t_course` [ RunTime:0.0080s ]
SQL: SELECT DISTINCT  `courseID`,`courseName` FROM `t_course`  [ RunTime:0.0006s ]
INFO: [ app_end ] --START--
INFO: Run Behavior\ShowPageTraceBehavior [ RunTime:0.000689s ]
INFO: [ app_end ] --END-- [ RunTime:0.000738s ]

[ 2016-04-29T21:42:08+08:00 ] ::1 /eduresPro/index.php/Home/Index/images/video.mp4
ERR: 非法操作:images

[ 2016-04-29T21:42:20+08:00 ] ::1 /eduresPro/index.php/Home/Index/addCourseResource
ERR: 1146:Table 'edu_res_management.t_resuorce' doesn't exist
 [ SQL语句 ] : SHOW COLUMNS FROM `t_resuorce`

[ 2016-04-29T21:55:05+08:00 ] ::1 /eduresPro/index.php/Home/Index/images/video.mp4
ERR: 非法操作:images

[ 2016-04-29T21:55:05+08:00 ] ::1 /eduresPro/index.php/Home/Index/getCourseName
INFO: [ app_begin ] --START--
INFO: Run Behavior\ReadHtmlCacheBehavior [ RunTime:0.000492s ]
INFO: [ app_begin ] --END-- [ RunTime:0.000977s ]
SQL: SHOW COLUMNS FROM `t_course` [ RunTime:0.0326s ]
SQL: SELECT DISTINCT  `courseID`,`courseName` FROM `t_course`  [ RunTime:0.0003s ]
INFO: [ app_end ] --START--
INFO: Run Behavior\ShowPageTraceBehavior [ RunTime:0.000723s ]
INFO: [ app_end ] --END-- [ RunTime:0.000778s ]

[ 2016-04-29T21:55:06+08:00 ] ::1 /eduresPro/index.php/Home/Index/images/video.mp4
ERR: 非法操作:images

[ 2016-04-29T21:55:16+08:00 ] ::1 /eduresPro/index.php/Home/Index/addCourseResource
ERR: 1146:Table 'edu_res_management.t_resuorce' doesn't exist
 [ SQL语句 ] : SHOW COLUMNS FROM `t_resuorce`

[ 2016-04-29T22:02:14+08:00 ] ::1 /eduresPro/index.php/Home/Index/images/video.mp4
ERR: 非法操作:images

[ 2016-04-29T22:02:14+08:00 ] ::1 /eduresPro/index.php/Home/Index/getCourseName
INFO: [ app_begin ] --START--
INFO: Run Behavior\ReadHtmlCacheBehavior [ RunTime:0.000424s ]
INFO: [ app_begin ] --END-- [ RunTime:0.000763s ]
SQL: SHOW COLUMNS FROM `t_course` [ RunTime:0.0106s ]
SQL: SELECT DISTINCT  `courseID`,`courseName` FROM `t_course`  [ RunTime:0.0003s ]
INFO: [ app_end ] --START--
INFO: Run Behavior\ShowPageTraceBehavior [ RunTime:0.000680s ]
INFO: [ app_end ] --END-- [ RunTime:0.000730s ]

[ 2016-04-29T22:02:14+08:00 ] ::1 /eduresPro/index.php/Home/Index/images/video.mp4
ERR: 非法操作:images

[ 2016-04-29T22:26:50+08:00 ] ::1 /eduresPro/index.php/Home/Index/images/video.mp4
ERR: 非法操作:images

[ 2016-04-29T22:26:51+08:00 ] ::1 /eduresPro/index.php/Home/Index/getCourseName
INFO: [ app_begin ] --START--
INFO: Run Behavior\ReadHtmlCacheBehavior [ RunTime:0.000565s ]
INFO: [ app_begin ] --END-- [ RunTime:0.001041s ]
SQL: SHOW COLUMNS FROM `t_course` [ RunTime:0.0096s ]
SQL: SELECT DISTINCT  `courseID`,`courseName` FROM `t_course`  [ RunTime:0.0003s ]
INFO: [ app_end ] --START--
INFO: Run Behavior\ShowPageTraceBehavior [ RunTime:0.000984s ]
INFO: [ app_end ] --END-- [ RunTime:0.001042s ]

[ 2016-04-29T22:26:51+08:00 ] ::1 /eduresPro/index.php/Home/Index/images/video.mp4
ERR: 非法操作:images

[ 2016-04-29T22:27:02+08:00 ] ::1 /eduresPro/index.php/Home/Index/addCourseResource
ERR: 1048:Column 'courseID' cannot be null
 [ SQL语句 ] : INSERT INTO `t_resource` (`courseID`,`userID`,`Type`,`Status`,`Time`,`Path`,`md5`) VALUES (NULL,'2',NULL,'2','2016-04-29 22:27:02','57236f363dece.caj','2bb3ec59ce0edb408158a0aa20e82f7f')

[ 2016-04-29T22:34:28+08:00 ] ::1 /eduresPro/index.php/Home/Index/images/video.mp4
ERR: 非法操作:images

[ 2016-04-29T22:34:29+08:00 ] ::1 /eduresPro/index.php/Home/Index/getCourseName
INFO: [ app_begin ] --START--
INFO: Run Behavior\ReadHtmlCacheBehavior [ RunTime:0.000953s ]
INFO: [ app_begin ] --END-- [ RunTime:0.001494s ]
SQL: SHOW COLUMNS FROM `t_course` [ RunTime:0.0102s ]
SQL: SELECT DISTINCT  `courseID`,`courseName` FROM `t_course`  [ RunTime:0.0002s ]
INFO: [ app_end ] --START--
INFO: Run Behavior\ShowPageTraceBehavior [ RunTime:0.000912s ]
INFO: [ app_end ] --END-- [ RunTime:0.000974s ]

[ 2016-04-29T22:34:29+08:00 ] ::1 /eduresPro/index.php/Home/Index/images/video.mp4
ERR: 非法操作:images

[ 2016-04-29T22:34:38+08:00 ] ::1 /eduresPro/index.php/Home/Index/addCourseResource
ERR: 1048:Column 'courseID' cannot be null
 [ SQL语句 ] : INSERT INTO `t_resource` (`courseID`,`userID`,`Type`,`Status`,`Time`,`Path`,`md5`) VALUES (NULL,'2',NULL,'2','2016-04-29 22:34:38','572370fe8fd5e.caj','c4d0c916e990bea3d41f1b5a69627ba5')

[ 2016-04-29T22:37:53+08:00 ] ::1 /eduresPro/index.php/Home/Index/images/video.mp4
ERR: 非法操作:images

[ 2016-04-29T22:37:53+08:00 ] ::1 /eduresPro/index.php/Home/Index/getCourseName
INFO: [ app_begin ] --START--
INFO: Run Behavior\ReadHtmlCacheBehavior [ RunTime:0.001103s ]
INFO: [ app_begin ] --END-- [ RunTime:0.001585s ]
SQL: SHOW COLUMNS FROM `t_course` [ RunTime:0.1306s ]
SQL: SELECT DISTINCT  `courseID`,`courseName` FROM `t_course`  [ RunTime:0.0003s ]
INFO: [ app_end ] --START--
INFO: Run Behavior\ShowPageTraceBehavior [ RunTime:0.000796s ]
INFO: [ app_end ] --END-- [ RunTime:0.000839s ]

[ 2016-04-29T22:37:53+08:00 ] ::1 /eduresPro/index.php/Home/Index/images/video.mp4
ERR: 非法操作:images

[ 2016-04-29T22:38:02+08:00 ] ::1 /eduresPro/index.php/Home/Index/addCourseResource
ERR: 1048:Column 'courseID' cannot be null
 [ SQL语句 ] : INSERT INTO `t_resource` (`courseID`,`userID`,`Type`,`Status`,`Time`,`Path`,`md5`) VALUES (NULL,'2',NULL,'2','2016-04-29 22:38:02','572371ca033c1.caj','299c69370ffd6b7cd0a2bd780c1f35eb')

[ 2016-04-29T22:39:42+08:00 ] ::1 /eduresPro/index.php/Home/Index/images/video.mp4
ERR: 非法操作:images

[ 2016-04-29T22:39:42+08:00 ] ::1 /eduresPro/index.php/Home/Index/getCourseName
INFO: [ app_begin ] --START--
INFO: Run Behavior\ReadHtmlCacheBehavior [ RunTime:0.000573s ]
INFO: [ app_begin ] --END-- [ RunTime:0.000947s ]
SQL: SHOW COLUMNS FROM `t_course` [ RunTime:0.0080s ]
SQL: SELECT DISTINCT  `courseID`,`courseName` FROM `t_course`  [ RunTime:0.0002s ]
INFO: [ app_end ] --START--
INFO: Run Behavior\ShowPageTraceBehavior [ RunTime:0.000755s ]
INFO: [ app_end ] --END-- [ RunTime:0.000799s ]

[ 2016-04-29T22:39:43+08:00 ] ::1 /eduresPro/index.php/Home/Index/images/video.mp4
ERR: 非法操作:images

[ 2016-04-29T22:46:32+08:00 ] ::1 /eduresPro/index.php/Home/Index/images/video.mp4
ERR: 非法操作:images

[ 2016-04-29T22:46:32+08:00 ] ::1 /eduresPro/index.php/Home/Index/getCourseName
INFO: [ app_begin ] --START--
INFO: Run Behavior\ReadHtmlCacheBehavior [ RunTime:0.000567s ]
INFO: [ app_begin ] --END-- [ RunTime:0.000945s ]
SQL: SHOW COLUMNS FROM `t_course` [ RunTime:0.0112s ]
SQL: SELECT DISTINCT  `courseID`,`courseName` FROM `t_course`  [ RunTime:0.0003s ]
INFO: [ app_end ] --START--
INFO: Run Behavior\ShowPageTraceBehavior [ RunTime:0.000887s ]
INFO: [ app_end ] --END-- [ RunTime:0.000949s ]

[ 2016-04-29T22:46:32+08:00 ] ::1 /eduresPro/index.php/Home/Index/images/video.mp4
ERR: 非法操作:images

[ 2016-04-29T22:46:47+08:00 ] ::1 /eduresPro/index.php/Home/Index/addCourseResource
ERR: 1048:Column 'courseID' cannot be null
 [ SQL语句 ] : INSERT INTO `t_resource` (`courseID`,`userID`,`Type`,`Status`,`Time`,`Path`,`md5`) VALUES (NULL,'2',NULL,'2','2016-04-29 22:46:47','572373d7dbc53.caj','c4d0c916e990bea3d41f1b5a69627ba5')

[ 2016-04-29T22:49:10+08:00 ] ::1 /eduresPro/index.php/Home/Index/images/video.mp4
ERR: 非法操作:images

[ 2016-04-29T22:49:10+08:00 ] ::1 /eduresPro/index.php/Home/Index/getCourseName
INFO: [ app_begin ] --START--
INFO: Run Behavior\ReadHtmlCacheBehavior [ RunTime:0.001156s ]
INFO: [ app_begin ] --END-- [ RunTime:0.001710s ]
SQL: SHOW COLUMNS FROM `t_course` [ RunTime:0.0073s ]
SQL: SELECT DISTINCT  `courseID`,`courseName` FROM `t_course`  [ RunTime:0.0002s ]
INFO: [ app_end ] --START--
INFO: Run Behavior\ShowPageTraceBehavior [ RunTime:0.000841s ]
INFO: [ app_end ] --END-- [ RunTime:0.000924s ]

[ 2016-04-29T22:49:11+08:00 ] ::1 /eduresPro/index.php/Home/Index/images/video.mp4
ERR: 非法操作:images

[ 2016-04-29T22:49:17+08:00 ] ::1 /eduresPro/index.php/Home/Index/addCourseResource
ERR: 1048:Column 'courseID' cannot be null
 [ SQL语句 ] : INSERT INTO `t_resource` (`courseID`,`userID`,`Type`,`Status`,`Time`,`Path`,`md5`) VALUES (NULL,'2',NULL,'2','2016-04-29 22:49:17','5723746d37119.caj','a9d0607eb902b6f24957eca5d65c667e')

[ 2016-04-29T22:49:17+08:00 ] ::1 /eduresPro/index.php/Home/Index/addCourseResource
ERR: 1048:Column 'courseID' cannot be null
 [ SQL语句 ] : INSERT INTO `t_resource` (`courseID`,`userID`,`Type`,`Status`,`Time`,`Path`,`md5`) VALUES (NULL,'2','媒体素材','2','2016-04-29 22:49:17','5723746d4eb8a.caj','a9d0607eb902b6f24957eca5d65c667e')

[ 2016-04-29T22:50:20+08:00 ] ::1 /eduresPro/index.php/Home/Index/images/video.mp4
ERR: 非法操作:images

[ 2016-04-29T22:50:20+08:00 ] ::1 /eduresPro/index.php/Home/Index/getCourseName
INFO: [ app_begin ] --START--
INFO: Run Behavior\ReadHtmlCacheBehavior [ RunTime:0.000635s ]
INFO: [ app_begin ] --END-- [ RunTime:0.001028s ]
SQL: SHOW COLUMNS FROM `t_course` [ RunTime:0.0135s ]
SQL: SELECT DISTINCT  `courseID`,`courseName` FROM `t_course`  [ RunTime:0.0003s ]
INFO: [ app_end ] --START--
INFO: Run Behavior\ShowPageTraceBehavior [ RunTime:0.001000s ]
INFO: [ app_end ] --END-- [ RunTime:0.001063s ]

[ 2016-04-29T22:50:20+08:00 ] ::1 /eduresPro/index.php/Home/Index/images/video.mp4
ERR: 非法操作:images

[ 2016-04-29T22:50:24+08:00 ] ::1 /eduresPro/index.php/Home/Index/images/video.mp4
ERR: 非法操作:images

[ 2016-04-29T22:50:24+08:00 ] ::1 /eduresPro/index.php/Home/Index/getCourseName
INFO: [ app_begin ] --START--
INFO: Run Behavior\ReadHtmlCacheBehavior [ RunTime:0.000608s ]
INFO: [ app_begin ] --END-- [ RunTime:0.000946s ]
SQL: SHOW COLUMNS FROM `t_course` [ RunTime:0.0108s ]
SQL: SELECT DISTINCT  `courseID`,`courseName` FROM `t_course`  [ RunTime:0.0003s ]
INFO: [ app_end ] --START--
INFO: Run Behavior\ShowPageTraceBehavior [ RunTime:0.000783s ]
INFO: [ app_end ] --END-- [ RunTime:0.000827s ]

[ 2016-04-29T22:50:24+08:00 ] ::1 /eduresPro/index.php/Home/Index/images/video.mp4
ERR: 非法操作:images

[ 2016-04-29T22:51:25+08:00 ] ::1 /eduresPro/index.php/Home/Index/addCourseResource
ERR: 1048:Column 'Type' cannot be null
 [ SQL语句 ] : INSERT INTO `t_resource` (`courseID`,`userID`,`Type`,`Status`,`Time`,`Path`,`md5`) VALUES ('1','2',NULL,'2','2016-04-29 22:51:25','572374edba5dd.caj','995bb7a367084b6968a26e0e959ca93f')

[ 2016-04-29T23:05:38+08:00 ] ::1 /eduresPro/index.php/Home/Index/images/video.mp4
ERR: 非法操作:images

[ 2016-04-29T23:05:38+08:00 ] ::1 /eduresPro/index.php/Home/Index/getCourseName
INFO: [ app_begin ] --START--
INFO: Run Behavior\ReadHtmlCacheBehavior [ RunTime:0.000981s ]
INFO: [ app_begin ] --END-- [ RunTime:0.001585s ]
SQL: SHOW COLUMNS FROM `t_course` [ RunTime:0.0249s ]
SQL: SELECT DISTINCT  `courseID`,`courseName` FROM `t_course`  [ RunTime:0.0003s ]
INFO: [ app_end ] --START--
INFO: Run Behavior\ShowPageTraceBehavior [ RunTime:0.000820s ]
INFO: [ app_end ] --END-- [ RunTime:0.000867s ]

[ 2016-04-29T23:05:38+08:00 ] ::1 /eduresPro/index.php/Home/Index/images/video.mp4
ERR: 非法操作:images

[ 2016-04-29T23:12:46+08:00 ] ::1 /eduresPro/index.php/Home/Index/images/video.mp4
ERR: 非法操作:images

[ 2016-04-29T23:12:46+08:00 ] ::1 /eduresPro/index.php/Home/Index/getCourseName
INFO: [ app_begin ] --START--
INFO: Run Behavior\ReadHtmlCacheBehavior [ RunTime:0.000908s ]
INFO: [ app_begin ] --END-- [ RunTime:0.001275s ]
SQL: SHOW COLUMNS FROM `t_course` [ RunTime:0.0099s ]
SQL: SELECT DISTINCT  `courseID`,`courseName` FROM `t_course`  [ RunTime:0.0003s ]
INFO: [ app_end ] --START--
INFO: Run Behavior\ShowPageTraceBehavior [ RunTime:0.000898s ]
INFO: [ app_end ] --END-- [ RunTime:0.000942s ]

[ 2016-04-29T23:12:46+08:00 ] ::1 /eduresPro/index.php/Home/Index/images/video.mp4
ERR: 非法操作:images

[ 2016-04-29T23:13:25+08:00 ] ::1 /eduresPro/index.php/Home/Index/images/video.mp4
ERR: 非法操作:images

[ 2016-04-29T23:13:25+08:00 ] ::1 /eduresPro/index.php/Home/Index/getCourseName
INFO: [ app_begin ] --START--
INFO: Run Behavior\ReadHtmlCacheBehavior [ RunTime:0.001055s ]
INFO: [ app_begin ] --END-- [ RunTime:0.001699s ]
SQL: SHOW COLUMNS FROM `t_course` [ RunTime:0.0316s ]
SQL: SELECT DISTINCT  `courseID`,`courseName` FROM `t_course`  [ RunTime:0.0003s ]
INFO: [ app_end ] --START--
INFO: Run Behavior\ShowPageTraceBehavior [ RunTime:0.000729s ]
INFO: [ app_end ] --END-- [ RunTime:0.000772s ]

[ 2016-04-29T23:13:25+08:00 ] ::1 /eduresPro/index.php/Home/Index/images/video.mp4
ERR: 非法操作:images

[ 2016-04-29T23:15:13+08:00 ] ::1 /eduresPro/index.php/Home/Index/images/video.mp4
ERR: 非法操作:images

[ 2016-04-29T23:15:13+08:00 ] ::1 /eduresPro/index.php/Home/Index/getCourseName
INFO: [ app_begin ] --START--
INFO: Run Behavior\ReadHtmlCacheBehavior [ RunTime:0.000956s ]
INFO: [ app_begin ] --END-- [ RunTime:0.001499s ]
SQL: SHOW COLUMNS FROM `t_course` [ RunTime:0.0124s ]
SQL: SELECT DISTINCT  `courseID`,`courseName` FROM `t_course`  [ RunTime:0.0003s ]
INFO: [ app_end ] --START--
INFO: Run Behavior\ShowPageTraceBehavior [ RunTime:0.001101s ]
INFO: [ app_end ] --END-- [ RunTime:0.001173s ]

[ 2016-04-29T23:15:13+08:00 ] ::1 /eduresPro/index.php/Home/Index/images/video.mp4
ERR: 非法操作:images

[ 2016-04-29T23:15:15+08:00 ] ::1 /eduresPro/index.php/Home/Index/images/video.mp4
ERR: 非法操作:images

[ 2016-04-29T23:15:15+08:00 ] ::1 /eduresPro/index.php/Home/Index/getCourseName
INFO: [ app_begin ] --START--
INFO: Run Behavior\ReadHtmlCacheBehavior [ RunTime:0.000993s ]
INFO: [ app_begin ] --END-- [ RunTime:0.001544s ]
SQL: SHOW COLUMNS FROM `t_course` [ RunTime:0.0101s ]
SQL: SELECT DISTINCT  `courseID`,`courseName` FROM `t_course`  [ RunTime:0.0002s ]
INFO: [ app_end ] --START--
INFO: Run Behavior\ShowPageTraceBehavior [ RunTime:0.000824s ]
INFO: [ app_end ] --END-- [ RunTime:0.000869s ]

[ 2016-04-29T23:15:15+08:00 ] ::1 /eduresPro/index.php/Home/Index/images/video.mp4
ERR: 非法操作:images

